================================================================
== Design Size Report
================================================================

* Total Instructions per Compilation Phase
+---------------+-----------------------------+--------------+----------------------------------------------------------------------------------------+
| Phase         | Step                        | Instructions | Description                                                                            |
+---------------+-----------------------------+--------------+----------------------------------------------------------------------------------------+
| Compile/Link  |                             |   141        | After all functions are compiled and linked into a single design                       |
|               |                             |              |                                                                                        |
| Unroll/Inline |                             |              | After user unroll and inline pragmas are applied                                       |
|               | (1) unroll                  | 1,931        | user unroll pragmas are applied                                                        |
|               | (2) simplification          | 1,918        | simplification of applied user unroll pragmas                                          |
|               | (3) inline                  | 1,916        | user inline pragmas are applied                                                        |
|               | (4) simplification          | 1,916        | simplification of applied user inline pragmas                                          |
|               |                             |              |                                                                                        |
| Array/Struct  |                             |              | After user array partition and struct aggregate/disaggregate pragmas are applied       |
|               | (1) array partition         | 1,916        | user array partition pragmas are applied                                               |
|               | (2) simplification          | 1,916        | simplification of applied user array partition & struct aggregate/disaggregate pragmas |
|               | (3) aggregate/disaggregate  | 1,916        | user struct aggregate/disaggregate pragmas are applied                                 |
|               | (4) array reshape           | 1,916        | apply array reshape pragmas                                                            |
|               | (5) access patterns         | 1,916        | array access pattern optmizations                                                      |
|               |                             |              |                                                                                        |
| Performance   |                             |              | After transformations are applied to meet performance pragma targets                   |
|               | (1) loop simplification     | 1,916        | loop and instruction simplification                                                    |
|               | (2) parallelization         | 1,316        | loops are unrolled or pipelined to meet performance targets                            |
|               | (3) array partition         |   714        | arrays are partitioned to meet performance targets                                     |
|               | (4) simplification          |   714        | simplification of design after performance transformations                             |
|               |                             |              |                                                                                        |
| HW Transforms |                             |              | After hardware transfomations                                                          |
|               | (1) lowering                |   747        | initial conversion to HW specific instructions                                         |
|               | (2) optimizations           | 1,157        | high level synthesis optimizations                                                     |
+---------------+-----------------------------+--------------+----------------------------------------------------------------------------------------+

* Instructions per Function for each Compilation Phase
+----------------------+----------------------+---------------+------------------+------------------+-------------+---------------+
| Function             | Location             | Compile/Link  | Unroll/Inline    | Array/Struct     | Performance | HW Transforms |
+----------------------+----------------------+---------------+------------------+------------------+-------------+---------------+
| + match_template     | match_template.cpp:3 | 141           | 1,916            | 1,916            | 714         | 1,157         |
|    read<2, nullptr>  | xf_structs.hpp:541   |  20 (2 calls) |  600 (200 calls) |  600 (200 calls) |             |               |
|    write<2, nullptr> | xf_structs.hpp:552   |   8           |                  |                  |             |               |
+----------------------+----------------------+---------------+------------------+------------------+-------------+---------------+

* Design Size Message Settings
+---------------------------------------------+--------+------------------------------------------------------------------+
| Message Setting                             | Value  | Description                                                      |
+---------------------------------------------+--------+------------------------------------------------------------------+
| config_compile -design_size_maximum_warning | 100000 | Show a warning when total design instructions exceeds this value |
+---------------------------------------------+--------+------------------------------------------------------------------+


