In file included from src/match_template.cpp:1:
In file included from src/match_template.hpp:4:
In file included from /tools/Xilinx/Vitis/2024.2/Vitis_Libraries/vision/L1/include/common/xf_common.hpp:20:
In file included from /tools/Xilinx/Vitis/2024.2/Vitis_Libraries/vision/L1/include/common/xf_structs.hpp:27:
/tools/Xilinx/Vitis/2024.2/common/technology/autopilot/ap_axi_sdata.h:38:23: warning: variable templates are a C++14 extension [-Wc++14-extensions]
constexpr std::size_t bitwidth = sizeof(T) * 8;
                      ^
/tools/Xilinx/Vitis/2024.2/common/technology/autopilot/ap_axi_sdata.h:54:23: warning: variable templates are a C++14 extension [-Wc++14-extensions]
constexpr std::size_t bytewidth = (bitwidth<T> + 8 - 1) / 8;
                      ^
In file included from src/match_template.cpp:1:
In file included from src/match_template.hpp:4:
In file included from /tools/Xilinx/Vitis/2024.2/Vitis_Libraries/vision/L1/include/common/xf_common.hpp:20:
/tools/Xilinx/Vitis/2024.2/Vitis_Libraries/vision/L1/include/common/xf_structs.hpp:245:9: warning: HLS pragma dump _XLX_SEP_ PragmaIsValid=1_XLX_SEP_ PragmaType=inline_XLX_SEP_ PragmaContext=_XLX_SEP_ PragmaFunction=Scalar<N, T>_XLX_SEP_ PragmaOptions=_XLX_SEP_ [-Wdump-hls-pragmas]
#pragma HLS INLINE
        ^
/tools/Xilinx/Vitis/2024.2/Vitis_Libraries/vision/L1/include/common/xf_structs.hpp:246:9: warning: HLS pragma dump _XLX_SEP_ PragmaIsValid=1_XLX_SEP_ PragmaType=array_partition_XLX_SEP_ PragmaContext=_XLX_SEP_ PragmaFunction=Scalar<N, T>_XLX_SEP_ PragmaOptions=variable=val dim=1 complete_XLX_SEP_ [-Wdump-hls-pragmas]
#pragma HLS ARRAY_PARTITION variable=val dim=1 complete
        ^
/tools/Xilinx/Vitis/2024.2/Vitis_Libraries/vision/L1/include/common/xf_structs.hpp:252:9: warning: HLS pragma dump _XLX_SEP_ PragmaIsValid=1_XLX_SEP_ PragmaType=inline_XLX_SEP_ PragmaContext=_XLX_SEP_ PragmaFunction=Scalar<N, T>_XLX_SEP_ PragmaOptions=_XLX_SEP_ [-Wdump-hls-pragmas]
#pragma HLS INLINE
        ^
/tools/Xilinx/Vitis/2024.2/Vitis_Libraries/vision/L1/include/common/xf_structs.hpp:253:9: warning: HLS pragma dump _XLX_SEP_ PragmaIsValid=1_XLX_SEP_ PragmaType=array_partition_XLX_SEP_ PragmaContext=_XLX_SEP_ PragmaFunction=Scalar<N, T>_XLX_SEP_ PragmaOptions=variable=val dim=1 complete_XLX_SEP_ [-Wdump-hls-pragmas]
#pragma HLS ARRAY_PARTITION variable=val dim=1 complete
        ^
/tools/Xilinx/Vitis/2024.2/Vitis_Libraries/vision/L1/include/common/xf_structs.hpp:260:9: warning: HLS pragma dump _XLX_SEP_ PragmaIsValid=1_XLX_SEP_ PragmaType=array_partition_XLX_SEP_ PragmaContext=_XLX_SEP_ PragmaFunction=Scalar<N, T>_XLX_SEP_ PragmaOptions=variable=val dim=1 complete_XLX_SEP_ [-Wdump-hls-pragmas]
#pragma HLS ARRAY_PARTITION variable=val dim=1 complete
        ^
/tools/Xilinx/Vitis/2024.2/Vitis_Libraries/vision/L1/include/common/xf_structs.hpp:261:9: warning: HLS pragma dump _XLX_SEP_ PragmaIsValid=1_XLX_SEP_ PragmaType=inline_XLX_SEP_ PragmaContext=_XLX_SEP_ PragmaFunction=Scalar<N, T>_XLX_SEP_ PragmaOptions=_XLX_SEP_ [-Wdump-hls-pragmas]
#pragma HLS INLINE
        ^
/tools/Xilinx/Vitis/2024.2/Vitis_Libraries/vision/L1/include/common/xf_structs.hpp:269:9: warning: HLS pragma dump _XLX_SEP_ PragmaIsValid=1_XLX_SEP_ PragmaType=array_partition_XLX_SEP_ PragmaContext=_XLX_SEP_ PragmaFunction=Scalar<N, T>_XLX_SEP_ PragmaOptions=variable=val dim=1 complete_XLX_SEP_ [-Wdump-hls-pragmas]
#pragma HLS ARRAY_PARTITION variable=val dim=1 complete
        ^
/tools/Xilinx/Vitis/2024.2/Vitis_Libraries/vision/L1/include/common/xf_structs.hpp:270:9: warning: HLS pragma dump _XLX_SEP_ PragmaIsValid=1_XLX_SEP_ PragmaType=inline_XLX_SEP_ PragmaContext=_XLX_SEP_ PragmaFunction=Scalar<N, T>_XLX_SEP_ PragmaOptions=_XLX_SEP_ [-Wdump-hls-pragmas]
#pragma HLS INLINE
        ^
/tools/Xilinx/Vitis/2024.2/Vitis_Libraries/vision/L1/include/common/xf_structs.hpp:279:9: warning: HLS pragma dump _XLX_SEP_ PragmaIsValid=1_XLX_SEP_ PragmaType=array_partition_XLX_SEP_ PragmaContext=_XLX_SEP_ PragmaFunction=Scalar<N, T>_XLX_SEP_ PragmaOptions=variable=val dim=1 complete_XLX_SEP_ [-Wdump-hls-pragmas]
#pragma HLS ARRAY_PARTITION variable=val dim=1 complete
        ^
/tools/Xilinx/Vitis/2024.2/Vitis_Libraries/vision/L1/include/common/xf_structs.hpp:280:9: warning: HLS pragma dump _XLX_SEP_ PragmaIsValid=1_XLX_SEP_ PragmaType=inline_XLX_SEP_ PragmaContext=_XLX_SEP_ PragmaFunction=Scalar<N, T>_XLX_SEP_ PragmaOptions=_XLX_SEP_ [-Wdump-hls-pragmas]
#pragma HLS INLINE
        ^
/tools/Xilinx/Vitis/2024.2/Vitis_Libraries/vision/L1/include/common/xf_structs.hpp:305:9: warning: HLS pragma dump _XLX_SEP_ PragmaIsValid=1_XLX_SEP_ PragmaType=inline_XLX_SEP_ PragmaContext=_XLX_SEP_ PragmaFunction=operator=_XLX_SEP_ PragmaOptions=_XLX_SEP_ [-Wdump-hls-pragmas]
#pragma HLS inline
        ^
/tools/Xilinx/Vitis/2024.2/Vitis_Libraries/vision/L1/include/common/xf_structs.hpp:309:9: warning: HLS pragma dump _XLX_SEP_ PragmaIsValid=1_XLX_SEP_ PragmaType=unroll_XLX_SEP_ PragmaContext=_XLX_SEP_ PragmaFunction=operator=_XLX_SEP_ PragmaOptions=_XLX_SEP_ [-Wdump-hls-pragmas]
#pragma HLS unroll
        ^
/tools/Xilinx/Vitis/2024.2/Vitis_Libraries/vision/L1/include/common/xf_structs.hpp:318:9: warning: HLS pragma dump _XLX_SEP_ PragmaIsValid=1_XLX_SEP_ PragmaType=inline_XLX_SEP_ PragmaContext=_XLX_SEP_ PragmaFunction=operator+_XLX_SEP_ PragmaOptions=_XLX_SEP_ [-Wdump-hls-pragmas]
#pragma HLS inline
        ^
/tools/Xilinx/Vitis/2024.2/Vitis_Libraries/vision/L1/include/common/xf_structs.hpp:323:9: warning: HLS pragma dump _XLX_SEP_ PragmaIsValid=1_XLX_SEP_ PragmaType=unroll_XLX_SEP_ PragmaContext=_XLX_SEP_ PragmaFunction=operator+_XLX_SEP_ PragmaOptions=_XLX_SEP_ [-Wdump-hls-pragmas]
#pragma HLS unroll
        ^
/tools/Xilinx/Vitis/2024.2/Vitis_Libraries/vision/L1/include/common/xf_structs.hpp:333:9: warning: HLS pragma dump _XLX_SEP_ PragmaIsValid=1_XLX_SEP_ PragmaType=inline_XLX_SEP_ PragmaContext=_XLX_SEP_ PragmaFunction=operator+_XLX_SEP_ PragmaOptions=_XLX_SEP_ [-Wdump-hls-pragmas]
#pragma HLS inline
        ^
/tools/Xilinx/Vitis/2024.2/Vitis_Libraries/vision/L1/include/common/xf_structs.hpp:338:9: warning: HLS pragma dump _XLX_SEP_ PragmaIsValid=1_XLX_SEP_ PragmaType=unroll_XLX_SEP_ PragmaContext=_XLX_SEP_ PragmaFunction=operator+_XLX_SEP_ PragmaOptions=_XLX_SEP_ [-Wdump-hls-pragmas]
#pragma HLS unroll
        ^
/tools/Xilinx/Vitis/2024.2/Vitis_Libraries/vision/L1/include/common/xf_structs.hpp:348:9: warning: HLS pragma dump _XLX_SEP_ PragmaIsValid=1_XLX_SEP_ PragmaType=inline_XLX_SEP_ PragmaContext=_XLX_SEP_ PragmaFunction=operator-_XLX_SEP_ PragmaOptions=_XLX_SEP_ [-Wdump-hls-pragmas]
#pragma HLS inline
        ^
/tools/Xilinx/Vitis/2024.2/Vitis_Libraries/vision/L1/include/common/xf_structs.hpp:353:9: warning: HLS pragma dump _XLX_SEP_ PragmaIsValid=1_XLX_SEP_ PragmaType=unroll_XLX_SEP_ PragmaContext=_XLX_SEP_ PragmaFunction=operator-_XLX_SEP_ PragmaOptions=_XLX_SEP_ [-Wdump-hls-pragmas]
#pragma HLS unroll
        ^
/tools/Xilinx/Vitis/2024.2/Vitis_Libraries/vision/L1/include/common/xf_structs.hpp:363:9: warning: HLS pragma dump _XLX_SEP_ PragmaIsValid=1_XLX_SEP_ PragmaType=inline_XLX_SEP_ PragmaContext=_XLX_SEP_ PragmaFunction=operator-_XLX_SEP_ PragmaOptions=_XLX_SEP_ [-Wdump-hls-pragmas]
#pragma HLS inline
        ^
/tools/Xilinx/Vitis/2024.2/Vitis_Libraries/vision/L1/include/common/xf_structs.hpp:368:9: warning: HLS pragma dump _XLX_SEP_ PragmaIsValid=1_XLX_SEP_ PragmaType=unroll_XLX_SEP_ PragmaContext=_XLX_SEP_ PragmaFunction=operator-_XLX_SEP_ PragmaOptions=_XLX_SEP_ [-Wdump-hls-pragmas]
#pragma HLS unroll
        ^
/tools/Xilinx/Vitis/2024.2/Vitis_Libraries/vision/L1/include/common/xf_structs.hpp:378:9: warning: HLS pragma dump _XLX_SEP_ PragmaIsValid=1_XLX_SEP_ PragmaType=inline_XLX_SEP_ PragmaContext=_XLX_SEP_ PragmaFunction=operator*_XLX_SEP_ PragmaOptions=_XLX_SEP_ [-Wdump-hls-pragmas]
#pragma HLS inline
        ^
/tools/Xilinx/Vitis/2024.2/Vitis_Libraries/vision/L1/include/common/xf_structs.hpp:383:9: warning: HLS pragma dump _XLX_SEP_ PragmaIsValid=1_XLX_SEP_ PragmaType=unroll_XLX_SEP_ PragmaContext=_XLX_SEP_ PragmaFunction=operator*_XLX_SEP_ PragmaOptions=_XLX_SEP_ [-Wdump-hls-pragmas]
#pragma HLS unroll
        ^
/tools/Xilinx/Vitis/2024.2/Vitis_Libraries/vision/L1/include/common/xf_structs.hpp:393:9: warning: HLS pragma dump _XLX_SEP_ PragmaIsValid=1_XLX_SEP_ PragmaType=inline_XLX_SEP_ PragmaContext=_XLX_SEP_ PragmaFunction=operator*_XLX_SEP_ PragmaOptions=_XLX_SEP_ [-Wdump-hls-pragmas]
#pragma HLS inline
        ^
/tools/Xilinx/Vitis/2024.2/Vitis_Libraries/vision/L1/include/common/xf_structs.hpp:398:9: warning: HLS pragma dump _XLX_SEP_ PragmaIsValid=1_XLX_SEP_ PragmaType=unroll_XLX_SEP_ PragmaContext=_XLX_SEP_ PragmaFunction=operator*_XLX_SEP_ PragmaOptions=_XLX_SEP_ [-Wdump-hls-pragmas]
#pragma HLS unroll
        ^
/tools/Xilinx/Vitis/2024.2/Vitis_Libraries/vision/L1/include/common/xf_structs.hpp:408:9: warning: HLS pragma dump _XLX_SEP_ PragmaIsValid=1_XLX_SEP_ PragmaType=inline_XLX_SEP_ PragmaContext=_XLX_SEP_ PragmaFunction=operator/_XLX_SEP_ PragmaOptions=_XLX_SEP_ [-Wdump-hls-pragmas]
#pragma HLS inline
        ^
/tools/Xilinx/Vitis/2024.2/Vitis_Libraries/vision/L1/include/common/xf_structs.hpp:413:9: warning: HLS pragma dump _XLX_SEP_ PragmaIsValid=1_XLX_SEP_ PragmaType=unroll_XLX_SEP_ PragmaContext=_XLX_SEP_ PragmaFunction=operator/_XLX_SEP_ PragmaOptions=_XLX_SEP_ [-Wdump-hls-pragmas]
#pragma HLS unroll
        ^
/tools/Xilinx/Vitis/2024.2/Vitis_Libraries/vision/L1/include/common/xf_structs.hpp:423:9: warning: HLS pragma dump _XLX_SEP_ PragmaIsValid=1_XLX_SEP_ PragmaType=inline_XLX_SEP_ PragmaContext=_XLX_SEP_ PragmaFunction=operator/_XLX_SEP_ PragmaOptions=_XLX_SEP_ [-Wdump-hls-pragmas]
#pragma HLS inline
        ^
/tools/Xilinx/Vitis/2024.2/Vitis_Libraries/vision/L1/include/common/xf_structs.hpp:428:9: warning: HLS pragma dump _XLX_SEP_ PragmaIsValid=1_XLX_SEP_ PragmaType=unroll_XLX_SEP_ PragmaContext=_XLX_SEP_ PragmaFunction=operator/_XLX_SEP_ PragmaOptions=_XLX_SEP_ [-Wdump-hls-pragmas]
#pragma HLS unroll
        ^
/tools/Xilinx/Vitis/2024.2/Vitis_Libraries/vision/L1/include/common/xf_structs.hpp:517:30: warning: unused parameter 'src' [-Wunused-parameter]
    void copyData(const Mat& src) {
                             ^
/tools/Xilinx/Vitis/2024.2/Vitis_Libraries/vision/L1/include/common/xf_structs.hpp:528:30: warning: unused parameter '_data' [-Wunused-parameter]
    void assignDataPtr(void* _data) {
                             ^
/tools/Xilinx/Vitis/2024.2/Vitis_Libraries/vision/L1/include/common/xf_structs.hpp:541:14: warning: unused parameter 'index' [-Wunused-parameter]
    read(int index) {
             ^
/tools/Xilinx/Vitis/2024.2/Vitis_Libraries/vision/L1/include/common/xf_structs.hpp:552:20: warning: unused parameter 'index' [-Wunused-parameter]
    void write(int index, typename DataType<T, NPC>::name val) {
                   ^
/tools/Xilinx/Vitis/2024.2/Vitis_Libraries/vision/L1/include/common/xf_structs.hpp:584:9: warning: HLS pragma dump _XLX_SEP_ PragmaIsValid=1_XLX_SEP_ PragmaType=inline_XLX_SEP_ PragmaContext=_XLX_SEP_ PragmaFunction=type_XLX_SEP_ PragmaOptions=_XLX_SEP_ [-Wdump-hls-pragmas]
#pragma HLS inline
        ^
/tools/Xilinx/Vitis/2024.2/Vitis_Libraries/vision/L1/include/common/xf_structs.hpp:592:9: warning: HLS pragma dump _XLX_SEP_ PragmaIsValid=1_XLX_SEP_ PragmaType=inline_XLX_SEP_ PragmaContext=_XLX_SEP_ PragmaFunction=depth_XLX_SEP_ PragmaOptions=_XLX_SEP_ [-Wdump-hls-pragmas]
#pragma HLS inline
        ^
/tools/Xilinx/Vitis/2024.2/Vitis_Libraries/vision/L1/include/common/xf_structs.hpp:599:9: warning: HLS pragma dump _XLX_SEP_ PragmaIsValid=1_XLX_SEP_ PragmaType=inline_XLX_SEP_ PragmaContext=_XLX_SEP_ PragmaFunction=channels_XLX_SEP_ PragmaOptions=_XLX_SEP_ [-Wdump-hls-pragmas]
#pragma HLS inline
        ^
/tools/Xilinx/Vitis/2024.2/Vitis_Libraries/vision/L1/include/common/xf_structs.hpp:607:9: warning: HLS pragma dump _XLX_SEP_ PragmaIsValid=1_XLX_SEP_ PragmaType=inline_XLX_SEP_ PragmaContext=_XLX_SEP_ PragmaFunction=init_XLX_SEP_ PragmaOptions=_XLX_SEP_ [-Wdump-hls-pragmas]
#pragma HLS inline
        ^
/tools/Xilinx/Vitis/2024.2/Vitis_Libraries/vision/L1/include/common/xf_structs.hpp:654:9: warning: HLS pragma dump _XLX_SEP_ PragmaIsValid=1_XLX_SEP_ PragmaType=inline_XLX_SEP_ PragmaContext=_XLX_SEP_ PragmaFunction=Mat<T, ROWS, COLS, NPC, XFCVDEPTH>_XLX_SEP_ PragmaOptions=_XLX_SEP_ [-Wdump-hls-pragmas]
#pragma HLS inline
        ^
/tools/Xilinx/Vitis/2024.2/Vitis_Libraries/vision/L1/include/common/xf_structs.hpp:663:9: warning: HLS pragma dump _XLX_SEP_ PragmaIsValid=1_XLX_SEP_ PragmaType=inline_XLX_SEP_ PragmaContext=_XLX_SEP_ PragmaFunction=Mat<T, ROWS, COLS, NPC, XFCVDEPTH>_XLX_SEP_ PragmaOptions=_XLX_SEP_ [-Wdump-hls-pragmas]
#pragma HLS inline
        ^
/tools/Xilinx/Vitis/2024.2/Vitis_Libraries/vision/L1/include/common/xf_structs.hpp:672:9: warning: HLS pragma dump _XLX_SEP_ PragmaIsValid=1_XLX_SEP_ PragmaType=inline_XLX_SEP_ PragmaContext=_XLX_SEP_ PragmaFunction=Mat<T, ROWS, COLS, NPC, XFCVDEPTH>_XLX_SEP_ PragmaOptions=_XLX_SEP_ [-Wdump-hls-pragmas]
#pragma HLS inline
        ^
/tools/Xilinx/Vitis/2024.2/Vitis_Libraries/vision/L1/include/common/xf_structs.hpp:681:9: warning: HLS pragma dump _XLX_SEP_ PragmaIsValid=1_XLX_SEP_ PragmaType=inline_XLX_SEP_ PragmaContext=_XLX_SEP_ PragmaFunction=Mat<T, ROWS, COLS, NPC, XFCVDEPTH>_XLX_SEP_ PragmaOptions=_XLX_SEP_ [-Wdump-hls-pragmas]
#pragma HLS inline
        ^
/tools/Xilinx/Vitis/2024.2/Vitis_Libraries/vision/L1/include/common/xf_structs.hpp:708:9: warning: HLS pragma dump _XLX_SEP_ PragmaIsValid=1_XLX_SEP_ PragmaType=inline_XLX_SEP_ PragmaContext=_XLX_SEP_ PragmaFunction=copyTo_XLX_SEP_ PragmaOptions=_XLX_SEP_ [-Wdump-hls-pragmas]
#pragma HLS inline
        ^
/tools/Xilinx/Vitis/2024.2/Vitis_Libraries/vision/L1/include/common/xf_structs.hpp:742:9: warning: HLS pragma dump _XLX_SEP_ PragmaIsValid=1_XLX_SEP_ PragmaType=inline_XLX_SEP_ PragmaContext=_XLX_SEP_ PragmaFunction=copyFrom_XLX_SEP_ PragmaOptions=_XLX_SEP_ [-Wdump-hls-pragmas]
#pragma HLS inline
        ^
/tools/Xilinx/Vitis/2024.2/Vitis_Libraries/vision/L1/include/common/xf_structs.hpp:949:9: warning: HLS pragma dump _XLX_SEP_ PragmaIsValid=1_XLX_SEP_ PragmaType=bind_op_XLX_SEP_ PragmaContext=_XLX_SEP_ PragmaFunction=addrbound_XLX_SEP_ PragmaOptions=variable=mul_rows_cols op=mul impl=dsp latency=2_XLX_SEP_ [-Wdump-hls-pragmas]
#pragma HLS BIND_OP variable=mul_rows_cols op=mul impl=dsp latency=2
        ^
/tools/Xilinx/Vitis/2024.2/Vitis_Libraries/vision/L1/include/common/xf_structs.hpp:984:9: warning: HLS pragma dump _XLX_SEP_ PragmaIsValid=1_XLX_SEP_ PragmaType=loop_tripcount_XLX_SEP_ PragmaContext=_XLX_SEP_ PragmaFunction=Axi2AxiStream_XLX_SEP_ PragmaOptions=min=1 max=ADDRBOUND_XLX_SEP_ [-Wdump-hls-pragmas]
#pragma HLS LOOP_TRIPCOUNT min=1 max=ADDRBOUND
        ^
/tools/Xilinx/Vitis/2024.2/Vitis_Libraries/vision/L1/include/common/xf_structs.hpp:985:9: warning: HLS pragma dump _XLX_SEP_ PragmaIsValid=1_XLX_SEP_ PragmaType=pipeline_XLX_SEP_ PragmaContext=_XLX_SEP_ PragmaFunction=Axi2AxiStream_XLX_SEP_ PragmaOptions=_XLX_SEP_ [-Wdump-hls-pragmas]
#pragma HLS PIPELINE
        ^
/tools/Xilinx/Vitis/2024.2/Vitis_Libraries/vision/L1/include/common/xf_structs.hpp:998:9: warning: HLS pragma dump _XLX_SEP_ PragmaIsValid=1_XLX_SEP_ PragmaType=loop_tripcount_XLX_SEP_ PragmaContext=_XLX_SEP_ PragmaFunction=Axi2AxiStream_XLX_SEP_ PragmaOptions=min=1 max=ADDRBOUND_XLX_SEP_ [-Wdump-hls-pragmas]
#pragma HLS LOOP_TRIPCOUNT min=1 max=ADDRBOUND
        ^
/tools/Xilinx/Vitis/2024.2/Vitis_Libraries/vision/L1/include/common/xf_structs.hpp:999:9: warning: HLS pragma dump _XLX_SEP_ PragmaIsValid=1_XLX_SEP_ PragmaType=pipeline_XLX_SEP_ PragmaContext=_XLX_SEP_ PragmaFunction=Axi2AxiStream_XLX_SEP_ PragmaOptions=_XLX_SEP_ [-Wdump-hls-pragmas]
#pragma HLS PIPELINE
        ^
/tools/Xilinx/Vitis/2024.2/Vitis_Libraries/vision/L1/include/common/xf_structs.hpp:1019:9: warning: HLS pragma dump _XLX_SEP_ PragmaIsValid=1_XLX_SEP_ PragmaType=loop_tripcount_XLX_SEP_ PragmaContext=_XLX_SEP_ PragmaFunction=Axi2AxiStream_XLX_SEP_ PragmaOptions=min=1 max=ROWS_XLX_SEP_ [-Wdump-hls-pragmas]
#pragma HLS LOOP_TRIPCOUNT min=1 max=ROWS
        ^
/tools/Xilinx/Vitis/2024.2/Vitis_Libraries/vision/L1/include/common/xf_structs.hpp:1023:9: warning: HLS pragma dump _XLX_SEP_ PragmaIsValid=1_XLX_SEP_ PragmaType=loop_tripcount_XLX_SEP_ PragmaContext=_XLX_SEP_ PragmaFunction=Axi2AxiStream_XLX_SEP_ PragmaOptions=min=1 max=COLS_ADDRBOUND_XLX_SEP_ [-Wdump-hls-pragmas]
#pragma HLS LOOP_TRIPCOUNT min=1 max=COLS_ADDRBOUND
        ^
/tools/Xilinx/Vitis/2024.2/Vitis_Libraries/vision/L1/include/common/xf_structs.hpp:1024:9: warning: HLS pragma dump _XLX_SEP_ PragmaIsValid=1_XLX_SEP_ PragmaType=pipeline_XLX_SEP_ PragmaContext=_XLX_SEP_ PragmaFunction=Axi2AxiStream_XLX_SEP_ PragmaOptions=II=1_XLX_SEP_ [-Wdump-hls-pragmas]
#pragma HLS PIPELINE II=1
        ^
/tools/Xilinx/Vitis/2024.2/Vitis_Libraries/vision/L1/include/common/xf_structs.hpp:1056:9: warning: HLS pragma dump _XLX_SEP_ PragmaIsValid=1_XLX_SEP_ PragmaType=loop_tripcount_XLX_SEP_ PragmaContext=_XLX_SEP_ PragmaFunction=AxiStream2MatStream_XLX_SEP_ PragmaOptions=min=1 max=LOOPBOUND_XLX_SEP_ [-Wdump-hls-pragmas]
#pragma HLS LOOP_TRIPCOUNT min=1 max=LOOPBOUND
        ^
/tools/Xilinx/Vitis/2024.2/Vitis_Libraries/vision/L1/include/common/xf_structs.hpp:1057:9: warning: HLS pragma dump _XLX_SEP_ PragmaIsValid=1_XLX_SEP_ PragmaType=pipeline_XLX_SEP_ PragmaContext=_XLX_SEP_ PragmaFunction=AxiStream2MatStream_XLX_SEP_ PragmaOptions=_XLX_SEP_ [-Wdump-hls-pragmas]
#pragma HLS PIPELINE
        ^
/tools/Xilinx/Vitis/2024.2/Vitis_Libraries/vision/L1/include/common/xf_structs.hpp:1036:41: warning: unused parameter 'stride' [-Wunused-parameter]
                                    int stride = -1) {
                                        ^
/tools/Xilinx/Vitis/2024.2/Vitis_Libraries/vision/L1/include/common/xf_structs.hpp:1100:9: warning: HLS pragma dump _XLX_SEP_ PragmaIsValid=1_XLX_SEP_ PragmaType=loop_tripcount_XLX_SEP_ PragmaContext=_XLX_SEP_ PragmaFunction=MatStream2Mat_XLX_SEP_ PragmaOptions=min=1 max=LOOPBOUND_XLX_SEP_ [-Wdump-hls-pragmas]
#pragma HLS LOOP_TRIPCOUNT min=1 max=LOOPBOUND
        ^
/tools/Xilinx/Vitis/2024.2/Vitis_Libraries/vision/L1/include/common/xf_structs.hpp:1101:9: warning: HLS pragma dump _XLX_SEP_ PragmaIsValid=1_XLX_SEP_ PragmaType=pipeline_XLX_SEP_ PragmaContext=_XLX_SEP_ PragmaFunction=MatStream2Mat_XLX_SEP_ PragmaOptions=_XLX_SEP_ [-Wdump-hls-pragmas]
#pragma HLS PIPELINE
        ^
/tools/Xilinx/Vitis/2024.2/Vitis_Libraries/vision/L1/include/common/xf_structs.hpp:1113:9: warning: HLS pragma dump _XLX_SEP_ PragmaIsValid=1_XLX_SEP_ PragmaType=dataflow_XLX_SEP_ PragmaContext=_XLX_SEP_ PragmaFunction=AxiStream2Mat_XLX_SEP_ PragmaOptions=_XLX_SEP_ [-Wdump-hls-pragmas]
#pragma HLS DATAFLOW
        ^
/tools/Xilinx/Vitis/2024.2/Vitis_Libraries/vision/L1/include/common/xf_structs.hpp:1126:9: warning: HLS pragma dump _XLX_SEP_ PragmaIsValid=1_XLX_SEP_ PragmaType=dataflow_XLX_SEP_ PragmaContext=_XLX_SEP_ PragmaFunction=AxiStream2Mat_XLX_SEP_ PragmaOptions=_XLX_SEP_ [-Wdump-hls-pragmas]
#pragma HLS DATAFLOW
        ^
/tools/Xilinx/Vitis/2024.2/Vitis_Libraries/vision/L1/include/common/xf_structs.hpp:1141:9: warning: HLS pragma dump _XLX_SEP_ PragmaIsValid=1_XLX_SEP_ PragmaType=dataflow_XLX_SEP_ PragmaContext=_XLX_SEP_ PragmaFunction=Axi2Mat_XLX_SEP_ PragmaOptions=_XLX_SEP_ [-Wdump-hls-pragmas]
#pragma HLS DATAFLOW
        ^
/tools/Xilinx/Vitis/2024.2/Vitis_Libraries/vision/L1/include/common/xf_structs.hpp:1164:9: warning: HLS pragma dump _XLX_SEP_ PragmaIsValid=1_XLX_SEP_ PragmaType=dataflow_XLX_SEP_ PragmaContext=_XLX_SEP_ PragmaFunction=Axi2Mat_XLX_SEP_ PragmaOptions=_XLX_SEP_ [-Wdump-hls-pragmas]
#pragma HLS DATAFLOW
        ^
/tools/Xilinx/Vitis/2024.2/Vitis_Libraries/vision/L1/include/common/xf_structs.hpp:1176:9: warning: HLS pragma dump _XLX_SEP_ PragmaIsValid=1_XLX_SEP_ PragmaType=dataflow_XLX_SEP_ PragmaContext=_XLX_SEP_ PragmaFunction=Axi2Mat_XLX_SEP_ PragmaOptions=_XLX_SEP_ [-Wdump-hls-pragmas]
#pragma HLS DATAFLOW
        ^
/tools/Xilinx/Vitis/2024.2/Vitis_Libraries/vision/L1/include/common/xf_structs.hpp:1199:9: warning: HLS pragma dump _XLX_SEP_ PragmaIsValid=1_XLX_SEP_ PragmaType=dataflow_XLX_SEP_ PragmaContext=_XLX_SEP_ PragmaFunction=Axi2Mat_XLX_SEP_ PragmaOptions=_XLX_SEP_ [-Wdump-hls-pragmas]
#pragma HLS DATAFLOW
        ^
/tools/Xilinx/Vitis/2024.2/Vitis_Libraries/vision/L1/include/common/xf_structs.hpp:1224:102: warning: unused parameter 'index' [-Wunused-parameter]
    inline static ap_uint<XF_BITS_PER_CLOCK> read(hls::stream<ap_uint<XF_BITS_PER_CLOCK> >& din, int index) {
                                                                                                     ^
/tools/Xilinx/Vitis/2024.2/Vitis_Libraries/vision/L1/include/common/xf_structs.hpp:1273:9: warning: HLS pragma dump _XLX_SEP_ PragmaIsValid=1_XLX_SEP_ PragmaType=loop_tripcount_XLX_SEP_ PragmaContext=_XLX_SEP_ PragmaFunction=Mat2MatStream_XLX_SEP_ PragmaOptions=min=1 max=LOOPBOUND_XLX_SEP_ [-Wdump-hls-pragmas]
#pragma HLS LOOP_TRIPCOUNT min=1 max=LOOPBOUND
        ^
/tools/Xilinx/Vitis/2024.2/Vitis_Libraries/vision/L1/include/common/xf_structs.hpp:1274:9: warning: HLS pragma dump _XLX_SEP_ PragmaIsValid=1_XLX_SEP_ PragmaType=pipeline_XLX_SEP_ PragmaContext=_XLX_SEP_ PragmaFunction=Mat2MatStream_XLX_SEP_ PragmaOptions=_XLX_SEP_ [-Wdump-hls-pragmas]
#pragma HLS PIPELINE
        ^
/tools/Xilinx/Vitis/2024.2/Vitis_Libraries/vision/L1/include/common/xf_structs.hpp:1303:9: warning: HLS pragma dump _XLX_SEP_ PragmaIsValid=1_XLX_SEP_ PragmaType=loop_tripcount_XLX_SEP_ PragmaContext=_XLX_SEP_ PragmaFunction=MatStream2AxiStream_XLX_SEP_ PragmaOptions=min=1 max=ROWS_XLX_SEP_ [-Wdump-hls-pragmas]
#pragma HLS LOOP_TRIPCOUNT min=1 max=ROWS
        ^
/tools/Xilinx/Vitis/2024.2/Vitis_Libraries/vision/L1/include/common/xf_structs.hpp:1308:9: warning: HLS pragma dump _XLX_SEP_ PragmaIsValid=1_XLX_SEP_ PragmaType=loop_tripcount_XLX_SEP_ PragmaContext=_XLX_SEP_ PragmaFunction=MatStream2AxiStream_XLX_SEP_ PragmaOptions=min=1 max=COLS_BOUND_PER_NPC_XLX_SEP_ [-Wdump-hls-pragmas]
#pragma HLS LOOP_TRIPCOUNT min=1 max=COLS_BOUND_PER_NPC
        ^
/tools/Xilinx/Vitis/2024.2/Vitis_Libraries/vision/L1/include/common/xf_structs.hpp:1309:9: warning: HLS pragma dump _XLX_SEP_ PragmaIsValid=1_XLX_SEP_ PragmaType=pipeline_XLX_SEP_ PragmaContext=_XLX_SEP_ PragmaFunction=MatStream2AxiStream_XLX_SEP_ PragmaOptions=_XLX_SEP_ [-Wdump-hls-pragmas]
#pragma HLS PIPELINE
        ^
/tools/Xilinx/Vitis/2024.2/Vitis_Libraries/vision/L1/include/common/xf_structs.hpp:1351:9: warning: HLS pragma dump _XLX_SEP_ PragmaIsValid=1_XLX_SEP_ PragmaType=dataflow_XLX_SEP_ PragmaContext=_XLX_SEP_ PragmaFunction=Mat2AxiStream_XLX_SEP_ PragmaOptions=_XLX_SEP_ [-Wdump-hls-pragmas]
#pragma HLS DATAFLOW
        ^
/tools/Xilinx/Vitis/2024.2/Vitis_Libraries/vision/L1/include/common/xf_structs.hpp:1364:9: warning: HLS pragma dump _XLX_SEP_ PragmaIsValid=1_XLX_SEP_ PragmaType=dataflow_XLX_SEP_ PragmaContext=_XLX_SEP_ PragmaFunction=Mat2AxiStream_XLX_SEP_ PragmaOptions=_XLX_SEP_ [-Wdump-hls-pragmas]
#pragma HLS DATAFLOW
        ^
/tools/Xilinx/Vitis/2024.2/Vitis_Libraries/vision/L1/include/common/xf_structs.hpp:1381:9: warning: HLS pragma dump _XLX_SEP_ PragmaIsValid=1_XLX_SEP_ PragmaType=loop_tripcount_XLX_SEP_ PragmaContext=_XLX_SEP_ PragmaFunction=AxiStream2Axi_XLX_SEP_ PragmaOptions=min=1 max=ADDRBOUND_XLX_SEP_ [-Wdump-hls-pragmas]
#pragma HLS LOOP_TRIPCOUNT min=1 max=ADDRBOUND
        ^
/tools/Xilinx/Vitis/2024.2/Vitis_Libraries/vision/L1/include/common/xf_structs.hpp:1382:9: warning: HLS pragma dump _XLX_SEP_ PragmaIsValid=1_XLX_SEP_ PragmaType=pipeline_XLX_SEP_ PragmaContext=_XLX_SEP_ PragmaFunction=AxiStream2Axi_XLX_SEP_ PragmaOptions=_XLX_SEP_ [-Wdump-hls-pragmas]
#pragma HLS PIPELINE
        ^
/tools/Xilinx/Vitis/2024.2/Vitis_Libraries/vision/L1/include/common/xf_structs.hpp:1396:9: warning: HLS pragma dump _XLX_SEP_ PragmaIsValid=1_XLX_SEP_ PragmaType=loop_tripcount_XLX_SEP_ PragmaContext=_XLX_SEP_ PragmaFunction=AxiStream2Axi_XLX_SEP_ PragmaOptions=min=1 max=ADDRBOUND_XLX_SEP_ [-Wdump-hls-pragmas]
#pragma HLS LOOP_TRIPCOUNT min=1 max=ADDRBOUND
        ^
/tools/Xilinx/Vitis/2024.2/Vitis_Libraries/vision/L1/include/common/xf_structs.hpp:1397:9: warning: HLS pragma dump _XLX_SEP_ PragmaIsValid=1_XLX_SEP_ PragmaType=pipeline_XLX_SEP_ PragmaContext=_XLX_SEP_ PragmaFunction=AxiStream2Axi_XLX_SEP_ PragmaOptions=_XLX_SEP_ [-Wdump-hls-pragmas]
#pragma HLS PIPELINE
        ^
/tools/Xilinx/Vitis/2024.2/Vitis_Libraries/vision/L1/include/common/xf_structs.hpp:1411:9: warning: HLS pragma dump _XLX_SEP_ PragmaIsValid=1_XLX_SEP_ PragmaType=dataflow_XLX_SEP_ PragmaContext=_XLX_SEP_ PragmaFunction=Mat2Axi_XLX_SEP_ PragmaOptions=_XLX_SEP_ [-Wdump-hls-pragmas]
#pragma HLS DATAFLOW
        ^
/tools/Xilinx/Vitis/2024.2/Vitis_Libraries/vision/L1/include/common/xf_structs.hpp:1438:9: warning: HLS pragma dump _XLX_SEP_ PragmaIsValid=1_XLX_SEP_ PragmaType=dataflow_XLX_SEP_ PragmaContext=_XLX_SEP_ PragmaFunction=Mat2Axi_XLX_SEP_ PragmaOptions=_XLX_SEP_ [-Wdump-hls-pragmas]
#pragma HLS DATAFLOW
        ^
/tools/Xilinx/Vitis/2024.2/Vitis_Libraries/vision/L1/include/common/xf_structs.hpp:1469:9: warning: HLS pragma dump _XLX_SEP_ PragmaIsValid=1_XLX_SEP_ PragmaType=dataflow_XLX_SEP_ PragmaContext=_XLX_SEP_ PragmaFunction=Mat2Axi_XLX_SEP_ PragmaOptions=_XLX_SEP_ [-Wdump-hls-pragmas]
#pragma HLS DATAFLOW
        ^
/tools/Xilinx/Vitis/2024.2/Vitis_Libraries/vision/L1/include/common/xf_structs.hpp:1499:9: warning: HLS pragma dump _XLX_SEP_ PragmaIsValid=1_XLX_SEP_ PragmaType=dataflow_XLX_SEP_ PragmaContext=_XLX_SEP_ PragmaFunction=Mat2Axi_XLX_SEP_ PragmaOptions=_XLX_SEP_ [-Wdump-hls-pragmas]
#pragma HLS DATAFLOW
        ^
/tools/Xilinx/Vitis/2024.2/Vitis_Libraries/vision/L1/include/common/xf_structs.hpp:1530:34: warning: unused parameter 'index' [-Wunused-parameter]
                             int index) {
                                 ^
In file included from src/match_template.cpp:1:
In file included from src/match_template.hpp:5:
In file included from /tools/Xilinx/Vitis/2024.2/Vitis_Libraries/vision/L1/include/common/xf_utility.hpp:23:
/tools/Xilinx/Vitis/2024.2/Vitis_Libraries/vision/L1/include/common/xf_video_mem.hpp:46:9: warning: HLS pragma dump _XLX_SEP_ PragmaIsValid=1_XLX_SEP_ PragmaType=inline_XLX_SEP_ PragmaContext=_XLX_SEP_ PragmaFunction=Window<ROWS, COLS, T>_XLX_SEP_ PragmaOptions=_XLX_SEP_ [-Wdump-hls-pragmas]
#pragma HLS INLINE
        ^
/tools/Xilinx/Vitis/2024.2/Vitis_Libraries/vision/L1/include/common/xf_video_mem.hpp:47:9: warning: HLS pragma dump _XLX_SEP_ PragmaIsValid=1_XLX_SEP_ PragmaType=array_partition_XLX_SEP_ PragmaContext=_XLX_SEP_ PragmaFunction=Window<ROWS, COLS, T>_XLX_SEP_ PragmaOptions=variable=val dim=1 complete_XLX_SEP_ [-Wdump-hls-pragmas]
#pragma HLS ARRAY_PARTITION variable=val dim=1 complete
        ^
/tools/Xilinx/Vitis/2024.2/Vitis_Libraries/vision/L1/include/common/xf_video_mem.hpp:48:9: warning: HLS pragma dump _XLX_SEP_ PragmaIsValid=1_XLX_SEP_ PragmaType=array_partition_XLX_SEP_ PragmaContext=_XLX_SEP_ PragmaFunction=Window<ROWS, COLS, T>_XLX_SEP_ PragmaOptions=variable=val dim=2 complete_XLX_SEP_ [-Wdump-hls-pragmas]
#pragma HLS ARRAY_PARTITION variable=val dim=2 complete
        ^
/tools/Xilinx/Vitis/2024.2/Vitis_Libraries/vision/L1/include/common/xf_video_mem.hpp:112:9: warning: HLS pragma dump _XLX_SEP_ PragmaIsValid=1_XLX_SEP_ PragmaType=inline_XLX_SEP_ PragmaContext=_XLX_SEP_ PragmaFunction=shift_pixels_left_XLX_SEP_ PragmaOptions=_XLX_SEP_ [-Wdump-hls-pragmas]
#pragma HLS inline
        ^
/tools/Xilinx/Vitis/2024.2/Vitis_Libraries/vision/L1/include/common/xf_video_mem.hpp:124:9: warning: HLS pragma dump _XLX_SEP_ PragmaIsValid=1_XLX_SEP_ PragmaType=unroll_XLX_SEP_ PragmaContext=_XLX_SEP_ PragmaFunction=shift_pixels_left_XLX_SEP_ PragmaOptions=_XLX_SEP_ [-Wdump-hls-pragmas]
#pragma HLS unroll
        ^
/tools/Xilinx/Vitis/2024.2/Vitis_Libraries/vision/L1/include/common/xf_video_mem.hpp:128:9: warning: HLS pragma dump _XLX_SEP_ PragmaIsValid=1_XLX_SEP_ PragmaType=unroll_XLX_SEP_ PragmaContext=_XLX_SEP_ PragmaFunction=shift_pixels_left_XLX_SEP_ PragmaOptions=_XLX_SEP_ [-Wdump-hls-pragmas]
#pragma HLS unroll
        ^
/tools/Xilinx/Vitis/2024.2/Vitis_Libraries/vision/L1/include/common/xf_video_mem.hpp:156:9: warning: HLS pragma dump _XLX_SEP_ PragmaIsValid=1_XLX_SEP_ PragmaType=inline_XLX_SEP_ PragmaContext=_XLX_SEP_ PragmaFunction=shift_pixels_right_XLX_SEP_ PragmaOptions=_XLX_SEP_ [-Wdump-hls-pragmas]
#pragma HLS inline
        ^
/tools/Xilinx/Vitis/2024.2/Vitis_Libraries/vision/L1/include/common/xf_video_mem.hpp:168:9: warning: HLS pragma dump _XLX_SEP_ PragmaIsValid=1_XLX_SEP_ PragmaType=unroll_XLX_SEP_ PragmaContext=_XLX_SEP_ PragmaFunction=shift_pixels_right_XLX_SEP_ PragmaOptions=_XLX_SEP_ [-Wdump-hls-pragmas]
#pragma HLS unroll
        ^
/tools/Xilinx/Vitis/2024.2/Vitis_Libraries/vision/L1/include/common/xf_video_mem.hpp:172:9: warning: HLS pragma dump _XLX_SEP_ PragmaIsValid=1_XLX_SEP_ PragmaType=unroll_XLX_SEP_ PragmaContext=_XLX_SEP_ PragmaFunction=shift_pixels_right_XLX_SEP_ PragmaOptions=_XLX_SEP_ [-Wdump-hls-pragmas]
#pragma HLS unroll
        ^
/tools/Xilinx/Vitis/2024.2/Vitis_Libraries/vision/L1/include/common/xf_video_mem.hpp:200:9: warning: HLS pragma dump _XLX_SEP_ PragmaIsValid=1_XLX_SEP_ PragmaType=inline_XLX_SEP_ PragmaContext=_XLX_SEP_ PragmaFunction=shift_pixels_up_XLX_SEP_ PragmaOptions=_XLX_SEP_ [-Wdump-hls-pragmas]
#pragma HLS inline
        ^
/tools/Xilinx/Vitis/2024.2/Vitis_Libraries/vision/L1/include/common/xf_video_mem.hpp:212:9: warning: HLS pragma dump _XLX_SEP_ PragmaIsValid=1_XLX_SEP_ PragmaType=unroll_XLX_SEP_ PragmaContext=_XLX_SEP_ PragmaFunction=shift_pixels_up_XLX_SEP_ PragmaOptions=_XLX_SEP_ [-Wdump-hls-pragmas]
#pragma HLS unroll
        ^
/tools/Xilinx/Vitis/2024.2/Vitis_Libraries/vision/L1/include/common/xf_video_mem.hpp:216:9: warning: HLS pragma dump _XLX_SEP_ PragmaIsValid=1_XLX_SEP_ PragmaType=unroll_XLX_SEP_ PragmaContext=_XLX_SEP_ PragmaFunction=shift_pixels_up_XLX_SEP_ PragmaOptions=_XLX_SEP_ [-Wdump-hls-pragmas]
#pragma HLS unroll
        ^
/tools/Xilinx/Vitis/2024.2/Vitis_Libraries/vision/L1/include/common/xf_video_mem.hpp:244:9: warning: HLS pragma dump _XLX_SEP_ PragmaIsValid=1_XLX_SEP_ PragmaType=inline_XLX_SEP_ PragmaContext=_XLX_SEP_ PragmaFunction=shift_pixels_down_XLX_SEP_ PragmaOptions=_XLX_SEP_ [-Wdump-hls-pragmas]
#pragma HLS inline
        ^
/tools/Xilinx/Vitis/2024.2/Vitis_Libraries/vision/L1/include/common/xf_video_mem.hpp:256:9: warning: HLS pragma dump _XLX_SEP_ PragmaIsValid=1_XLX_SEP_ PragmaType=unroll_XLX_SEP_ PragmaContext=_XLX_SEP_ PragmaFunction=shift_pixels_down_XLX_SEP_ PragmaOptions=_XLX_SEP_ [-Wdump-hls-pragmas]
#pragma HLS unroll
        ^
/tools/Xilinx/Vitis/2024.2/Vitis_Libraries/vision/L1/include/common/xf_video_mem.hpp:260:9: warning: HLS pragma dump _XLX_SEP_ PragmaIsValid=1_XLX_SEP_ PragmaType=unroll_XLX_SEP_ PragmaContext=_XLX_SEP_ PragmaFunction=shift_pixels_down_XLX_SEP_ PragmaOptions=_XLX_SEP_ [-Wdump-hls-pragmas]
#pragma HLS unroll
        ^
/tools/Xilinx/Vitis/2024.2/Vitis_Libraries/vision/L1/include/common/xf_video_mem.hpp:287:9: warning: HLS pragma dump _XLX_SEP_ PragmaIsValid=1_XLX_SEP_ PragmaType=inline_XLX_SEP_ PragmaContext=_XLX_SEP_ PragmaFunction=insert_pixel_XLX_SEP_ PragmaOptions=_XLX_SEP_ [-Wdump-hls-pragmas]
#pragma HLS inline
        ^
/tools/Xilinx/Vitis/2024.2/Vitis_Libraries/vision/L1/include/common/xf_video_mem.hpp:320:9: warning: HLS pragma dump _XLX_SEP_ PragmaIsValid=1_XLX_SEP_ PragmaType=inline_XLX_SEP_ PragmaContext=_XLX_SEP_ PragmaFunction=insert_row_XLX_SEP_ PragmaOptions=_XLX_SEP_ [-Wdump-hls-pragmas]
#pragma HLS inline
        ^
/tools/Xilinx/Vitis/2024.2/Vitis_Libraries/vision/L1/include/common/xf_video_mem.hpp:332:9: warning: HLS pragma dump _XLX_SEP_ PragmaIsValid=1_XLX_SEP_ PragmaType=unroll_XLX_SEP_ PragmaContext=_XLX_SEP_ PragmaFunction=insert_row_XLX_SEP_ PragmaOptions=_XLX_SEP_ [-Wdump-hls-pragmas]
#pragma HLS unroll
        ^
/tools/Xilinx/Vitis/2024.2/Vitis_Libraries/vision/L1/include/common/xf_video_mem.hpp:359:9: warning: HLS pragma dump _XLX_SEP_ PragmaIsValid=1_XLX_SEP_ PragmaType=inline_XLX_SEP_ PragmaContext=_XLX_SEP_ PragmaFunction=insert_top_row_XLX_SEP_ PragmaOptions=_XLX_SEP_ [-Wdump-hls-pragmas]
#pragma HLS inline
        ^
/tools/Xilinx/Vitis/2024.2/Vitis_Libraries/vision/L1/include/common/xf_video_mem.hpp:392:9: warning: HLS pragma dump _XLX_SEP_ PragmaIsValid=1_XLX_SEP_ PragmaType=inline_XLX_SEP_ PragmaContext=_XLX_SEP_ PragmaFunction=insert_bottom_row_XLX_SEP_ PragmaOptions=_XLX_SEP_ [-Wdump-hls-pragmas]
#pragma HLS inline
        ^
/tools/Xilinx/Vitis/2024.2/Vitis_Libraries/vision/L1/include/common/xf_video_mem.hpp:425:9: warning: HLS pragma dump _XLX_SEP_ PragmaIsValid=1_XLX_SEP_ PragmaType=inline_XLX_SEP_ PragmaContext=_XLX_SEP_ PragmaFunction=insert_col_XLX_SEP_ PragmaOptions=_XLX_SEP_ [-Wdump-hls-pragmas]
#pragma HLS inline
        ^
/tools/Xilinx/Vitis/2024.2/Vitis_Libraries/vision/L1/include/common/xf_video_mem.hpp:437:9: warning: HLS pragma dump _XLX_SEP_ PragmaIsValid=1_XLX_SEP_ PragmaType=unroll_XLX_SEP_ PragmaContext=_XLX_SEP_ PragmaFunction=insert_col_XLX_SEP_ PragmaOptions=_XLX_SEP_ [-Wdump-hls-pragmas]
#pragma HLS unroll
        ^
/tools/Xilinx/Vitis/2024.2/Vitis_Libraries/vision/L1/include/common/xf_video_mem.hpp:464:9: warning: HLS pragma dump _XLX_SEP_ PragmaIsValid=1_XLX_SEP_ PragmaType=inline_XLX_SEP_ PragmaContext=_XLX_SEP_ PragmaFunction=insert_left_col_XLX_SEP_ PragmaOptions=_XLX_SEP_ [-Wdump-hls-pragmas]
#pragma HLS inline
        ^
/tools/Xilinx/Vitis/2024.2/Vitis_Libraries/vision/L1/include/common/xf_video_mem.hpp:497:9: warning: HLS pragma dump _XLX_SEP_ PragmaIsValid=1_XLX_SEP_ PragmaType=inline_XLX_SEP_ PragmaContext=_XLX_SEP_ PragmaFunction=insert_right_col_XLX_SEP_ PragmaOptions=_XLX_SEP_ [-Wdump-hls-pragmas]
#pragma HLS inline
        ^
/tools/Xilinx/Vitis/2024.2/Vitis_Libraries/vision/L1/include/common/xf_video_mem.hpp:530:9: warning: HLS pragma dump _XLX_SEP_ PragmaIsValid=1_XLX_SEP_ PragmaType=inline_XLX_SEP_ PragmaContext=_XLX_SEP_ PragmaFunction=getval_XLX_SEP_ PragmaOptions=_XLX_SEP_ [-Wdump-hls-pragmas]
#pragma HLS inline
        ^
/tools/Xilinx/Vitis/2024.2/Vitis_Libraries/vision/L1/include/common/xf_video_mem.hpp:542:9: warning: HLS pragma dump _XLX_SEP_ PragmaIsValid=1_XLX_SEP_ PragmaType=inline_XLX_SEP_ PragmaContext=_XLX_SEP_ PragmaFunction=operator()_XLX_SEP_ PragmaOptions=_XLX_SEP_ [-Wdump-hls-pragmas]
#pragma HLS inline
        ^
/tools/Xilinx/Vitis/2024.2/Vitis_Libraries/vision/L1/include/common/xf_video_mem.hpp:579:9: warning: HLS pragma dump _XLX_SEP_ PragmaIsValid=1_XLX_SEP_ PragmaType=inline_XLX_SEP_ PragmaContext=_XLX_SEP_ PragmaFunction=shift_left_XLX_SEP_ PragmaOptions=_XLX_SEP_ [-Wdump-hls-pragmas]
#pragma HLS inline
        ^
/tools/Xilinx/Vitis/2024.2/Vitis_Libraries/vision/L1/include/common/xf_video_mem.hpp:592:9: warning: HLS pragma dump _XLX_SEP_ PragmaIsValid=1_XLX_SEP_ PragmaType=inline_XLX_SEP_ PragmaContext=_XLX_SEP_ PragmaFunction=shift_right_XLX_SEP_ PragmaOptions=_XLX_SEP_ [-Wdump-hls-pragmas]
#pragma HLS inline
        ^
/tools/Xilinx/Vitis/2024.2/Vitis_Libraries/vision/L1/include/common/xf_video_mem.hpp:605:9: warning: HLS pragma dump _XLX_SEP_ PragmaIsValid=1_XLX_SEP_ PragmaType=inline_XLX_SEP_ PragmaContext=_XLX_SEP_ PragmaFunction=shift_up_XLX_SEP_ PragmaOptions=_XLX_SEP_ [-Wdump-hls-pragmas]
#pragma HLS inline
        ^
/tools/Xilinx/Vitis/2024.2/Vitis_Libraries/vision/L1/include/common/xf_video_mem.hpp:618:9: warning: HLS pragma dump _XLX_SEP_ PragmaIsValid=1_XLX_SEP_ PragmaType=inline_XLX_SEP_ PragmaContext=_XLX_SEP_ PragmaFunction=shift_down_XLX_SEP_ PragmaOptions=_XLX_SEP_ [-Wdump-hls-pragmas]
#pragma HLS inline
        ^
/tools/Xilinx/Vitis/2024.2/Vitis_Libraries/vision/L1/include/common/xf_video_mem.hpp:631:9: warning: HLS pragma dump _XLX_SEP_ PragmaIsValid=1_XLX_SEP_ PragmaType=inline_XLX_SEP_ PragmaContext=_XLX_SEP_ PragmaFunction=insert_XLX_SEP_ PragmaOptions=_XLX_SEP_ [-Wdump-hls-pragmas]
#pragma HLS inline
        ^
/tools/Xilinx/Vitis/2024.2/Vitis_Libraries/vision/L1/include/common/xf_video_mem.hpp:644:9: warning: HLS pragma dump _XLX_SEP_ PragmaIsValid=1_XLX_SEP_ PragmaType=inline_XLX_SEP_ PragmaContext=_XLX_SEP_ PragmaFunction=insert_top_XLX_SEP_ PragmaOptions=_XLX_SEP_ [-Wdump-hls-pragmas]
#pragma HLS inline
        ^
/tools/Xilinx/Vitis/2024.2/Vitis_Libraries/vision/L1/include/common/xf_video_mem.hpp:657:9: warning: HLS pragma dump _XLX_SEP_ PragmaIsValid=1_XLX_SEP_ PragmaType=inline_XLX_SEP_ PragmaContext=_XLX_SEP_ PragmaFunction=insert_bottom_XLX_SEP_ PragmaOptions=_XLX_SEP_ [-Wdump-hls-pragmas]
#pragma HLS inline
        ^
/tools/Xilinx/Vitis/2024.2/Vitis_Libraries/vision/L1/include/common/xf_video_mem.hpp:670:9: warning: HLS pragma dump _XLX_SEP_ PragmaIsValid=1_XLX_SEP_ PragmaType=inline_XLX_SEP_ PragmaContext=_XLX_SEP_ PragmaFunction=insert_left_XLX_SEP_ PragmaOptions=_XLX_SEP_ [-Wdump-hls-pragmas]
#pragma HLS inline
        ^
/tools/Xilinx/Vitis/2024.2/Vitis_Libraries/vision/L1/include/common/xf_video_mem.hpp:683:9: warning: HLS pragma dump _XLX_SEP_ PragmaIsValid=1_XLX_SEP_ PragmaType=inline_XLX_SEP_ PragmaContext=_XLX_SEP_ PragmaFunction=insert_right_XLX_SEP_ PragmaOptions=_XLX_SEP_ [-Wdump-hls-pragmas]
#pragma HLS inline
        ^
/tools/Xilinx/Vitis/2024.2/Vitis_Libraries/vision/L1/include/common/xf_video_mem.hpp:700:9: warning: HLS pragma dump _XLX_SEP_ PragmaIsValid=1_XLX_SEP_ PragmaType=inline_XLX_SEP_ PragmaContext=_XLX_SEP_ PragmaFunction=LineBuffer<ROWS, COLS, T, MEM_TYPE, RESHAPE_FACTOR>_XLX_SEP_ PragmaOptions=_XLX_SEP_ [-Wdump-hls-pragmas]
#pragma HLS INLINE
        ^
/tools/Xilinx/Vitis/2024.2/Vitis_Libraries/vision/L1/include/common/xf_video_mem.hpp:701:9: warning: HLS pragma dump _XLX_SEP_ PragmaIsValid=1_XLX_SEP_ PragmaType=dependence_XLX_SEP_ PragmaContext=_XLX_SEP_ PragmaFunction=LineBuffer<ROWS, COLS, T, MEM_TYPE, RESHAPE_FACTOR>_XLX_SEP_ PragmaOptions=variable=val inter false_XLX_SEP_ [-Wdump-hls-pragmas]
#pragma HLS dependence variable=val inter false
        ^
/tools/Xilinx/Vitis/2024.2/Vitis_Libraries/vision/L1/include/common/xf_video_mem.hpp:702:9: warning: HLS pragma dump _XLX_SEP_ PragmaIsValid=1_XLX_SEP_ PragmaType=dependence_XLX_SEP_ PragmaContext=_XLX_SEP_ PragmaFunction=LineBuffer<ROWS, COLS, T, MEM_TYPE, RESHAPE_FACTOR>_XLX_SEP_ PragmaOptions=variable=val intra false_XLX_SEP_ [-Wdump-hls-pragmas]
#pragma HLS dependence variable=val intra false
        ^
/tools/Xilinx/Vitis/2024.2/Vitis_Libraries/vision/L1/include/common/xf_video_mem.hpp:711:9: warning: HLS pragma dump _XLX_SEP_ PragmaIsValid=1_XLX_SEP_ PragmaType=bind_storage_XLX_SEP_ PragmaContext=_XLX_SEP_ PragmaFunction=LineBuffer<ROWS, COLS, T, MEM_TYPE, RESHAPE_FACTOR>_XLX_SEP_ PragmaOptions=variable=val type=RAM_1P impl=BRAM_XLX_SEP_ [-Wdump-hls-pragmas]
#pragma HLS bind_storage variable=val type=RAM_1P impl=BRAM
        ^
/tools/Xilinx/Vitis/2024.2/Vitis_Libraries/vision/L1/include/common/xf_video_mem.hpp:716:9: warning: HLS pragma dump _XLX_SEP_ PragmaIsValid=1_XLX_SEP_ PragmaType=bind_storage_XLX_SEP_ PragmaContext=_XLX_SEP_ PragmaFunction=LineBuffer<ROWS, COLS, T, MEM_TYPE, RESHAPE_FACTOR>_XLX_SEP_ PragmaOptions=variable=val type=RAM_1P impl=URAM_XLX_SEP_ [-Wdump-hls-pragmas]
#pragma HLS bind_storage variable=val type=RAM_1P impl=URAM
        ^
/tools/Xilinx/Vitis/2024.2/Vitis_Libraries/vision/L1/include/common/xf_video_mem.hpp:721:9: warning: HLS pragma dump _XLX_SEP_ PragmaIsValid=1_XLX_SEP_ PragmaType=bind_storage_XLX_SEP_ PragmaContext=_XLX_SEP_ PragmaFunction=LineBuffer<ROWS, COLS, T, MEM_TYPE, RESHAPE_FACTOR>_XLX_SEP_ PragmaOptions=variable=val type=RAM_2P impl=BRAM_XLX_SEP_ [-Wdump-hls-pragmas]
#pragma HLS bind_storage variable=val type=RAM_2P impl=BRAM
        ^
/tools/Xilinx/Vitis/2024.2/Vitis_Libraries/vision/L1/include/common/xf_video_mem.hpp:726:9: warning: HLS pragma dump _XLX_SEP_ PragmaIsValid=1_XLX_SEP_ PragmaType=bind_storage_XLX_SEP_ PragmaContext=_XLX_SEP_ PragmaFunction=LineBuffer<ROWS, COLS, T, MEM_TYPE, RESHAPE_FACTOR>_XLX_SEP_ PragmaOptions=variable=val type=RAM_2P impl=URAM_XLX_SEP_ [-Wdump-hls-pragmas]
#pragma HLS bind_storage variable=val type=RAM_2P impl=URAM
        ^
/tools/Xilinx/Vitis/2024.2/Vitis_Libraries/vision/L1/include/common/xf_video_mem.hpp:731:9: warning: HLS pragma dump _XLX_SEP_ PragmaIsValid=1_XLX_SEP_ PragmaType=bind_storage_XLX_SEP_ PragmaContext=_XLX_SEP_ PragmaFunction=LineBuffer<ROWS, COLS, T, MEM_TYPE, RESHAPE_FACTOR>_XLX_SEP_ PragmaOptions=variable=val type=RAM_S2P impl=BRAM_XLX_SEP_ [-Wdump-hls-pragmas]
#pragma HLS bind_storage variable=val type=RAM_S2P impl=BRAM
        ^
/tools/Xilinx/Vitis/2024.2/Vitis_Libraries/vision/L1/include/common/xf_video_mem.hpp:736:9: warning: HLS pragma dump _XLX_SEP_ PragmaIsValid=1_XLX_SEP_ PragmaType=bind_storage_XLX_SEP_ PragmaContext=_XLX_SEP_ PragmaFunction=LineBuffer<ROWS, COLS, T, MEM_TYPE, RESHAPE_FACTOR>_XLX_SEP_ PragmaOptions=variable=val type=RAM_S2P impl=URAM_XLX_SEP_ [-Wdump-hls-pragmas]
#pragma HLS bind_storage variable=val type=RAM_S2P impl=URAM
        ^
/tools/Xilinx/Vitis/2024.2/Vitis_Libraries/vision/L1/include/common/xf_video_mem.hpp:741:9: warning: HLS pragma dump _XLX_SEP_ PragmaIsValid=1_XLX_SEP_ PragmaType=bind_storage_XLX_SEP_ PragmaContext=_XLX_SEP_ PragmaFunction=LineBuffer<ROWS, COLS, T, MEM_TYPE, RESHAPE_FACTOR>_XLX_SEP_ PragmaOptions=variable=val type=RAM_T2P impl=BRAM_XLX_SEP_ [-Wdump-hls-pragmas]
#pragma HLS bind_storage variable=val type=RAM_T2P impl=BRAM
        ^
/tools/Xilinx/Vitis/2024.2/Vitis_Libraries/vision/L1/include/common/xf_video_mem.hpp:746:9: warning: HLS pragma dump _XLX_SEP_ PragmaIsValid=1_XLX_SEP_ PragmaType=bind_storage_XLX_SEP_ PragmaContext=_XLX_SEP_ PragmaFunction=LineBuffer<ROWS, COLS, T, MEM_TYPE, RESHAPE_FACTOR>_XLX_SEP_ PragmaOptions=variable=val type=RAM_T2P impl=URAM_XLX_SEP_ [-Wdump-hls-pragmas]
#pragma HLS bind_storage variable=val type=RAM_T2P impl=URAM
        ^
/tools/Xilinx/Vitis/2024.2/Vitis_Libraries/vision/L1/include/common/xf_video_mem.hpp:755:9: warning: HLS pragma dump _XLX_SEP_ PragmaIsValid=1_XLX_SEP_ PragmaType=array_partition_XLX_SEP_ PragmaContext=_XLX_SEP_ PragmaFunction=LineBuffer<ROWS, COLS, T, MEM_TYPE, RESHAPE_FACTOR>_XLX_SEP_ PragmaOptions=variable=val complete dim=1_XLX_SEP_ [-Wdump-hls-pragmas]
#pragma HLS ARRAY_PARTITION variable=val complete dim=1
        ^
/tools/Xilinx/Vitis/2024.2/Vitis_Libraries/vision/L1/include/common/xf_video_mem.hpp:759:47: warning: 'factor' in '#pragma HLS array_reshape' is ignored [-Wextra-tokens]
#pragma HLS ARRAY_RESHAPE variable=val factor=RESHAPE_FACTOR dim=1
                                              ^
/tools/Xilinx/Vitis/2024.2/Vitis_Libraries/vision/L1/include/common/xf_video_mem.hpp:759:9: warning: HLS pragma dump _XLX_SEP_ PragmaIsValid=1_XLX_SEP_ PragmaType=array_reshape_XLX_SEP_ PragmaContext=_XLX_SEP_ PragmaFunction=LineBuffer<ROWS, COLS, T, MEM_TYPE, RESHAPE_FACTOR>_XLX_SEP_ PragmaOptions=variable=val factor=RESHAPE_FACTOR dim=1_XLX_SEP_ [-Wdump-hls-pragmas]
#pragma HLS ARRAY_RESHAPE variable=val factor=RESHAPE_FACTOR dim=1
        ^
/tools/Xilinx/Vitis/2024.2/Vitis_Libraries/vision/L1/include/common/xf_video_mem.hpp:813:9: warning: HLS pragma dump _XLX_SEP_ PragmaIsValid=1_XLX_SEP_ PragmaType=inline_XLX_SEP_ PragmaContext=_XLX_SEP_ PragmaFunction=shift_pixels_down_XLX_SEP_ PragmaOptions=_XLX_SEP_ [-Wdump-hls-pragmas]
#pragma HLS inline
        ^
/tools/Xilinx/Vitis/2024.2/Vitis_Libraries/vision/L1/include/common/xf_video_mem.hpp:826:9: warning: HLS pragma dump _XLX_SEP_ PragmaIsValid=1_XLX_SEP_ PragmaType=unroll_XLX_SEP_ PragmaContext=_XLX_SEP_ PragmaFunction=shift_pixels_down_XLX_SEP_ PragmaOptions=_XLX_SEP_ [-Wdump-hls-pragmas]
#pragma HLS unroll
        ^
/tools/Xilinx/Vitis/2024.2/Vitis_Libraries/vision/L1/include/common/xf_video_mem.hpp:856:9: warning: HLS pragma dump _XLX_SEP_ PragmaIsValid=1_XLX_SEP_ PragmaType=inline_XLX_SEP_ PragmaContext=_XLX_SEP_ PragmaFunction=shift_pixels_up_XLX_SEP_ PragmaOptions=_XLX_SEP_ [-Wdump-hls-pragmas]
#pragma HLS inline
        ^
/tools/Xilinx/Vitis/2024.2/Vitis_Libraries/vision/L1/include/common/xf_video_mem.hpp:869:9: warning: HLS pragma dump _XLX_SEP_ PragmaIsValid=1_XLX_SEP_ PragmaType=unroll_XLX_SEP_ PragmaContext=_XLX_SEP_ PragmaFunction=shift_pixels_up_XLX_SEP_ PragmaOptions=_XLX_SEP_ [-Wdump-hls-pragmas]
#pragma HLS unroll
        ^
/tools/Xilinx/Vitis/2024.2/Vitis_Libraries/vision/L1/include/common/xf_video_mem.hpp:898:9: warning: HLS pragma dump _XLX_SEP_ PragmaIsValid=1_XLX_SEP_ PragmaType=inline_XLX_SEP_ PragmaContext=_XLX_SEP_ PragmaFunction=insert_bottom_row_XLX_SEP_ PragmaOptions=_XLX_SEP_ [-Wdump-hls-pragmas]
#pragma HLS inline
        ^
/tools/Xilinx/Vitis/2024.2/Vitis_Libraries/vision/L1/include/common/xf_video_mem.hpp:931:9: warning: HLS pragma dump _XLX_SEP_ PragmaIsValid=1_XLX_SEP_ PragmaType=inline_XLX_SEP_ PragmaContext=_XLX_SEP_ PragmaFunction=insert_top_row_XLX_SEP_ PragmaOptions=_XLX_SEP_ [-Wdump-hls-pragmas]
#pragma HLS inline
        ^
/tools/Xilinx/Vitis/2024.2/Vitis_Libraries/vision/L1/include/common/xf_video_mem.hpp:964:9: warning: HLS pragma dump _XLX_SEP_ PragmaIsValid=1_XLX_SEP_ PragmaType=inline_XLX_SEP_ PragmaContext=_XLX_SEP_ PragmaFunction=get_col_XLX_SEP_ PragmaOptions=_XLX_SEP_ [-Wdump-hls-pragmas]
#pragma HLS inline
        ^
/tools/Xilinx/Vitis/2024.2/Vitis_Libraries/vision/L1/include/common/xf_video_mem.hpp:970:9: warning: HLS pragma dump _XLX_SEP_ PragmaIsValid=1_XLX_SEP_ PragmaType=unroll_XLX_SEP_ PragmaContext=_XLX_SEP_ PragmaFunction=get_col_XLX_SEP_ PragmaOptions=_XLX_SEP_ [-Wdump-hls-pragmas]
#pragma HLS unroll
        ^
/tools/Xilinx/Vitis/2024.2/Vitis_Libraries/vision/L1/include/common/xf_video_mem.hpp:981:9: warning: HLS pragma dump _XLX_SEP_ PragmaIsValid=1_XLX_SEP_ PragmaType=inline_XLX_SEP_ PragmaContext=_XLX_SEP_ PragmaFunction=getval_XLX_SEP_ PragmaOptions=_XLX_SEP_ [-Wdump-hls-pragmas]
#pragma HLS inline
        ^
/tools/Xilinx/Vitis/2024.2/Vitis_Libraries/vision/L1/include/common/xf_video_mem.hpp:992:9: warning: HLS pragma dump _XLX_SEP_ PragmaIsValid=1_XLX_SEP_ PragmaType=inline_XLX_SEP_ PragmaContext=_XLX_SEP_ PragmaFunction=operator()_XLX_SEP_ PragmaOptions=_XLX_SEP_ [-Wdump-hls-pragmas]
#pragma HLS inline
        ^
/tools/Xilinx/Vitis/2024.2/Vitis_Libraries/vision/L1/include/common/xf_video_mem.hpp:1004:9: warning: HLS pragma dump _XLX_SEP_ PragmaIsValid=1_XLX_SEP_ PragmaType=inline_XLX_SEP_ PragmaContext=_XLX_SEP_ PragmaFunction=shift_down_XLX_SEP_ PragmaOptions=_XLX_SEP_ [-Wdump-hls-pragmas]
#pragma HLS inline
        ^
/tools/Xilinx/Vitis/2024.2/Vitis_Libraries/vision/L1/include/common/xf_video_mem.hpp:1016:9: warning: HLS pragma dump _XLX_SEP_ PragmaIsValid=1_XLX_SEP_ PragmaType=inline_XLX_SEP_ PragmaContext=_XLX_SEP_ PragmaFunction=shift_up_XLX_SEP_ PragmaOptions=_XLX_SEP_ [-Wdump-hls-pragmas]
#pragma HLS inline
        ^
/tools/Xilinx/Vitis/2024.2/Vitis_Libraries/vision/L1/include/common/xf_video_mem.hpp:1028:9: warning: HLS pragma dump _XLX_SEP_ PragmaIsValid=1_XLX_SEP_ PragmaType=inline_XLX_SEP_ PragmaContext=_XLX_SEP_ PragmaFunction=insert_bottom_XLX_SEP_ PragmaOptions=_XLX_SEP_ [-Wdump-hls-pragmas]
#pragma HLS inline
        ^
/tools/Xilinx/Vitis/2024.2/Vitis_Libraries/vision/L1/include/common/xf_video_mem.hpp:1040:9: warning: HLS pragma dump _XLX_SEP_ PragmaIsValid=1_XLX_SEP_ PragmaType=inline_XLX_SEP_ PragmaContext=_XLX_SEP_ PragmaFunction=insert_top_XLX_SEP_ PragmaOptions=_XLX_SEP_ [-Wdump-hls-pragmas]
#pragma HLS inline
        ^
In file included from src/match_template.cpp:1:
In file included from src/match_template.hpp:5:
/tools/Xilinx/Vitis/2024.2/Vitis_Libraries/vision/L1/include/common/xf_utility.hpp:35:9: warning: HLS pragma dump _XLX_SEP_ PragmaIsValid=1_XLX_SEP_ PragmaType=inline_XLX_SEP_ PragmaContext=_XLX_SEP_ PragmaFunction=Ptr2xfMat_XLX_SEP_ PragmaOptions=OFF_XLX_SEP_ [-Wdump-hls-pragmas]
#pragma HLS INLINE OFF
        ^
/tools/Xilinx/Vitis/2024.2/Vitis_Libraries/vision/L1/include/common/xf_utility.hpp:40:9: warning: HLS pragma dump _XLX_SEP_ PragmaIsValid=1_XLX_SEP_ PragmaType=pipeline_XLX_SEP_ PragmaContext=_XLX_SEP_ PragmaFunction=Ptr2xfMat_XLX_SEP_ PragmaOptions=II = 1_XLX_SEP_ [-Wdump-hls-pragmas]
#pragma HLS pipeline II = 1
        ^
/tools/Xilinx/Vitis/2024.2/Vitis_Libraries/vision/L1/include/common/xf_utility.hpp:41:9: warning: HLS pragma dump _XLX_SEP_ PragmaIsValid=1_XLX_SEP_ PragmaType=loop_tripcount_XLX_SEP_ PragmaContext=_XLX_SEP_ PragmaFunction=Ptr2xfMat_XLX_SEP_ PragmaOptions=min = c_TRIP_COUNT max = c_TRIP_COUNT_XLX_SEP_ [-Wdump-hls-pragmas]
#pragma HLS LOOP_TRIPCOUNT min = c_TRIP_COUNT max = c_TRIP_COUNT
        ^
/tools/Xilinx/Vitis/2024.2/Vitis_Libraries/vision/L1/include/common/xf_utility.hpp:53:9: warning: HLS pragma dump _XLX_SEP_ PragmaIsValid=1_XLX_SEP_ PragmaType=inline_XLX_SEP_ PragmaContext=_XLX_SEP_ PragmaFunction=xfMat2Ptr_XLX_SEP_ PragmaOptions=OFF_XLX_SEP_ [-Wdump-hls-pragmas]
#pragma HLS INLINE OFF
        ^
/tools/Xilinx/Vitis/2024.2/Vitis_Libraries/vision/L1/include/common/xf_utility.hpp:59:9: warning: HLS pragma dump _XLX_SEP_ PragmaIsValid=1_XLX_SEP_ PragmaType=pipeline_XLX_SEP_ PragmaContext=_XLX_SEP_ PragmaFunction=xfMat2Ptr_XLX_SEP_ PragmaOptions=II = 1_XLX_SEP_ [-Wdump-hls-pragmas]
#pragma HLS pipeline II = 1
        ^
/tools/Xilinx/Vitis/2024.2/Vitis_Libraries/vision/L1/include/common/xf_utility.hpp:60:9: warning: HLS pragma dump _XLX_SEP_ PragmaIsValid=1_XLX_SEP_ PragmaType=loop_tripcount_XLX_SEP_ PragmaContext=_XLX_SEP_ PragmaFunction=xfMat2Ptr_XLX_SEP_ PragmaOptions=min = c_TRIP_COUNT max = c_TRIP_COUNT_XLX_SEP_ [-Wdump-hls-pragmas]
#pragma HLS LOOP_TRIPCOUNT min = c_TRIP_COUNT max = c_TRIP_COUNT
        ^
/tools/Xilinx/Vitis/2024.2/Vitis_Libraries/vision/L1/include/common/xf_utility.hpp:81:9: warning: HLS pragma dump _XLX_SEP_ PragmaIsValid=1_XLX_SEP_ PragmaType=inline_XLX_SEP_ PragmaContext=_XLX_SEP_ PragmaFunction=xFDuplicateMat_PTRMAT_XLX_SEP_ PragmaOptions=OFF_XLX_SEP_ [-Wdump-hls-pragmas]
#pragma HLS INLINE OFF
        ^
/tools/Xilinx/Vitis/2024.2/Vitis_Libraries/vision/L1/include/common/xf_utility.hpp:87:9: warning: HLS pragma dump _XLX_SEP_ PragmaIsValid=1_XLX_SEP_ PragmaType=pipeline_XLX_SEP_ PragmaContext=_XLX_SEP_ PragmaFunction=xFDuplicateMat_PTRMAT_XLX_SEP_ PragmaOptions=II = 1_XLX_SEP_ [-Wdump-hls-pragmas]
#pragma HLS pipeline II = 1
        ^
/tools/Xilinx/Vitis/2024.2/Vitis_Libraries/vision/L1/include/common/xf_utility.hpp:88:9: warning: HLS pragma dump _XLX_SEP_ PragmaIsValid=1_XLX_SEP_ PragmaType=loop_tripcount_XLX_SEP_ PragmaContext=_XLX_SEP_ PragmaFunction=xFDuplicateMat_PTRMAT_XLX_SEP_ PragmaOptions=min = c_TRIP_COUNT max = c_TRIP_COUNT_XLX_SEP_ [-Wdump-hls-pragmas]
#pragma HLS LOOP_TRIPCOUNT min = c_TRIP_COUNT max = c_TRIP_COUNT
        ^
/tools/Xilinx/Vitis/2024.2/Vitis_Libraries/vision/L1/include/common/xf_utility.hpp:114:9: warning: HLS pragma dump _XLX_SEP_ PragmaIsValid=1_XLX_SEP_ PragmaType=inline_XLX_SEP_ PragmaContext=_XLX_SEP_ PragmaFunction=xFDuplicateMat_PTRMAT2_XLX_SEP_ PragmaOptions=OFF_XLX_SEP_ [-Wdump-hls-pragmas]
#pragma HLS INLINE OFF
        ^
/tools/Xilinx/Vitis/2024.2/Vitis_Libraries/vision/L1/include/common/xf_utility.hpp:120:9: warning: HLS pragma dump _XLX_SEP_ PragmaIsValid=1_XLX_SEP_ PragmaType=pipeline_XLX_SEP_ PragmaContext=_XLX_SEP_ PragmaFunction=xFDuplicateMat_PTRMAT2_XLX_SEP_ PragmaOptions=II = 1_XLX_SEP_ [-Wdump-hls-pragmas]
#pragma HLS pipeline II = 1
        ^
/tools/Xilinx/Vitis/2024.2/Vitis_Libraries/vision/L1/include/common/xf_utility.hpp:121:9: warning: HLS pragma dump _XLX_SEP_ PragmaIsValid=1_XLX_SEP_ PragmaType=loop_tripcount_XLX_SEP_ PragmaContext=_XLX_SEP_ PragmaFunction=xFDuplicateMat_PTRMAT2_XLX_SEP_ PragmaOptions=min = c_TRIP_COUNT max = c_TRIP_COUNT_XLX_SEP_ [-Wdump-hls-pragmas]
#pragma HLS LOOP_TRIPCOUNT min = c_TRIP_COUNT max = c_TRIP_COUNT
        ^
/tools/Xilinx/Vitis/2024.2/Vitis_Libraries/vision/L1/include/common/xf_utility.hpp:148:9: warning: HLS pragma dump _XLX_SEP_ PragmaIsValid=1_XLX_SEP_ PragmaType=inline_XLX_SEP_ PragmaContext=_XLX_SEP_ PragmaFunction=xFDuplicateMat_PTR_MAT_AXI_XLX_SEP_ PragmaOptions=OFF_XLX_SEP_ [-Wdump-hls-pragmas]
#pragma HLS INLINE OFF
        ^
/tools/Xilinx/Vitis/2024.2/Vitis_Libraries/vision/L1/include/common/xf_utility.hpp:154:9: warning: HLS pragma dump _XLX_SEP_ PragmaIsValid=1_XLX_SEP_ PragmaType=pipeline_XLX_SEP_ PragmaContext=_XLX_SEP_ PragmaFunction=xFDuplicateMat_PTR_MAT_AXI_XLX_SEP_ PragmaOptions=II = 1_XLX_SEP_ [-Wdump-hls-pragmas]
#pragma HLS pipeline II = 1
        ^
/tools/Xilinx/Vitis/2024.2/Vitis_Libraries/vision/L1/include/common/xf_utility.hpp:155:9: warning: HLS pragma dump _XLX_SEP_ PragmaIsValid=1_XLX_SEP_ PragmaType=loop_tripcount_XLX_SEP_ PragmaContext=_XLX_SEP_ PragmaFunction=xFDuplicateMat_PTR_MAT_AXI_XLX_SEP_ PragmaOptions=min = c_TRIP_COUNT max = c_TRIP_COUNT_XLX_SEP_ [-Wdump-hls-pragmas]
#pragma HLS LOOP_TRIPCOUNT min = c_TRIP_COUNT max = c_TRIP_COUNT
        ^
/tools/Xilinx/Vitis/2024.2/Vitis_Libraries/vision/L1/include/common/xf_utility.hpp:176:9: warning: HLS pragma dump _XLX_SEP_ PragmaIsValid=1_XLX_SEP_ PragmaType=inline_XLX_SEP_ PragmaContext=_XLX_SEP_ PragmaFunction=xFMat2AXI_Strm_XLX_SEP_ PragmaOptions=OFF_XLX_SEP_ [-Wdump-hls-pragmas]
#pragma HLS INLINE OFF
        ^
/tools/Xilinx/Vitis/2024.2/Vitis_Libraries/vision/L1/include/common/xf_utility.hpp:182:9: warning: HLS pragma dump _XLX_SEP_ PragmaIsValid=1_XLX_SEP_ PragmaType=pipeline_XLX_SEP_ PragmaContext=_XLX_SEP_ PragmaFunction=xFMat2AXI_Strm_XLX_SEP_ PragmaOptions=II = 1_XLX_SEP_ [-Wdump-hls-pragmas]
#pragma HLS pipeline II = 1
        ^
/tools/Xilinx/Vitis/2024.2/Vitis_Libraries/vision/L1/include/common/xf_utility.hpp:183:9: warning: HLS pragma dump _XLX_SEP_ PragmaIsValid=1_XLX_SEP_ PragmaType=loop_tripcount_XLX_SEP_ PragmaContext=_XLX_SEP_ PragmaFunction=xFMat2AXI_Strm_XLX_SEP_ PragmaOptions=min = c_TRIP_COUNT max = c_TRIP_COUNT_XLX_SEP_ [-Wdump-hls-pragmas]
#pragma HLS LOOP_TRIPCOUNT min = c_TRIP_COUNT max = c_TRIP_COUNT
        ^
/tools/Xilinx/Vitis/2024.2/Vitis_Libraries/vision/L1/include/common/xf_utility.hpp:200:9: warning: HLS pragma dump _XLX_SEP_ PragmaIsValid=1_XLX_SEP_ PragmaType=inline_XLX_SEP_ PragmaContext=_XLX_SEP_ PragmaFunction=AXI_Strm2xFMat_XLX_SEP_ PragmaOptions=OFF_XLX_SEP_ [-Wdump-hls-pragmas]
#pragma HLS INLINE OFF
        ^
/tools/Xilinx/Vitis/2024.2/Vitis_Libraries/vision/L1/include/common/xf_utility.hpp:206:9: warning: HLS pragma dump _XLX_SEP_ PragmaIsValid=1_XLX_SEP_ PragmaType=pipeline_XLX_SEP_ PragmaContext=_XLX_SEP_ PragmaFunction=AXI_Strm2xFMat_XLX_SEP_ PragmaOptions=II = 1_XLX_SEP_ [-Wdump-hls-pragmas]
#pragma HLS pipeline II = 1
        ^
/tools/Xilinx/Vitis/2024.2/Vitis_Libraries/vision/L1/include/common/xf_utility.hpp:207:9: warning: HLS pragma dump _XLX_SEP_ PragmaIsValid=1_XLX_SEP_ PragmaType=loop_tripcount_XLX_SEP_ PragmaContext=_XLX_SEP_ PragmaFunction=AXI_Strm2xFMat_XLX_SEP_ PragmaOptions=min = c_TRIP_COUNT max = c_TRIP_COUNT_XLX_SEP_ [-Wdump-hls-pragmas]
#pragma HLS LOOP_TRIPCOUNT min = c_TRIP_COUNT max = c_TRIP_COUNT
        ^
/tools/Xilinx/Vitis/2024.2/Vitis_Libraries/vision/L1/include/common/xf_utility.hpp:223:9: warning: HLS pragma dump _XLX_SEP_ PragmaIsValid=1_XLX_SEP_ PragmaType=inline_XLX_SEP_ PragmaContext=_XLX_SEP_ PragmaFunction=xFDuplicateMat_PTR_AXI_XLX_SEP_ PragmaOptions=OFF_XLX_SEP_ [-Wdump-hls-pragmas]
#pragma HLS INLINE OFF
        ^
/tools/Xilinx/Vitis/2024.2/Vitis_Libraries/vision/L1/include/common/xf_utility.hpp:229:9: warning: HLS pragma dump _XLX_SEP_ PragmaIsValid=1_XLX_SEP_ PragmaType=pipeline_XLX_SEP_ PragmaContext=_XLX_SEP_ PragmaFunction=xFDuplicateMat_PTR_AXI_XLX_SEP_ PragmaOptions=II = 1_XLX_SEP_ [-Wdump-hls-pragmas]
#pragma HLS pipeline II = 1
        ^
/tools/Xilinx/Vitis/2024.2/Vitis_Libraries/vision/L1/include/common/xf_utility.hpp:230:9: warning: HLS pragma dump _XLX_SEP_ PragmaIsValid=1_XLX_SEP_ PragmaType=loop_tripcount_XLX_SEP_ PragmaContext=_XLX_SEP_ PragmaFunction=xFDuplicateMat_PTR_AXI_XLX_SEP_ PragmaOptions=min = c_TRIP_COUNT max = c_TRIP_COUNT_XLX_SEP_ [-Wdump-hls-pragmas]
#pragma HLS LOOP_TRIPCOUNT min = c_TRIP_COUNT max = c_TRIP_COUNT
        ^
/tools/Xilinx/Vitis/2024.2/Vitis_Libraries/vision/L1/include/common/xf_utility.hpp:252:9: warning: HLS pragma dump _XLX_SEP_ PragmaIsValid=1_XLX_SEP_ PragmaType=inline_XLX_SEP_ PragmaContext=_XLX_SEP_ PragmaFunction=xFSetBorder_XLX_SEP_ PragmaOptions=OFF_XLX_SEP_ [-Wdump-hls-pragmas]
#pragma HLS INLINE OFF
        ^
/tools/Xilinx/Vitis/2024.2/Vitis_Libraries/vision/L1/include/common/xf_utility.hpp:264:9: warning: HLS pragma dump _XLX_SEP_ PragmaIsValid=1_XLX_SEP_ PragmaType=unroll_XLX_SEP_ PragmaContext=_XLX_SEP_ PragmaFunction=xFSetBorder_XLX_SEP_ PragmaOptions=_XLX_SEP_ [-Wdump-hls-pragmas]
#pragma HLS UNROLL
        ^
/tools/Xilinx/Vitis/2024.2/Vitis_Libraries/vision/L1/include/common/xf_utility.hpp:266:9: warning: HLS pragma dump _XLX_SEP_ PragmaIsValid=1_XLX_SEP_ PragmaType=unroll_XLX_SEP_ PragmaContext=_XLX_SEP_ PragmaFunction=xFSetBorder_XLX_SEP_ PragmaOptions=_XLX_SEP_ [-Wdump-hls-pragmas]
#pragma HLS UNROLL
        ^
/tools/Xilinx/Vitis/2024.2/Vitis_Libraries/vision/L1/include/common/xf_utility.hpp:321:9: warning: HLS pragma dump _XLX_SEP_ PragmaIsValid=1_XLX_SEP_ PragmaType=inline_XLX_SEP_ PragmaContext=_XLX_SEP_ PragmaFunction=xfPackPixels_XLX_SEP_ PragmaOptions=_XLX_SEP_ [-Wdump-hls-pragmas]
#pragma HLS INLINE
        ^
/tools/Xilinx/Vitis/2024.2/Vitis_Libraries/vision/L1/include/common/xf_utility.hpp:327:9: warning: HLS pragma dump _XLX_SEP_ PragmaIsValid=1_XLX_SEP_ PragmaType=unroll_XLX_SEP_ PragmaContext=_XLX_SEP_ PragmaFunction=xfPackPixels_XLX_SEP_ PragmaOptions=_XLX_SEP_ [-Wdump-hls-pragmas]
#pragma HLS unroll
        ^
/tools/Xilinx/Vitis/2024.2/Vitis_Libraries/vision/L1/include/common/xf_utility.hpp:339:9: warning: HLS pragma dump _XLX_SEP_ PragmaIsValid=1_XLX_SEP_ PragmaType=inline_XLX_SEP_ PragmaContext=_XLX_SEP_ PragmaFunction=xfExtractPixels_XLX_SEP_ PragmaOptions=off_XLX_SEP_ [-Wdump-hls-pragmas]
#pragma HLS inline off
        ^
/tools/Xilinx/Vitis/2024.2/Vitis_Libraries/vision/L1/include/common/xf_utility.hpp:348:9: warning: HLS pragma dump _XLX_SEP_ PragmaIsValid=1_XLX_SEP_ PragmaType=unroll_XLX_SEP_ PragmaContext=_XLX_SEP_ PragmaFunction=xfExtractPixels_XLX_SEP_ PragmaOptions=_XLX_SEP_ [-Wdump-hls-pragmas]
#pragma HLS UNROLL
        ^
/tools/Xilinx/Vitis/2024.2/Vitis_Libraries/vision/L1/include/common/xf_utility.hpp:371:9: warning: HLS pragma dump _XLX_SEP_ PragmaIsValid=1_XLX_SEP_ PragmaType=inline_XLX_SEP_ PragmaContext=_XLX_SEP_ PragmaFunction=xfExtractData_XLX_SEP_ PragmaOptions=_XLX_SEP_ [-Wdump-hls-pragmas]
#pragma HLS INLINE
        ^
/tools/Xilinx/Vitis/2024.2/Vitis_Libraries/vision/L1/include/common/xf_utility.hpp:391:9: warning: HLS pragma dump _XLX_SEP_ PragmaIsValid=1_XLX_SEP_ PragmaType=inline_XLX_SEP_ PragmaContext=_XLX_SEP_ PragmaFunction=xfCopyData_XLX_SEP_ PragmaOptions=_XLX_SEP_ [-Wdump-hls-pragmas]
#pragma HLS INLINE
        ^
/tools/Xilinx/Vitis/2024.2/Vitis_Libraries/vision/L1/include/common/xf_utility.hpp:399:9: warning: HLS pragma dump _XLX_SEP_ PragmaIsValid=1_XLX_SEP_ PragmaType=loop_tripcount_XLX_SEP_ PragmaContext=_XLX_SEP_ PragmaFunction=xfCopyData_XLX_SEP_ PragmaOptions=min=6 max=6_XLX_SEP_ [-Wdump-hls-pragmas]
#pragma HLS LOOP_TRIPCOUNT min=6 max=6
        ^
/tools/Xilinx/Vitis/2024.2/Vitis_Libraries/vision/L1/include/common/xf_utility.hpp:400:9: warning: HLS pragma dump _XLX_SEP_ PragmaIsValid=1_XLX_SEP_ PragmaType=unroll_XLX_SEP_ PragmaContext=_XLX_SEP_ PragmaFunction=xfCopyData_XLX_SEP_ PragmaOptions=_XLX_SEP_ [-Wdump-hls-pragmas]
#pragma HLS unroll
        ^
/tools/Xilinx/Vitis/2024.2/Vitis_Libraries/vision/L1/include/common/xf_utility.hpp:470:9: warning: HLS pragma dump _XLX_SEP_ PragmaIsValid=1_XLX_SEP_ PragmaType=loop_tripcount_XLX_SEP_ PragmaContext=_XLX_SEP_ PragmaFunction=xFDuplicateStream_XLX_SEP_ PragmaOptions=min=IN_BH max=IN_BH_XLX_SEP_ [-Wdump-hls-pragmas]
#pragma HLS LOOP_TRIPCOUNT min=IN_BH max=IN_BH
        ^
/tools/Xilinx/Vitis/2024.2/Vitis_Libraries/vision/L1/include/common/xf_utility.hpp:471:9: warning: HLS pragma dump _XLX_SEP_ PragmaIsValid=1_XLX_SEP_ PragmaType=loop_flatten_XLX_SEP_ PragmaContext=_XLX_SEP_ PragmaFunction=xFDuplicateStream_XLX_SEP_ PragmaOptions=off_XLX_SEP_ [-Wdump-hls-pragmas]
#pragma HLS LOOP_FLATTEN off
        ^
/tools/Xilinx/Vitis/2024.2/Vitis_Libraries/vision/L1/include/common/xf_utility.hpp:475:9: warning: HLS pragma dump _XLX_SEP_ PragmaIsValid=1_XLX_SEP_ PragmaType=pipeline_XLX_SEP_ PragmaContext=_XLX_SEP_ PragmaFunction=xFDuplicateStream_XLX_SEP_ PragmaOptions=_XLX_SEP_ [-Wdump-hls-pragmas]
#pragma HLS pipeline
        ^
/tools/Xilinx/Vitis/2024.2/Vitis_Libraries/vision/L1/include/common/xf_utility.hpp:476:9: warning: HLS pragma dump _XLX_SEP_ PragmaIsValid=1_XLX_SEP_ PragmaType=loop_tripcount_XLX_SEP_ PragmaContext=_XLX_SEP_ PragmaFunction=xFDuplicateStream_XLX_SEP_ PragmaOptions=min=IN_BW max=IN_BW_XLX_SEP_ [-Wdump-hls-pragmas]
#pragma HLS LOOP_TRIPCOUNT min=IN_BW max=IN_BW
        ^
/tools/Xilinx/Vitis/2024.2/Vitis_Libraries/vision/L1/include/common/xf_utility.hpp:501:9: warning: HLS pragma dump _XLX_SEP_ PragmaIsValid=1_XLX_SEP_ PragmaType=loop_tripcount_XLX_SEP_ PragmaContext=_XLX_SEP_ PragmaFunction=Array2hlsStrm_XLX_SEP_ PragmaOptions=min=1 max=TRIPCOUNT_XLX_SEP_ [-Wdump-hls-pragmas]
#pragma HLS LOOP_TRIPCOUNT min=1 max=TRIPCOUNT
        ^
/tools/Xilinx/Vitis/2024.2/Vitis_Libraries/vision/L1/include/common/xf_utility.hpp:502:9: warning: HLS pragma dump _XLX_SEP_ PragmaIsValid=1_XLX_SEP_ PragmaType=pipeline_XLX_SEP_ PragmaContext=_XLX_SEP_ PragmaFunction=Array2hlsStrm_XLX_SEP_ PragmaOptions=_XLX_SEP_ [-Wdump-hls-pragmas]
#pragma HLS PIPELINE
        ^
/tools/Xilinx/Vitis/2024.2/Vitis_Libraries/vision/L1/include/common/xf_utility.hpp:543:9: warning: HLS pragma dump _XLX_SEP_ PragmaIsValid=1_XLX_SEP_ PragmaType=loop_tripcount_XLX_SEP_ PragmaContext=_XLX_SEP_ PragmaFunction=hlsStrm2xfMat_XLX_SEP_ PragmaOptions=min=1 max=TRIPCOUNT_XLX_SEP_ [-Wdump-hls-pragmas]
#pragma HLS LOOP_TRIPCOUNT min=1 max=TRIPCOUNT
        ^
/tools/Xilinx/Vitis/2024.2/Vitis_Libraries/vision/L1/include/common/xf_utility.hpp:544:9: warning: HLS pragma dump _XLX_SEP_ PragmaIsValid=1_XLX_SEP_ PragmaType=pipeline_XLX_SEP_ PragmaContext=_XLX_SEP_ PragmaFunction=hlsStrm2xfMat_XLX_SEP_ PragmaOptions=_XLX_SEP_ [-Wdump-hls-pragmas]
#pragma HLS PIPELINE
        ^
/tools/Xilinx/Vitis/2024.2/Vitis_Libraries/vision/L1/include/common/xf_utility.hpp:625:9: warning: HLS pragma dump _XLX_SEP_ PragmaIsValid=1_XLX_SEP_ PragmaType=loop_tripcount_XLX_SEP_ PragmaContext=_XLX_SEP_ PragmaFunction=axiStrm2hlsStrm_XLX_SEP_ PragmaOptions=min=1 max=TRIPCOUNT_XLX_SEP_ [-Wdump-hls-pragmas]
#pragma HLS LOOP_TRIPCOUNT min=1 max=TRIPCOUNT
        ^
/tools/Xilinx/Vitis/2024.2/Vitis_Libraries/vision/L1/include/common/xf_utility.hpp:626:9: warning: HLS pragma dump _XLX_SEP_ PragmaIsValid=1_XLX_SEP_ PragmaType=pipeline_XLX_SEP_ PragmaContext=_XLX_SEP_ PragmaFunction=axiStrm2hlsStrm_XLX_SEP_ PragmaOptions=_XLX_SEP_ [-Wdump-hls-pragmas]
#pragma HLS PIPELINE
        ^
/tools/Xilinx/Vitis/2024.2/Vitis_Libraries/vision/L1/include/common/xf_utility.hpp:637:9: warning: HLS pragma dump _XLX_SEP_ PragmaIsValid=1_XLX_SEP_ PragmaType=dataflow_XLX_SEP_ PragmaContext=_XLX_SEP_ PragmaFunction=axiStrm2xfMat_XLX_SEP_ PragmaOptions=_XLX_SEP_ [-Wdump-hls-pragmas]
#pragma HLS DATAFLOW
        ^
/tools/Xilinx/Vitis/2024.2/Vitis_Libraries/vision/L1/include/common/xf_utility.hpp:693:9: warning: HLS pragma dump _XLX_SEP_ PragmaIsValid=1_XLX_SEP_ PragmaType=loop_tripcount_XLX_SEP_ PragmaContext=_XLX_SEP_ PragmaFunction=xfMat2hlsStrm_XLX_SEP_ PragmaOptions=min=1 max=TRIPCOUNT_XLX_SEP_ [-Wdump-hls-pragmas]
#pragma HLS LOOP_TRIPCOUNT min=1 max=TRIPCOUNT
        ^
/tools/Xilinx/Vitis/2024.2/Vitis_Libraries/vision/L1/include/common/xf_utility.hpp:694:9: warning: HLS pragma dump _XLX_SEP_ PragmaIsValid=1_XLX_SEP_ PragmaType=pipeline_XLX_SEP_ PragmaContext=_XLX_SEP_ PragmaFunction=xfMat2hlsStrm_XLX_SEP_ PragmaOptions=_XLX_SEP_ [-Wdump-hls-pragmas]
#pragma HLS PIPELINE
        ^
/tools/Xilinx/Vitis/2024.2/Vitis_Libraries/vision/L1/include/common/xf_utility.hpp:739:9: warning: HLS pragma dump _XLX_SEP_ PragmaIsValid=1_XLX_SEP_ PragmaType=loop_tripcount_XLX_SEP_ PragmaContext=_XLX_SEP_ PragmaFunction=hlsStrm2Array_XLX_SEP_ PragmaOptions=min=1 max=TRIPCOUNT_XLX_SEP_ [-Wdump-hls-pragmas]
#pragma HLS LOOP_TRIPCOUNT min=1 max=TRIPCOUNT
        ^
/tools/Xilinx/Vitis/2024.2/Vitis_Libraries/vision/L1/include/common/xf_utility.hpp:740:9: warning: HLS pragma dump _XLX_SEP_ PragmaIsValid=1_XLX_SEP_ PragmaType=pipeline_XLX_SEP_ PragmaContext=_XLX_SEP_ PragmaFunction=hlsStrm2Array_XLX_SEP_ PragmaOptions=_XLX_SEP_ [-Wdump-hls-pragmas]
#pragma HLS PIPELINE
        ^
/tools/Xilinx/Vitis/2024.2/Vitis_Libraries/vision/L1/include/common/xf_utility.hpp:790:9: warning: HLS pragma dump _XLX_SEP_ PragmaIsValid=1_XLX_SEP_ PragmaType=loop_tripcount_XLX_SEP_ PragmaContext=_XLX_SEP_ PragmaFunction=hlsStrm2axiStrm_XLX_SEP_ PragmaOptions=min=1 max=TRIPCOUNT_XLX_SEP_ [-Wdump-hls-pragmas]
#pragma HLS LOOP_TRIPCOUNT min=1 max=TRIPCOUNT
        ^
/tools/Xilinx/Vitis/2024.2/Vitis_Libraries/vision/L1/include/common/xf_utility.hpp:791:9: warning: HLS pragma dump _XLX_SEP_ PragmaIsValid=1_XLX_SEP_ PragmaType=pipeline_XLX_SEP_ PragmaContext=_XLX_SEP_ PragmaFunction=hlsStrm2axiStrm_XLX_SEP_ PragmaOptions=_XLX_SEP_ [-Wdump-hls-pragmas]
#pragma HLS PIPELINE
        ^
/tools/Xilinx/Vitis/2024.2/Vitis_Libraries/vision/L1/include/common/xf_utility.hpp:803:9: warning: HLS pragma dump _XLX_SEP_ PragmaIsValid=1_XLX_SEP_ PragmaType=dataflow_XLX_SEP_ PragmaContext=_XLX_SEP_ PragmaFunction=xfMat2axiStrm_XLX_SEP_ PragmaOptions=_XLX_SEP_ [-Wdump-hls-pragmas]
#pragma HLS DATAFLOW
        ^
directive:1:9: warning: HLS pragma dump _XLX_SEP_ PragmaIsValid=1_XLX_SEP_ PragmaType=top_XLX_SEP_ PragmaContext=directive_XLX_SEP_ PragmaFunction=match_template_XLX_SEP_ PragmaOptions=name=match_template_XLX_SEP_ [-Wdump-hls-pragmas]
#pragma HLSDIRECTIVE TOP name=match_template
        ^
src/match_template.cpp:6:34: warning: Unsupported interface port data type in '#pragma HLS interface m_axi' [-Wignored-hls-pragmas]
#pragma HLS INTERFACE m_axi port=img_in offset=slave bundle=gmem
                                 ^
src/match_template.cpp:6:9: warning: HLS pragma dump _XLX_SEP_ PragmaIsValid=0_XLX_SEP_ PragmaType=interface_XLX_SEP_ PragmaContext=_XLX_SEP_ PragmaFunction=match_template_XLX_SEP_ PragmaOptions=m_axi port=img_in offset=slave bundle=gmem_XLX_SEP_ [-Wdump-hls-pragmas]
#pragma HLS INTERFACE m_axi port=img_in offset=slave bundle=gmem
        ^
src/match_template.cpp:7:34: warning: Unsupported interface port data type in '#pragma HLS interface m_axi' [-Wignored-hls-pragmas]
#pragma HLS INTERFACE m_axi port=img_template offset=slave bundle=gmem
                                 ^
src/match_template.cpp:7:9: warning: HLS pragma dump _XLX_SEP_ PragmaIsValid=0_XLX_SEP_ PragmaType=interface_XLX_SEP_ PragmaContext=_XLX_SEP_ PragmaFunction=match_template_XLX_SEP_ PragmaOptions=m_axi port=img_template offset=slave bundle=gmem_XLX_SEP_ [-Wdump-hls-pragmas]
#pragma HLS INTERFACE m_axi port=img_template offset=slave bundle=gmem
        ^
src/match_template.cpp:8:34: warning: Unsupported interface port data type in '#pragma HLS interface m_axi' [-Wignored-hls-pragmas]
#pragma HLS INTERFACE m_axi port=img_out offset=slave bundle=gmem
                                 ^
src/match_template.cpp:8:9: warning: HLS pragma dump _XLX_SEP_ PragmaIsValid=0_XLX_SEP_ PragmaType=interface_XLX_SEP_ PragmaContext=_XLX_SEP_ PragmaFunction=match_template_XLX_SEP_ PragmaOptions=m_axi port=img_out offset=slave bundle=gmem_XLX_SEP_ [-Wdump-hls-pragmas]
#pragma HLS INTERFACE m_axi port=img_out offset=slave bundle=gmem
        ^
src/match_template.cpp:9:9: warning: HLS pragma dump _XLX_SEP_ PragmaIsValid=1_XLX_SEP_ PragmaType=interface_XLX_SEP_ PragmaContext=_XLX_SEP_ PragmaFunction=match_template_XLX_SEP_ PragmaOptions=s_axilite port=return bundle=control_XLX_SEP_ [-Wdump-hls-pragmas]
#pragma HLS INTERFACE s_axilite port=return bundle=control
        ^
src/match_template.cpp:15:9: warning: HLS pragma dump _XLX_SEP_ PragmaIsValid=1_XLX_SEP_ PragmaType=pipeline_XLX_SEP_ PragmaContext=_XLX_SEP_ PragmaFunction=match_template_XLX_SEP_ PragmaOptions=II=1_XLX_SEP_ [-Wdump-hls-pragmas]
#pragma HLS PIPELINE II=1
        ^
205 warnings generated.
