Copyright 1986-2022 Xilinx, Inc. All Rights Reserved. Copyright 2022-2024 Advanced Micro Devices, Inc. All Rights Reserved.
---------------------------------------------------------------------------------------------------------------------------------------------
| Tool Version : Vivado v.2024.2 (lin64) Build 5239630 Fri Nov 08 22:34:34 MST 2024
| Date         : Tue May 20 06:17:23 2025
| Host         : ANV-15 running 64-bit Ubuntu 22.04.5 LTS
| Command      : report_timing -max_paths 10 -file ./report/match_template_timing_paths_routed.rpt
| Design       : bd_0_wrapper
| Device       : 7s25-csga324
| Speed File   : -1  PRODUCTION 1.23 2018-06-13
| Design State : Routed
---------------------------------------------------------------------------------------------------------------------------------------------

Timing Report

Slack (VIOLATED) :        -3.518ns  (required time - arrival time)
  Source:                 bd_0_i/hls_inst/inst/mac_muladd_9s_9s_18s_19_4_1_U71/match_template_mac_muladd_9s_9s_18s_19_4_1_DSP48_0_U/p_reg_reg[-1111111107]__0/C
                            (rising edge-triggered cell FDRE clocked by ap_clk  {rise@0.000ns fall@1.650ns period=3.300ns})
  Destination:            bd_0_i/hls_inst/inst/mac_muladd_9s_9s_18s_19_4_1_U71/match_template_mac_muladd_9s_9s_18s_19_4_1_DSP48_0_U/m_reg_reg[17]/D
                            (rising edge-triggered cell FDRE clocked by ap_clk  {rise@0.000ns fall@1.650ns period=3.300ns})
  Path Group:             ap_clk
  Path Type:              Setup (Max at Slow Process Corner)
  Requirement:            3.300ns  (ap_clk rise@3.300ns - ap_clk rise@0.000ns)
  Data Path Delay:        6.796ns  (logic 3.686ns (54.236%)  route 3.110ns (45.764%))
  Logic Levels:           10  (CARRY4=6 LUT2=1 LUT3=2 LUT6=1)
  Clock Path Skew:        -0.049ns (DCD - SCD + CPR)
    Destination Clock Delay (DCD):    0.924ns = ( 4.224 - 3.300 ) 
    Source Clock Delay      (SCD):    0.973ns
    Clock Pessimism Removal (CPR):    0.000ns
  Clock Uncertainty:      0.035ns  ((TSJ^2 + TIJ^2)^1/2 + DJ) / 2 + PE
    Total System Jitter     (TSJ):    0.071ns
    Total Input Jitter      (TIJ):    0.000ns
    Discrete Jitter          (DJ):    0.000ns
    Phase Error              (PE):    0.000ns

    Location             Delay type                Incr(ns)  Path(ns)    Netlist Resource(s)
  -------------------------------------------------------------------    -------------------
                         (clock ap_clk rise edge)     0.000     0.000 r  
                                                      0.000     0.000 r  ap_clk (IN)
                         net (fo=3510, unset)         0.973     0.973    bd_0_i/hls_inst/inst/mac_muladd_9s_9s_18s_19_4_1_U71/match_template_mac_muladd_9s_9s_18s_19_4_1_DSP48_0_U/ap_clk
    SLICE_X17Y61         FDRE                                         r  bd_0_i/hls_inst/inst/mac_muladd_9s_9s_18s_19_4_1_U71/match_template_mac_muladd_9s_9s_18s_19_4_1_DSP48_0_U/p_reg_reg[-1111111107]__0/C
  -------------------------------------------------------------------    -------------------
    SLICE_X17Y61         FDRE (Prop_fdre_C_Q)         0.456     1.429 f  bd_0_i/hls_inst/inst/mac_muladd_9s_9s_18s_19_4_1_U71/match_template_mac_muladd_9s_9s_18s_19_4_1_DSP48_0_U/p_reg_reg[-1111111107]__0/Q
                         net (fo=32, routed)          0.745     2.174    bd_0_i/hls_inst/inst/mac_muladd_9s_9s_18s_19_4_1_U71/match_template_mac_muladd_9s_9s_18s_19_4_1_DSP48_0_U/p_reg_reg[4]
    SLICE_X17Y60         LUT2 (Prop_lut2_I0_O)        0.153     2.327 r  bd_0_i/hls_inst/inst/mac_muladd_9s_9s_18s_19_4_1_U71/match_template_mac_muladd_9s_9s_18s_19_4_1_DSP48_0_U/m_reg[11]_i_34/O
                         net (fo=1, routed)           0.587     2.914    bd_0_i/hls_inst/inst/mac_muladd_9s_9s_18s_19_4_1_U71/match_template_mac_muladd_9s_9s_18s_19_4_1_DSP48_0_U/m_reg[11]_i_34_n_0
    SLICE_X16Y60         LUT6 (Prop_lut6_I3_O)        0.327     3.241 r  bd_0_i/hls_inst/inst/mac_muladd_9s_9s_18s_19_4_1_U71/match_template_mac_muladd_9s_9s_18s_19_4_1_DSP48_0_U/m_reg[11]_i_30__10/O
                         net (fo=1, routed)           0.000     3.241    bd_0_i/hls_inst/inst/mac_muladd_9s_9s_18s_19_4_1_U71/match_template_mac_muladd_9s_9s_18s_19_4_1_DSP48_0_U/m_reg[11]_i_30__10_n_0
    SLICE_X16Y60         CARRY4 (Prop_carry4_S[2]_CO[3])
                                                      0.398     3.639 r  bd_0_i/hls_inst/inst/mac_muladd_9s_9s_18s_19_4_1_U71/match_template_mac_muladd_9s_9s_18s_19_4_1_DSP48_0_U/m_reg_reg[11]_i_13/CO[3]
                         net (fo=1, routed)           0.000     3.639    bd_0_i/hls_inst/inst/mac_muladd_9s_9s_18s_19_4_1_U71/match_template_mac_muladd_9s_9s_18s_19_4_1_DSP48_0_U/m_reg_reg[11]_i_13_n_0
    SLICE_X16Y61         CARRY4 (Prop_carry4_CI_O[1])
                                                      0.334     3.973 r  bd_0_i/hls_inst/inst/mac_muladd_9s_9s_18s_19_4_1_U71/match_template_mac_muladd_9s_9s_18s_19_4_1_DSP48_0_U/m_reg_reg[15]_i_13/O[1]
                         net (fo=2, routed)           0.674     4.647    bd_0_i/hls_inst/inst/mac_muladd_9s_9s_18s_19_4_1_U71/match_template_mac_muladd_9s_9s_18s_19_4_1_DSP48_0_U/m_reg_reg[15]_i_13_n_6
    SLICE_X16Y56         LUT3 (Prop_lut3_I2_O)        0.303     4.950 r  bd_0_i/hls_inst/inst/mac_muladd_9s_9s_18s_19_4_1_U71/match_template_mac_muladd_9s_9s_18s_19_4_1_DSP48_0_U/m_reg[15]_i_17/O
                         net (fo=1, routed)           0.000     4.950    bd_0_i/hls_inst/inst/mac_muladd_9s_9s_18s_19_4_1_U71/match_template_mac_muladd_9s_9s_18s_19_4_1_DSP48_0_U/m_reg[15]_i_17_n_0
    SLICE_X16Y56         CARRY4 (Prop_carry4_S[1]_O[2])
                                                      0.580     5.530 r  bd_0_i/hls_inst/inst/mac_muladd_9s_9s_18s_19_4_1_U71/match_template_mac_muladd_9s_9s_18s_19_4_1_DSP48_0_U/m_reg_reg[15]_i_10/O[2]
                         net (fo=3, routed)           0.620     6.150    bd_0_i/hls_inst/inst/mac_muladd_9s_9s_18s_19_4_1_U71/match_template_mac_muladd_9s_9s_18s_19_4_1_DSP48_0_U/m_reg_reg[15]_i_10_n_5
    SLICE_X14Y56         LUT3 (Prop_lut3_I0_O)        0.302     6.452 r  bd_0_i/hls_inst/inst/mac_muladd_9s_9s_18s_19_4_1_U71/match_template_mac_muladd_9s_9s_18s_19_4_1_DSP48_0_U/m_reg[11]_i_2/O
                         net (fo=1, routed)           0.484     6.936    bd_0_i/hls_inst/inst/mac_muladd_9s_9s_18s_19_4_1_U71/match_template_mac_muladd_9s_9s_18s_19_4_1_DSP48_0_U/m_reg[11]_i_2_n_0
    SLICE_X17Y56         CARRY4 (Prop_carry4_DI[3]_CO[3])
                                                      0.385     7.321 r  bd_0_i/hls_inst/inst/mac_muladd_9s_9s_18s_19_4_1_U71/match_template_mac_muladd_9s_9s_18s_19_4_1_DSP48_0_U/m_reg_reg[11]_i_1/CO[3]
                         net (fo=1, routed)           0.000     7.321    bd_0_i/hls_inst/inst/mac_muladd_9s_9s_18s_19_4_1_U71/match_template_mac_muladd_9s_9s_18s_19_4_1_DSP48_0_U/m_reg_reg[11]_i_1_n_0
    SLICE_X17Y57         CARRY4 (Prop_carry4_CI_CO[3])
                                                      0.114     7.435 r  bd_0_i/hls_inst/inst/mac_muladd_9s_9s_18s_19_4_1_U71/match_template_mac_muladd_9s_9s_18s_19_4_1_DSP48_0_U/m_reg_reg[15]_i_1/CO[3]
                         net (fo=1, routed)           0.000     7.435    bd_0_i/hls_inst/inst/mac_muladd_9s_9s_18s_19_4_1_U71/match_template_mac_muladd_9s_9s_18s_19_4_1_DSP48_0_U/m_reg_reg[15]_i_1_n_0
    SLICE_X17Y58         CARRY4 (Prop_carry4_CI_O[1])
                                                      0.334     7.769 r  bd_0_i/hls_inst/inst/mac_muladd_9s_9s_18s_19_4_1_U71/match_template_mac_muladd_9s_9s_18s_19_4_1_DSP48_0_U/m_reg_reg[18]_i_1/O[1]
                         net (fo=1, routed)           0.000     7.769    bd_0_i/hls_inst/inst/mac_muladd_9s_9s_18s_19_4_1_U71/match_template_mac_muladd_9s_9s_18s_19_4_1_DSP48_0_U/m_reg_reg[18]_i_1_n_6
    SLICE_X17Y58         FDRE                                         r  bd_0_i/hls_inst/inst/mac_muladd_9s_9s_18s_19_4_1_U71/match_template_mac_muladd_9s_9s_18s_19_4_1_DSP48_0_U/m_reg_reg[17]/D
  -------------------------------------------------------------------    -------------------

                         (clock ap_clk rise edge)     3.300     3.300 r  
                                                      0.000     3.300 r  ap_clk (IN)
                         net (fo=3510, unset)         0.924     4.224    bd_0_i/hls_inst/inst/mac_muladd_9s_9s_18s_19_4_1_U71/match_template_mac_muladd_9s_9s_18s_19_4_1_DSP48_0_U/ap_clk
    SLICE_X17Y58         FDRE                                         r  bd_0_i/hls_inst/inst/mac_muladd_9s_9s_18s_19_4_1_U71/match_template_mac_muladd_9s_9s_18s_19_4_1_DSP48_0_U/m_reg_reg[17]/C
                         clock pessimism              0.000     4.224    
                         clock uncertainty           -0.035     4.189    
    SLICE_X17Y58         FDRE (Setup_fdre_C_D)        0.062     4.251    bd_0_i/hls_inst/inst/mac_muladd_9s_9s_18s_19_4_1_U71/match_template_mac_muladd_9s_9s_18s_19_4_1_DSP48_0_U/m_reg_reg[17]
  -------------------------------------------------------------------
                         required time                          4.251    
                         arrival time                          -7.769    
  -------------------------------------------------------------------
                         slack                                 -3.518    

Slack (VIOLATED) :        -3.477ns  (required time - arrival time)
  Source:                 bd_0_i/hls_inst/inst/mac_muladd_9s_9s_18s_19_4_1_U87/match_template_mac_muladd_9s_9s_18s_19_4_1_DSP48_0_U/p_reg_reg[-1111111111]__0/C
                            (rising edge-triggered cell FDRE clocked by ap_clk  {rise@0.000ns fall@1.650ns period=3.300ns})
  Destination:            bd_0_i/hls_inst/inst/mac_muladd_9s_9s_18s_19_4_1_U87/match_template_mac_muladd_9s_9s_18s_19_4_1_DSP48_0_U/m_reg_reg[17]/D
                            (rising edge-triggered cell FDRE clocked by ap_clk  {rise@0.000ns fall@1.650ns period=3.300ns})
  Path Group:             ap_clk
  Path Type:              Setup (Max at Slow Process Corner)
  Requirement:            3.300ns  (ap_clk rise@3.300ns - ap_clk rise@0.000ns)
  Data Path Delay:        6.802ns  (logic 3.554ns (52.247%)  route 3.248ns (47.753%))
  Logic Levels:           9  (CARRY4=5 LUT2=1 LUT3=2 LUT6=1)
  Clock Path Skew:        -0.049ns (DCD - SCD + CPR)
    Destination Clock Delay (DCD):    0.924ns = ( 4.224 - 3.300 ) 
    Source Clock Delay      (SCD):    0.973ns
    Clock Pessimism Removal (CPR):    0.000ns
  Clock Uncertainty:      0.035ns  ((TSJ^2 + TIJ^2)^1/2 + DJ) / 2 + PE
    Total System Jitter     (TSJ):    0.071ns
    Total Input Jitter      (TIJ):    0.000ns
    Discrete Jitter          (DJ):    0.000ns
    Phase Error              (PE):    0.000ns

    Location             Delay type                Incr(ns)  Path(ns)    Netlist Resource(s)
  -------------------------------------------------------------------    -------------------
                         (clock ap_clk rise edge)     0.000     0.000 r  
                                                      0.000     0.000 r  ap_clk (IN)
                         net (fo=3510, unset)         0.973     0.973    bd_0_i/hls_inst/inst/mac_muladd_9s_9s_18s_19_4_1_U87/match_template_mac_muladd_9s_9s_18s_19_4_1_DSP48_0_U/ap_clk
    SLICE_X9Y79          FDRE                                         r  bd_0_i/hls_inst/inst/mac_muladd_9s_9s_18s_19_4_1_U87/match_template_mac_muladd_9s_9s_18s_19_4_1_DSP48_0_U/p_reg_reg[-1111111111]__0/C
  -------------------------------------------------------------------    -------------------
    SLICE_X9Y79          FDRE (Prop_fdre_C_Q)         0.456     1.429 f  bd_0_i/hls_inst/inst/mac_muladd_9s_9s_18s_19_4_1_U87/match_template_mac_muladd_9s_9s_18s_19_4_1_DSP48_0_U/p_reg_reg[-1111111111]__0/Q
                         net (fo=27, routed)          1.043     2.472    bd_0_i/hls_inst/inst/mac_muladd_9s_9s_18s_19_4_1_U87/match_template_mac_muladd_9s_9s_18s_19_4_1_DSP48_0_U/p_reg_reg[0]
    SLICE_X9Y79          LUT2 (Prop_lut2_I1_O)        0.149     2.621 r  bd_0_i/hls_inst/inst/mac_muladd_9s_9s_18s_19_4_1_U87/match_template_mac_muladd_9s_9s_18s_19_4_1_DSP48_0_U/m_reg[15]_i_44/O
                         net (fo=1, routed)           0.596     3.217    bd_0_i/hls_inst/inst/mac_muladd_9s_9s_18s_19_4_1_U87/match_template_mac_muladd_9s_9s_18s_19_4_1_DSP48_0_U/m_reg[15]_i_44_n_0
    SLICE_X11Y80         LUT6 (Prop_lut6_I5_O)        0.332     3.549 r  bd_0_i/hls_inst/inst/mac_muladd_9s_9s_18s_19_4_1_U87/match_template_mac_muladd_9s_9s_18s_19_4_1_DSP48_0_U/m_reg[15]_i_40__17/O
                         net (fo=1, routed)           0.000     3.549    bd_0_i/hls_inst/inst/mac_muladd_9s_9s_18s_19_4_1_U87/match_template_mac_muladd_9s_9s_18s_19_4_1_DSP48_0_U/m_reg[15]_i_40__17_n_0
    SLICE_X11Y80         CARRY4 (Prop_carry4_S[0]_O[1])
                                                      0.424     3.973 r  bd_0_i/hls_inst/inst/mac_muladd_9s_9s_18s_19_4_1_U87/match_template_mac_muladd_9s_9s_18s_19_4_1_DSP48_0_U/m_reg_reg[15]_i_13/O[1]
                         net (fo=2, routed)           0.674     4.647    bd_0_i/hls_inst/inst/mac_muladd_9s_9s_18s_19_4_1_U87/match_template_mac_muladd_9s_9s_18s_19_4_1_DSP48_0_U/m_reg_reg[15]_i_13_n_6
    SLICE_X10Y80         LUT3 (Prop_lut3_I2_O)        0.303     4.950 r  bd_0_i/hls_inst/inst/mac_muladd_9s_9s_18s_19_4_1_U87/match_template_mac_muladd_9s_9s_18s_19_4_1_DSP48_0_U/m_reg[15]_i_17/O
                         net (fo=1, routed)           0.000     4.950    bd_0_i/hls_inst/inst/mac_muladd_9s_9s_18s_19_4_1_U87/match_template_mac_muladd_9s_9s_18s_19_4_1_DSP48_0_U/m_reg[15]_i_17_n_0
    SLICE_X10Y80         CARRY4 (Prop_carry4_S[1]_CO[3])
                                                      0.533     5.483 r  bd_0_i/hls_inst/inst/mac_muladd_9s_9s_18s_19_4_1_U87/match_template_mac_muladd_9s_9s_18s_19_4_1_DSP48_0_U/m_reg_reg[15]_i_10/CO[3]
                         net (fo=1, routed)           0.000     5.483    bd_0_i/hls_inst/inst/mac_muladd_9s_9s_18s_19_4_1_U87/match_template_mac_muladd_9s_9s_18s_19_4_1_DSP48_0_U/m_reg_reg[15]_i_10_n_0
    SLICE_X10Y81         CARRY4 (Prop_carry4_CI_O[0])
                                                      0.219     5.702 r  bd_0_i/hls_inst/inst/mac_muladd_9s_9s_18s_19_4_1_U87/match_template_mac_muladd_9s_9s_18s_19_4_1_DSP48_0_U/m_reg_reg[18]_i_12/O[0]
                         net (fo=3, routed)           0.320     6.022    bd_0_i/hls_inst/inst/mac_muladd_9s_9s_18s_19_4_1_U87/match_template_mac_muladd_9s_9s_18s_19_4_1_DSP48_0_U/m_reg_reg[18]_i_12_n_7
    SLICE_X9Y81          LUT3 (Prop_lut3_I0_O)        0.295     6.317 r  bd_0_i/hls_inst/inst/mac_muladd_9s_9s_18s_19_4_1_U87/match_template_mac_muladd_9s_9s_18s_19_4_1_DSP48_0_U/m_reg[15]_i_4/O
                         net (fo=1, routed)           0.615     6.932    bd_0_i/hls_inst/inst/mac_muladd_9s_9s_18s_19_4_1_U87/match_template_mac_muladd_9s_9s_18s_19_4_1_DSP48_0_U/m_reg[15]_i_4_n_0
    SLICE_X8Y81          CARRY4 (Prop_carry4_DI[1]_CO[3])
                                                      0.520     7.452 r  bd_0_i/hls_inst/inst/mac_muladd_9s_9s_18s_19_4_1_U87/match_template_mac_muladd_9s_9s_18s_19_4_1_DSP48_0_U/m_reg_reg[15]_i_1/CO[3]
                         net (fo=1, routed)           0.000     7.452    bd_0_i/hls_inst/inst/mac_muladd_9s_9s_18s_19_4_1_U87/match_template_mac_muladd_9s_9s_18s_19_4_1_DSP48_0_U/m_reg_reg[15]_i_1_n_0
    SLICE_X8Y82          CARRY4 (Prop_carry4_CI_O[1])
                                                      0.323     7.775 r  bd_0_i/hls_inst/inst/mac_muladd_9s_9s_18s_19_4_1_U87/match_template_mac_muladd_9s_9s_18s_19_4_1_DSP48_0_U/m_reg_reg[18]_i_1/O[1]
                         net (fo=1, routed)           0.000     7.775    bd_0_i/hls_inst/inst/mac_muladd_9s_9s_18s_19_4_1_U87/match_template_mac_muladd_9s_9s_18s_19_4_1_DSP48_0_U/m_reg_reg[18]_i_1_n_6
    SLICE_X8Y82          FDRE                                         r  bd_0_i/hls_inst/inst/mac_muladd_9s_9s_18s_19_4_1_U87/match_template_mac_muladd_9s_9s_18s_19_4_1_DSP48_0_U/m_reg_reg[17]/D
  -------------------------------------------------------------------    -------------------

                         (clock ap_clk rise edge)     3.300     3.300 r  
                                                      0.000     3.300 r  ap_clk (IN)
                         net (fo=3510, unset)         0.924     4.224    bd_0_i/hls_inst/inst/mac_muladd_9s_9s_18s_19_4_1_U87/match_template_mac_muladd_9s_9s_18s_19_4_1_DSP48_0_U/ap_clk
    SLICE_X8Y82          FDRE                                         r  bd_0_i/hls_inst/inst/mac_muladd_9s_9s_18s_19_4_1_U87/match_template_mac_muladd_9s_9s_18s_19_4_1_DSP48_0_U/m_reg_reg[17]/C
                         clock pessimism              0.000     4.224    
                         clock uncertainty           -0.035     4.189    
    SLICE_X8Y82          FDRE (Setup_fdre_C_D)        0.109     4.298    bd_0_i/hls_inst/inst/mac_muladd_9s_9s_18s_19_4_1_U87/match_template_mac_muladd_9s_9s_18s_19_4_1_DSP48_0_U/m_reg_reg[17]
  -------------------------------------------------------------------
                         required time                          4.298    
                         arrival time                          -7.775    
  -------------------------------------------------------------------
                         slack                                 -3.477    

Slack (VIOLATED) :        -3.453ns  (required time - arrival time)
  Source:                 bd_0_i/hls_inst/inst/mac_muladd_9s_9s_18s_19_4_1_U93/match_template_mac_muladd_9s_9s_18s_19_4_1_DSP48_0_U/p_reg_reg[-1111111107]__0/C
                            (rising edge-triggered cell FDRE clocked by ap_clk  {rise@0.000ns fall@1.650ns period=3.300ns})
  Destination:            bd_0_i/hls_inst/inst/mac_muladd_9s_9s_18s_19_4_1_U93/match_template_mac_muladd_9s_9s_18s_19_4_1_DSP48_0_U/m_reg_reg[17]/D
                            (rising edge-triggered cell FDRE clocked by ap_clk  {rise@0.000ns fall@1.650ns period=3.300ns})
  Path Group:             ap_clk
  Path Type:              Setup (Max at Slow Process Corner)
  Requirement:            3.300ns  (ap_clk rise@3.300ns - ap_clk rise@0.000ns)
  Data Path Delay:        6.731ns  (logic 3.460ns (51.403%)  route 3.271ns (48.597%))
  Logic Levels:           9  (CARRY4=6 LUT3=1 LUT6=2)
  Clock Path Skew:        -0.049ns (DCD - SCD + CPR)
    Destination Clock Delay (DCD):    0.924ns = ( 4.224 - 3.300 ) 
    Source Clock Delay      (SCD):    0.973ns
    Clock Pessimism Removal (CPR):    0.000ns
  Clock Uncertainty:      0.035ns  ((TSJ^2 + TIJ^2)^1/2 + DJ) / 2 + PE
    Total System Jitter     (TSJ):    0.071ns
    Total Input Jitter      (TIJ):    0.000ns
    Discrete Jitter          (DJ):    0.000ns
    Phase Error              (PE):    0.000ns

    Location             Delay type                Incr(ns)  Path(ns)    Netlist Resource(s)
  -------------------------------------------------------------------    -------------------
                         (clock ap_clk rise edge)     0.000     0.000 r  
                                                      0.000     0.000 r  ap_clk (IN)
                         net (fo=3510, unset)         0.973     0.973    bd_0_i/hls_inst/inst/mac_muladd_9s_9s_18s_19_4_1_U93/match_template_mac_muladd_9s_9s_18s_19_4_1_DSP48_0_U/ap_clk
    SLICE_X9Y52          FDRE                                         r  bd_0_i/hls_inst/inst/mac_muladd_9s_9s_18s_19_4_1_U93/match_template_mac_muladd_9s_9s_18s_19_4_1_DSP48_0_U/p_reg_reg[-1111111107]__0/C
  -------------------------------------------------------------------    -------------------
    SLICE_X9Y52          FDRE (Prop_fdre_C_Q)         0.456     1.429 r  bd_0_i/hls_inst/inst/mac_muladd_9s_9s_18s_19_4_1_U93/match_template_mac_muladd_9s_9s_18s_19_4_1_DSP48_0_U/p_reg_reg[-1111111107]__0/Q
                         net (fo=32, routed)          0.904     2.333    bd_0_i/hls_inst/inst/mac_muladd_9s_9s_18s_19_4_1_U93/match_template_mac_muladd_9s_9s_18s_19_4_1_DSP48_0_U/p_reg_reg[4]
    SLICE_X11Y52         LUT6 (Prop_lut6_I1_O)        0.124     2.457 r  bd_0_i/hls_inst/inst/mac_muladd_9s_9s_18s_19_4_1_U93/match_template_mac_muladd_9s_9s_18s_19_4_1_DSP48_0_U/m_reg[11]_i_25/O
                         net (fo=2, routed)           0.682     3.139    bd_0_i/hls_inst/inst/mac_muladd_9s_9s_18s_19_4_1_U93/match_template_mac_muladd_9s_9s_18s_19_4_1_DSP48_0_U/m_reg[11]_i_25_n_0
    SLICE_X10Y52         LUT6 (Prop_lut6_I0_O)        0.124     3.263 r  bd_0_i/hls_inst/inst/mac_muladd_9s_9s_18s_19_4_1_U93/match_template_mac_muladd_9s_9s_18s_19_4_1_DSP48_0_U/m_reg[11]_i_29__20/O
                         net (fo=1, routed)           0.000     3.263    bd_0_i/hls_inst/inst/mac_muladd_9s_9s_18s_19_4_1_U93/match_template_mac_muladd_9s_9s_18s_19_4_1_DSP48_0_U/m_reg[11]_i_29__20_n_0
    SLICE_X10Y52         CARRY4 (Prop_carry4_S[3]_CO[3])
                                                      0.376     3.639 r  bd_0_i/hls_inst/inst/mac_muladd_9s_9s_18s_19_4_1_U93/match_template_mac_muladd_9s_9s_18s_19_4_1_DSP48_0_U/m_reg_reg[11]_i_13/CO[3]
                         net (fo=1, routed)           0.000     3.639    bd_0_i/hls_inst/inst/mac_muladd_9s_9s_18s_19_4_1_U93/match_template_mac_muladd_9s_9s_18s_19_4_1_DSP48_0_U/m_reg_reg[11]_i_13_n_0
    SLICE_X10Y53         CARRY4 (Prop_carry4_CI_O[1])
                                                      0.323     3.962 r  bd_0_i/hls_inst/inst/mac_muladd_9s_9s_18s_19_4_1_U93/match_template_mac_muladd_9s_9s_18s_19_4_1_DSP48_0_U/m_reg_reg[15]_i_13/O[1]
                         net (fo=2, routed)           0.643     4.605    bd_0_i/hls_inst/inst/mac_muladd_9s_9s_18s_19_4_1_U93/match_template_mac_muladd_9s_9s_18s_19_4_1_DSP48_0_U/m_reg_reg[15]_i_13_n_6
    SLICE_X8Y54          CARRY4 (Prop_carry4_DI[1]_CO[3])
                                                      0.702     5.307 r  bd_0_i/hls_inst/inst/mac_muladd_9s_9s_18s_19_4_1_U93/match_template_mac_muladd_9s_9s_18s_19_4_1_DSP48_0_U/m_reg_reg[15]_i_10/CO[3]
                         net (fo=1, routed)           0.000     5.307    bd_0_i/hls_inst/inst/mac_muladd_9s_9s_18s_19_4_1_U93/match_template_mac_muladd_9s_9s_18s_19_4_1_DSP48_0_U/m_reg_reg[15]_i_10_n_0
    SLICE_X8Y55          CARRY4 (Prop_carry4_CI_O[0])
                                                      0.219     5.526 r  bd_0_i/hls_inst/inst/mac_muladd_9s_9s_18s_19_4_1_U93/match_template_mac_muladd_9s_9s_18s_19_4_1_DSP48_0_U/m_reg_reg[18]_i_12/O[0]
                         net (fo=3, routed)           0.349     5.875    bd_0_i/hls_inst/inst/mac_muladd_9s_9s_18s_19_4_1_U93/match_template_mac_muladd_9s_9s_18s_19_4_1_DSP48_0_U/m_reg_reg[18]_i_12_n_7
    SLICE_X8Y57          LUT3 (Prop_lut3_I0_O)        0.295     6.170 r  bd_0_i/hls_inst/inst/mac_muladd_9s_9s_18s_19_4_1_U93/match_template_mac_muladd_9s_9s_18s_19_4_1_DSP48_0_U/m_reg[15]_i_4/O
                         net (fo=1, routed)           0.693     6.863    bd_0_i/hls_inst/inst/mac_muladd_9s_9s_18s_19_4_1_U93/match_template_mac_muladd_9s_9s_18s_19_4_1_DSP48_0_U/m_reg[15]_i_4_n_0
    SLICE_X7Y56          CARRY4 (Prop_carry4_DI[1]_CO[3])
                                                      0.507     7.370 r  bd_0_i/hls_inst/inst/mac_muladd_9s_9s_18s_19_4_1_U93/match_template_mac_muladd_9s_9s_18s_19_4_1_DSP48_0_U/m_reg_reg[15]_i_1/CO[3]
                         net (fo=1, routed)           0.000     7.370    bd_0_i/hls_inst/inst/mac_muladd_9s_9s_18s_19_4_1_U93/match_template_mac_muladd_9s_9s_18s_19_4_1_DSP48_0_U/m_reg_reg[15]_i_1_n_0
    SLICE_X7Y57          CARRY4 (Prop_carry4_CI_O[1])
                                                      0.334     7.704 r  bd_0_i/hls_inst/inst/mac_muladd_9s_9s_18s_19_4_1_U93/match_template_mac_muladd_9s_9s_18s_19_4_1_DSP48_0_U/m_reg_reg[18]_i_1/O[1]
                         net (fo=1, routed)           0.000     7.704    bd_0_i/hls_inst/inst/mac_muladd_9s_9s_18s_19_4_1_U93/match_template_mac_muladd_9s_9s_18s_19_4_1_DSP48_0_U/m_reg_reg[18]_i_1_n_6
    SLICE_X7Y57          FDRE                                         r  bd_0_i/hls_inst/inst/mac_muladd_9s_9s_18s_19_4_1_U93/match_template_mac_muladd_9s_9s_18s_19_4_1_DSP48_0_U/m_reg_reg[17]/D
  -------------------------------------------------------------------    -------------------

                         (clock ap_clk rise edge)     3.300     3.300 r  
                                                      0.000     3.300 r  ap_clk (IN)
                         net (fo=3510, unset)         0.924     4.224    bd_0_i/hls_inst/inst/mac_muladd_9s_9s_18s_19_4_1_U93/match_template_mac_muladd_9s_9s_18s_19_4_1_DSP48_0_U/ap_clk
    SLICE_X7Y57          FDRE                                         r  bd_0_i/hls_inst/inst/mac_muladd_9s_9s_18s_19_4_1_U93/match_template_mac_muladd_9s_9s_18s_19_4_1_DSP48_0_U/m_reg_reg[17]/C
                         clock pessimism              0.000     4.224    
                         clock uncertainty           -0.035     4.189    
    SLICE_X7Y57          FDRE (Setup_fdre_C_D)        0.062     4.251    bd_0_i/hls_inst/inst/mac_muladd_9s_9s_18s_19_4_1_U93/match_template_mac_muladd_9s_9s_18s_19_4_1_DSP48_0_U/m_reg_reg[17]
  -------------------------------------------------------------------
                         required time                          4.251    
                         arrival time                          -7.704    
  -------------------------------------------------------------------
                         slack                                 -3.453    

Slack (VIOLATED) :        -3.439ns  (required time - arrival time)
  Source:                 bd_0_i/hls_inst/inst/mac_muladd_9s_9s_18s_19_4_1_U84/match_template_mac_muladd_9s_9s_18s_19_4_1_DSP48_0_U/p_reg_reg[-1111111105]__0/C
                            (rising edge-triggered cell FDRE clocked by ap_clk  {rise@0.000ns fall@1.650ns period=3.300ns})
  Destination:            bd_0_i/hls_inst/inst/mac_muladd_9s_9s_18s_19_4_1_U84/match_template_mac_muladd_9s_9s_18s_19_4_1_DSP48_0_U/m_reg_reg[17]/D
                            (rising edge-triggered cell FDRE clocked by ap_clk  {rise@0.000ns fall@1.650ns period=3.300ns})
  Path Group:             ap_clk
  Path Type:              Setup (Max at Slow Process Corner)
  Requirement:            3.300ns  (ap_clk rise@3.300ns - ap_clk rise@0.000ns)
  Data Path Delay:        6.717ns  (logic 3.648ns (54.307%)  route 3.069ns (45.693%))
  Logic Levels:           9  (CARRY4=6 LUT3=1 LUT6=2)
  Clock Path Skew:        -0.049ns (DCD - SCD + CPR)
    Destination Clock Delay (DCD):    0.924ns = ( 4.224 - 3.300 ) 
    Source Clock Delay      (SCD):    0.973ns
    Clock Pessimism Removal (CPR):    0.000ns
  Clock Uncertainty:      0.035ns  ((TSJ^2 + TIJ^2)^1/2 + DJ) / 2 + PE
    Total System Jitter     (TSJ):    0.071ns
    Total Input Jitter      (TIJ):    0.000ns
    Discrete Jitter          (DJ):    0.000ns
    Phase Error              (PE):    0.000ns

    Location             Delay type                Incr(ns)  Path(ns)    Netlist Resource(s)
  -------------------------------------------------------------------    -------------------
                         (clock ap_clk rise edge)     0.000     0.000 r  
                                                      0.000     0.000 r  ap_clk (IN)
                         net (fo=3510, unset)         0.973     0.973    bd_0_i/hls_inst/inst/mac_muladd_9s_9s_18s_19_4_1_U84/match_template_mac_muladd_9s_9s_18s_19_4_1_DSP48_0_U/ap_clk
    SLICE_X20Y28         FDRE                                         r  bd_0_i/hls_inst/inst/mac_muladd_9s_9s_18s_19_4_1_U84/match_template_mac_muladd_9s_9s_18s_19_4_1_DSP48_0_U/p_reg_reg[-1111111105]__0/C
  -------------------------------------------------------------------    -------------------
    SLICE_X20Y28         FDRE (Prop_fdre_C_Q)         0.456     1.429 r  bd_0_i/hls_inst/inst/mac_muladd_9s_9s_18s_19_4_1_U84/match_template_mac_muladd_9s_9s_18s_19_4_1_DSP48_0_U/p_reg_reg[-1111111105]__0/Q
                         net (fo=30, routed)          1.057     2.486    bd_0_i/hls_inst/inst/mac_muladd_9s_9s_18s_19_4_1_U84/match_template_mac_muladd_9s_9s_18s_19_4_1_DSP48_0_U/p_reg_reg[6]
    SLICE_X23Y26         LUT6 (Prop_lut6_I5_O)        0.124     2.610 r  bd_0_i/hls_inst/inst/mac_muladd_9s_9s_18s_19_4_1_U84/match_template_mac_muladd_9s_9s_18s_19_4_1_DSP48_0_U/m_reg[11]_i_25/O
                         net (fo=2, routed)           0.753     3.363    bd_0_i/hls_inst/inst/mac_muladd_9s_9s_18s_19_4_1_U84/match_template_mac_muladd_9s_9s_18s_19_4_1_DSP48_0_U/m_reg[11]_i_25_n_0
    SLICE_X25Y27         CARRY4 (Prop_carry4_DI[3]_CO[3])
                                                      0.385     3.748 r  bd_0_i/hls_inst/inst/mac_muladd_9s_9s_18s_19_4_1_U84/match_template_mac_muladd_9s_9s_18s_19_4_1_DSP48_0_U/m_reg_reg[11]_i_13/CO[3]
                         net (fo=1, routed)           0.000     3.748    bd_0_i/hls_inst/inst/mac_muladd_9s_9s_18s_19_4_1_U84/match_template_mac_muladd_9s_9s_18s_19_4_1_DSP48_0_U/m_reg_reg[11]_i_13_n_0
    SLICE_X25Y28         CARRY4 (Prop_carry4_CI_O[1])
                                                      0.334     4.082 r  bd_0_i/hls_inst/inst/mac_muladd_9s_9s_18s_19_4_1_U84/match_template_mac_muladd_9s_9s_18s_19_4_1_DSP48_0_U/m_reg_reg[15]_i_13/O[1]
                         net (fo=2, routed)           0.679     4.761    bd_0_i/hls_inst/inst/mac_muladd_9s_9s_18s_19_4_1_U84/match_template_mac_muladd_9s_9s_18s_19_4_1_DSP48_0_U/m_reg_reg[15]_i_13_n_6
    SLICE_X22Y28         LUT3 (Prop_lut3_I2_O)        0.303     5.064 r  bd_0_i/hls_inst/inst/mac_muladd_9s_9s_18s_19_4_1_U84/match_template_mac_muladd_9s_9s_18s_19_4_1_DSP48_0_U/m_reg[15]_i_17/O
                         net (fo=1, routed)           0.000     5.064    bd_0_i/hls_inst/inst/mac_muladd_9s_9s_18s_19_4_1_U84/match_template_mac_muladd_9s_9s_18s_19_4_1_DSP48_0_U/m_reg[15]_i_17_n_0
    SLICE_X22Y28         CARRY4 (Prop_carry4_S[1]_CO[3])
                                                      0.533     5.597 r  bd_0_i/hls_inst/inst/mac_muladd_9s_9s_18s_19_4_1_U84/match_template_mac_muladd_9s_9s_18s_19_4_1_DSP48_0_U/m_reg_reg[15]_i_10/CO[3]
                         net (fo=1, routed)           0.000     5.597    bd_0_i/hls_inst/inst/mac_muladd_9s_9s_18s_19_4_1_U84/match_template_mac_muladd_9s_9s_18s_19_4_1_DSP48_0_U/m_reg_reg[15]_i_10_n_0
    SLICE_X22Y29         CARRY4 (Prop_carry4_CI_O[1])
                                                      0.323     5.920 r  bd_0_i/hls_inst/inst/mac_muladd_9s_9s_18s_19_4_1_U84/match_template_mac_muladd_9s_9s_18s_19_4_1_DSP48_0_U/m_reg_reg[18]_i_12/O[1]
                         net (fo=3, routed)           0.581     6.500    bd_0_i/hls_inst/inst/mac_muladd_9s_9s_18s_19_4_1_U84/match_template_mac_muladd_9s_9s_18s_19_4_1_DSP48_0_U/m_reg_reg[18]_i_12_n_6
    SLICE_X19Y29         LUT6 (Prop_lut6_I4_O)        0.306     6.806 r  bd_0_i/hls_inst/inst/mac_muladd_9s_9s_18s_19_4_1_U84/match_template_mac_muladd_9s_9s_18s_19_4_1_DSP48_0_U/m_reg[15]_i_8/O
                         net (fo=1, routed)           0.000     6.806    bd_0_i/hls_inst/inst/mac_muladd_9s_9s_18s_19_4_1_U84/match_template_mac_muladd_9s_9s_18s_19_4_1_DSP48_0_U/m_reg[15]_i_8_n_0
    SLICE_X19Y29         CARRY4 (Prop_carry4_S[1]_CO[3])
                                                      0.550     7.356 r  bd_0_i/hls_inst/inst/mac_muladd_9s_9s_18s_19_4_1_U84/match_template_mac_muladd_9s_9s_18s_19_4_1_DSP48_0_U/m_reg_reg[15]_i_1/CO[3]
                         net (fo=1, routed)           0.000     7.356    bd_0_i/hls_inst/inst/mac_muladd_9s_9s_18s_19_4_1_U84/match_template_mac_muladd_9s_9s_18s_19_4_1_DSP48_0_U/m_reg_reg[15]_i_1_n_0
    SLICE_X19Y30         CARRY4 (Prop_carry4_CI_O[1])
                                                      0.334     7.690 r  bd_0_i/hls_inst/inst/mac_muladd_9s_9s_18s_19_4_1_U84/match_template_mac_muladd_9s_9s_18s_19_4_1_DSP48_0_U/m_reg_reg[18]_i_1/O[1]
                         net (fo=1, routed)           0.000     7.690    bd_0_i/hls_inst/inst/mac_muladd_9s_9s_18s_19_4_1_U84/match_template_mac_muladd_9s_9s_18s_19_4_1_DSP48_0_U/m_reg_reg[18]_i_1_n_6
    SLICE_X19Y30         FDRE                                         r  bd_0_i/hls_inst/inst/mac_muladd_9s_9s_18s_19_4_1_U84/match_template_mac_muladd_9s_9s_18s_19_4_1_DSP48_0_U/m_reg_reg[17]/D
  -------------------------------------------------------------------    -------------------

                         (clock ap_clk rise edge)     3.300     3.300 r  
                                                      0.000     3.300 r  ap_clk (IN)
                         net (fo=3510, unset)         0.924     4.224    bd_0_i/hls_inst/inst/mac_muladd_9s_9s_18s_19_4_1_U84/match_template_mac_muladd_9s_9s_18s_19_4_1_DSP48_0_U/ap_clk
    SLICE_X19Y30         FDRE                                         r  bd_0_i/hls_inst/inst/mac_muladd_9s_9s_18s_19_4_1_U84/match_template_mac_muladd_9s_9s_18s_19_4_1_DSP48_0_U/m_reg_reg[17]/C
                         clock pessimism              0.000     4.224    
                         clock uncertainty           -0.035     4.189    
    SLICE_X19Y30         FDRE (Setup_fdre_C_D)        0.062     4.251    bd_0_i/hls_inst/inst/mac_muladd_9s_9s_18s_19_4_1_U84/match_template_mac_muladd_9s_9s_18s_19_4_1_DSP48_0_U/m_reg_reg[17]
  -------------------------------------------------------------------
                         required time                          4.251    
                         arrival time                          -7.690    
  -------------------------------------------------------------------
                         slack                                 -3.439    

Slack (VIOLATED) :        -3.423ns  (required time - arrival time)
  Source:                 bd_0_i/hls_inst/inst/mac_muladd_9s_9s_18s_19_4_1_U71/match_template_mac_muladd_9s_9s_18s_19_4_1_DSP48_0_U/p_reg_reg[-1111111107]__0/C
                            (rising edge-triggered cell FDRE clocked by ap_clk  {rise@0.000ns fall@1.650ns period=3.300ns})
  Destination:            bd_0_i/hls_inst/inst/mac_muladd_9s_9s_18s_19_4_1_U71/match_template_mac_muladd_9s_9s_18s_19_4_1_DSP48_0_U/m_reg_reg[18]/D
                            (rising edge-triggered cell FDRE clocked by ap_clk  {rise@0.000ns fall@1.650ns period=3.300ns})
  Path Group:             ap_clk
  Path Type:              Setup (Max at Slow Process Corner)
  Requirement:            3.300ns  (ap_clk rise@3.300ns - ap_clk rise@0.000ns)
  Data Path Delay:        6.701ns  (logic 3.591ns (53.587%)  route 3.110ns (46.413%))
  Logic Levels:           10  (CARRY4=6 LUT2=1 LUT3=2 LUT6=1)
  Clock Path Skew:        -0.049ns (DCD - SCD + CPR)
    Destination Clock Delay (DCD):    0.924ns = ( 4.224 - 3.300 ) 
    Source Clock Delay      (SCD):    0.973ns
    Clock Pessimism Removal (CPR):    0.000ns
  Clock Uncertainty:      0.035ns  ((TSJ^2 + TIJ^2)^1/2 + DJ) / 2 + PE
    Total System Jitter     (TSJ):    0.071ns
    Total Input Jitter      (TIJ):    0.000ns
    Discrete Jitter          (DJ):    0.000ns
    Phase Error              (PE):    0.000ns

    Location             Delay type                Incr(ns)  Path(ns)    Netlist Resource(s)
  -------------------------------------------------------------------    -------------------
                         (clock ap_clk rise edge)     0.000     0.000 r  
                                                      0.000     0.000 r  ap_clk (IN)
                         net (fo=3510, unset)         0.973     0.973    bd_0_i/hls_inst/inst/mac_muladd_9s_9s_18s_19_4_1_U71/match_template_mac_muladd_9s_9s_18s_19_4_1_DSP48_0_U/ap_clk
    SLICE_X17Y61         FDRE                                         r  bd_0_i/hls_inst/inst/mac_muladd_9s_9s_18s_19_4_1_U71/match_template_mac_muladd_9s_9s_18s_19_4_1_DSP48_0_U/p_reg_reg[-1111111107]__0/C
  -------------------------------------------------------------------    -------------------
    SLICE_X17Y61         FDRE (Prop_fdre_C_Q)         0.456     1.429 f  bd_0_i/hls_inst/inst/mac_muladd_9s_9s_18s_19_4_1_U71/match_template_mac_muladd_9s_9s_18s_19_4_1_DSP48_0_U/p_reg_reg[-1111111107]__0/Q
                         net (fo=32, routed)          0.745     2.174    bd_0_i/hls_inst/inst/mac_muladd_9s_9s_18s_19_4_1_U71/match_template_mac_muladd_9s_9s_18s_19_4_1_DSP48_0_U/p_reg_reg[4]
    SLICE_X17Y60         LUT2 (Prop_lut2_I0_O)        0.153     2.327 r  bd_0_i/hls_inst/inst/mac_muladd_9s_9s_18s_19_4_1_U71/match_template_mac_muladd_9s_9s_18s_19_4_1_DSP48_0_U/m_reg[11]_i_34/O
                         net (fo=1, routed)           0.587     2.914    bd_0_i/hls_inst/inst/mac_muladd_9s_9s_18s_19_4_1_U71/match_template_mac_muladd_9s_9s_18s_19_4_1_DSP48_0_U/m_reg[11]_i_34_n_0
    SLICE_X16Y60         LUT6 (Prop_lut6_I3_O)        0.327     3.241 r  bd_0_i/hls_inst/inst/mac_muladd_9s_9s_18s_19_4_1_U71/match_template_mac_muladd_9s_9s_18s_19_4_1_DSP48_0_U/m_reg[11]_i_30__10/O
                         net (fo=1, routed)           0.000     3.241    bd_0_i/hls_inst/inst/mac_muladd_9s_9s_18s_19_4_1_U71/match_template_mac_muladd_9s_9s_18s_19_4_1_DSP48_0_U/m_reg[11]_i_30__10_n_0
    SLICE_X16Y60         CARRY4 (Prop_carry4_S[2]_CO[3])
                                                      0.398     3.639 r  bd_0_i/hls_inst/inst/mac_muladd_9s_9s_18s_19_4_1_U71/match_template_mac_muladd_9s_9s_18s_19_4_1_DSP48_0_U/m_reg_reg[11]_i_13/CO[3]
                         net (fo=1, routed)           0.000     3.639    bd_0_i/hls_inst/inst/mac_muladd_9s_9s_18s_19_4_1_U71/match_template_mac_muladd_9s_9s_18s_19_4_1_DSP48_0_U/m_reg_reg[11]_i_13_n_0
    SLICE_X16Y61         CARRY4 (Prop_carry4_CI_O[1])
                                                      0.334     3.973 r  bd_0_i/hls_inst/inst/mac_muladd_9s_9s_18s_19_4_1_U71/match_template_mac_muladd_9s_9s_18s_19_4_1_DSP48_0_U/m_reg_reg[15]_i_13/O[1]
                         net (fo=2, routed)           0.674     4.647    bd_0_i/hls_inst/inst/mac_muladd_9s_9s_18s_19_4_1_U71/match_template_mac_muladd_9s_9s_18s_19_4_1_DSP48_0_U/m_reg_reg[15]_i_13_n_6
    SLICE_X16Y56         LUT3 (Prop_lut3_I2_O)        0.303     4.950 r  bd_0_i/hls_inst/inst/mac_muladd_9s_9s_18s_19_4_1_U71/match_template_mac_muladd_9s_9s_18s_19_4_1_DSP48_0_U/m_reg[15]_i_17/O
                         net (fo=1, routed)           0.000     4.950    bd_0_i/hls_inst/inst/mac_muladd_9s_9s_18s_19_4_1_U71/match_template_mac_muladd_9s_9s_18s_19_4_1_DSP48_0_U/m_reg[15]_i_17_n_0
    SLICE_X16Y56         CARRY4 (Prop_carry4_S[1]_O[2])
                                                      0.580     5.530 r  bd_0_i/hls_inst/inst/mac_muladd_9s_9s_18s_19_4_1_U71/match_template_mac_muladd_9s_9s_18s_19_4_1_DSP48_0_U/m_reg_reg[15]_i_10/O[2]
                         net (fo=3, routed)           0.620     6.150    bd_0_i/hls_inst/inst/mac_muladd_9s_9s_18s_19_4_1_U71/match_template_mac_muladd_9s_9s_18s_19_4_1_DSP48_0_U/m_reg_reg[15]_i_10_n_5
    SLICE_X14Y56         LUT3 (Prop_lut3_I0_O)        0.302     6.452 r  bd_0_i/hls_inst/inst/mac_muladd_9s_9s_18s_19_4_1_U71/match_template_mac_muladd_9s_9s_18s_19_4_1_DSP48_0_U/m_reg[11]_i_2/O
                         net (fo=1, routed)           0.484     6.936    bd_0_i/hls_inst/inst/mac_muladd_9s_9s_18s_19_4_1_U71/match_template_mac_muladd_9s_9s_18s_19_4_1_DSP48_0_U/m_reg[11]_i_2_n_0
    SLICE_X17Y56         CARRY4 (Prop_carry4_DI[3]_CO[3])
                                                      0.385     7.321 r  bd_0_i/hls_inst/inst/mac_muladd_9s_9s_18s_19_4_1_U71/match_template_mac_muladd_9s_9s_18s_19_4_1_DSP48_0_U/m_reg_reg[11]_i_1/CO[3]
                         net (fo=1, routed)           0.000     7.321    bd_0_i/hls_inst/inst/mac_muladd_9s_9s_18s_19_4_1_U71/match_template_mac_muladd_9s_9s_18s_19_4_1_DSP48_0_U/m_reg_reg[11]_i_1_n_0
    SLICE_X17Y57         CARRY4 (Prop_carry4_CI_CO[3])
                                                      0.114     7.435 r  bd_0_i/hls_inst/inst/mac_muladd_9s_9s_18s_19_4_1_U71/match_template_mac_muladd_9s_9s_18s_19_4_1_DSP48_0_U/m_reg_reg[15]_i_1/CO[3]
                         net (fo=1, routed)           0.000     7.435    bd_0_i/hls_inst/inst/mac_muladd_9s_9s_18s_19_4_1_U71/match_template_mac_muladd_9s_9s_18s_19_4_1_DSP48_0_U/m_reg_reg[15]_i_1_n_0
    SLICE_X17Y58         CARRY4 (Prop_carry4_CI_O[2])
                                                      0.239     7.674 r  bd_0_i/hls_inst/inst/mac_muladd_9s_9s_18s_19_4_1_U71/match_template_mac_muladd_9s_9s_18s_19_4_1_DSP48_0_U/m_reg_reg[18]_i_1/O[2]
                         net (fo=1, routed)           0.000     7.674    bd_0_i/hls_inst/inst/mac_muladd_9s_9s_18s_19_4_1_U71/match_template_mac_muladd_9s_9s_18s_19_4_1_DSP48_0_U/m_reg_reg[18]_i_1_n_5
    SLICE_X17Y58         FDRE                                         r  bd_0_i/hls_inst/inst/mac_muladd_9s_9s_18s_19_4_1_U71/match_template_mac_muladd_9s_9s_18s_19_4_1_DSP48_0_U/m_reg_reg[18]/D
  -------------------------------------------------------------------    -------------------

                         (clock ap_clk rise edge)     3.300     3.300 r  
                                                      0.000     3.300 r  ap_clk (IN)
                         net (fo=3510, unset)         0.924     4.224    bd_0_i/hls_inst/inst/mac_muladd_9s_9s_18s_19_4_1_U71/match_template_mac_muladd_9s_9s_18s_19_4_1_DSP48_0_U/ap_clk
    SLICE_X17Y58         FDRE                                         r  bd_0_i/hls_inst/inst/mac_muladd_9s_9s_18s_19_4_1_U71/match_template_mac_muladd_9s_9s_18s_19_4_1_DSP48_0_U/m_reg_reg[18]/C
                         clock pessimism              0.000     4.224    
                         clock uncertainty           -0.035     4.189    
    SLICE_X17Y58         FDRE (Setup_fdre_C_D)        0.062     4.251    bd_0_i/hls_inst/inst/mac_muladd_9s_9s_18s_19_4_1_U71/match_template_mac_muladd_9s_9s_18s_19_4_1_DSP48_0_U/m_reg_reg[18]
  -------------------------------------------------------------------
                         required time                          4.251    
                         arrival time                          -7.674    
  -------------------------------------------------------------------
                         slack                                 -3.423    

Slack (VIOLATED) :        -3.419ns  (required time - arrival time)
  Source:                 bd_0_i/hls_inst/inst/mac_muladd_9s_9s_18s_19_4_1_U57/match_template_mac_muladd_9s_9s_18s_19_4_1_DSP48_0_U/p_reg_reg[-1111111109]__0/C
                            (rising edge-triggered cell FDRE clocked by ap_clk  {rise@0.000ns fall@1.650ns period=3.300ns})
  Destination:            bd_0_i/hls_inst/inst/mac_muladd_9s_9s_18s_19_4_1_U57/match_template_mac_muladd_9s_9s_18s_19_4_1_DSP48_0_U/m_reg_reg[17]/D
                            (rising edge-triggered cell FDRE clocked by ap_clk  {rise@0.000ns fall@1.650ns period=3.300ns})
  Path Group:             ap_clk
  Path Type:              Setup (Max at Slow Process Corner)
  Requirement:            3.300ns  (ap_clk rise@3.300ns - ap_clk rise@0.000ns)
  Data Path Delay:        6.697ns  (logic 3.372ns (50.348%)  route 3.325ns (49.652%))
  Logic Levels:           8  (CARRY4=6 LUT3=1 LUT6=1)
  Clock Path Skew:        -0.049ns (DCD - SCD + CPR)
    Destination Clock Delay (DCD):    0.924ns = ( 4.224 - 3.300 ) 
    Source Clock Delay      (SCD):    0.973ns
    Clock Pessimism Removal (CPR):    0.000ns
  Clock Uncertainty:      0.035ns  ((TSJ^2 + TIJ^2)^1/2 + DJ) / 2 + PE
    Total System Jitter     (TSJ):    0.071ns
    Total Input Jitter      (TIJ):    0.000ns
    Discrete Jitter          (DJ):    0.000ns
    Phase Error              (PE):    0.000ns

    Location             Delay type                Incr(ns)  Path(ns)    Netlist Resource(s)
  -------------------------------------------------------------------    -------------------
                         (clock ap_clk rise edge)     0.000     0.000 r  
                                                      0.000     0.000 r  ap_clk (IN)
                         net (fo=3510, unset)         0.973     0.973    bd_0_i/hls_inst/inst/mac_muladd_9s_9s_18s_19_4_1_U57/match_template_mac_muladd_9s_9s_18s_19_4_1_DSP48_0_U/ap_clk
    SLICE_X31Y63         FDRE                                         r  bd_0_i/hls_inst/inst/mac_muladd_9s_9s_18s_19_4_1_U57/match_template_mac_muladd_9s_9s_18s_19_4_1_DSP48_0_U/p_reg_reg[-1111111109]__0/C
  -------------------------------------------------------------------    -------------------
    SLICE_X31Y63         FDRE (Prop_fdre_C_Q)         0.456     1.429 r  bd_0_i/hls_inst/inst/mac_muladd_9s_9s_18s_19_4_1_U57/match_template_mac_muladd_9s_9s_18s_19_4_1_DSP48_0_U/p_reg_reg[-1111111109]__0/Q
                         net (fo=31, routed)          1.089     2.518    bd_0_i/hls_inst/inst/mac_muladd_9s_9s_18s_19_4_1_U57/match_template_mac_muladd_9s_9s_18s_19_4_1_DSP48_0_U/p_reg_reg[2]
    SLICE_X32Y63         LUT6 (Prop_lut6_I0_O)        0.124     2.642 r  bd_0_i/hls_inst/inst/mac_muladd_9s_9s_18s_19_4_1_U57/match_template_mac_muladd_9s_9s_18s_19_4_1_DSP48_0_U/m_reg[11]_i_26__4/O
                         net (fo=2, routed)           0.632     3.274    bd_0_i/hls_inst/inst/mac_muladd_9s_9s_18s_19_4_1_U57/match_template_mac_muladd_9s_9s_18s_19_4_1_DSP48_0_U/m_reg[11]_i_26__4_n_0
    SLICE_X31Y62         CARRY4 (Prop_carry4_DI[2]_CO[3])
                                                      0.398     3.672 r  bd_0_i/hls_inst/inst/mac_muladd_9s_9s_18s_19_4_1_U57/match_template_mac_muladd_9s_9s_18s_19_4_1_DSP48_0_U/m_reg_reg[11]_i_13/CO[3]
                         net (fo=1, routed)           0.000     3.672    bd_0_i/hls_inst/inst/mac_muladd_9s_9s_18s_19_4_1_U57/match_template_mac_muladd_9s_9s_18s_19_4_1_DSP48_0_U/m_reg_reg[11]_i_13_n_0
    SLICE_X31Y63         CARRY4 (Prop_carry4_CI_O[1])
                                                      0.334     4.006 r  bd_0_i/hls_inst/inst/mac_muladd_9s_9s_18s_19_4_1_U57/match_template_mac_muladd_9s_9s_18s_19_4_1_DSP48_0_U/m_reg_reg[15]_i_13/O[1]
                         net (fo=2, routed)           0.627     4.633    bd_0_i/hls_inst/inst/mac_muladd_9s_9s_18s_19_4_1_U57/match_template_mac_muladd_9s_9s_18s_19_4_1_DSP48_0_U/m_reg_reg[15]_i_13_n_6
    SLICE_X30Y62         CARRY4 (Prop_carry4_DI[1]_CO[3])
                                                      0.699     5.332 r  bd_0_i/hls_inst/inst/mac_muladd_9s_9s_18s_19_4_1_U57/match_template_mac_muladd_9s_9s_18s_19_4_1_DSP48_0_U/m_reg_reg[15]_i_10/CO[3]
                         net (fo=1, routed)           0.000     5.332    bd_0_i/hls_inst/inst/mac_muladd_9s_9s_18s_19_4_1_U57/match_template_mac_muladd_9s_9s_18s_19_4_1_DSP48_0_U/m_reg_reg[15]_i_10_n_0
    SLICE_X30Y63         CARRY4 (Prop_carry4_CI_O[1])
                                                      0.323     5.655 r  bd_0_i/hls_inst/inst/mac_muladd_9s_9s_18s_19_4_1_U57/match_template_mac_muladd_9s_9s_18s_19_4_1_DSP48_0_U/m_reg_reg[18]_i_12/O[1]
                         net (fo=3, routed)           0.336     5.991    bd_0_i/hls_inst/inst/mac_muladd_9s_9s_18s_19_4_1_U57/match_template_mac_muladd_9s_9s_18s_19_4_1_DSP48_0_U/m_reg_reg[18]_i_12_n_6
    SLICE_X32Y63         LUT3 (Prop_lut3_I0_O)        0.306     6.297 r  bd_0_i/hls_inst/inst/mac_muladd_9s_9s_18s_19_4_1_U57/match_template_mac_muladd_9s_9s_18s_19_4_1_DSP48_0_U/m_reg[15]_i_3/O
                         net (fo=1, routed)           0.641     6.938    bd_0_i/hls_inst/inst/mac_muladd_9s_9s_18s_19_4_1_U57/match_template_mac_muladd_9s_9s_18s_19_4_1_DSP48_0_U/m_reg[15]_i_3_n_0
    SLICE_X27Y63         CARRY4 (Prop_carry4_DI[2]_CO[3])
                                                      0.398     7.336 r  bd_0_i/hls_inst/inst/mac_muladd_9s_9s_18s_19_4_1_U57/match_template_mac_muladd_9s_9s_18s_19_4_1_DSP48_0_U/m_reg_reg[15]_i_1/CO[3]
                         net (fo=1, routed)           0.000     7.336    bd_0_i/hls_inst/inst/mac_muladd_9s_9s_18s_19_4_1_U57/match_template_mac_muladd_9s_9s_18s_19_4_1_DSP48_0_U/m_reg_reg[15]_i_1_n_0
    SLICE_X27Y64         CARRY4 (Prop_carry4_CI_O[1])
                                                      0.334     7.670 r  bd_0_i/hls_inst/inst/mac_muladd_9s_9s_18s_19_4_1_U57/match_template_mac_muladd_9s_9s_18s_19_4_1_DSP48_0_U/m_reg_reg[18]_i_1/O[1]
                         net (fo=1, routed)           0.000     7.670    bd_0_i/hls_inst/inst/mac_muladd_9s_9s_18s_19_4_1_U57/match_template_mac_muladd_9s_9s_18s_19_4_1_DSP48_0_U/m_reg_reg[18]_i_1_n_6
    SLICE_X27Y64         FDRE                                         r  bd_0_i/hls_inst/inst/mac_muladd_9s_9s_18s_19_4_1_U57/match_template_mac_muladd_9s_9s_18s_19_4_1_DSP48_0_U/m_reg_reg[17]/D
  -------------------------------------------------------------------    -------------------

                         (clock ap_clk rise edge)     3.300     3.300 r  
                                                      0.000     3.300 r  ap_clk (IN)
                         net (fo=3510, unset)         0.924     4.224    bd_0_i/hls_inst/inst/mac_muladd_9s_9s_18s_19_4_1_U57/match_template_mac_muladd_9s_9s_18s_19_4_1_DSP48_0_U/ap_clk
    SLICE_X27Y64         FDRE                                         r  bd_0_i/hls_inst/inst/mac_muladd_9s_9s_18s_19_4_1_U57/match_template_mac_muladd_9s_9s_18s_19_4_1_DSP48_0_U/m_reg_reg[17]/C
                         clock pessimism              0.000     4.224    
                         clock uncertainty           -0.035     4.189    
    SLICE_X27Y64         FDRE (Setup_fdre_C_D)        0.062     4.251    bd_0_i/hls_inst/inst/mac_muladd_9s_9s_18s_19_4_1_U57/match_template_mac_muladd_9s_9s_18s_19_4_1_DSP48_0_U/m_reg_reg[17]
  -------------------------------------------------------------------
                         required time                          4.251    
                         arrival time                          -7.670    
  -------------------------------------------------------------------
                         slack                                 -3.419    

Slack (VIOLATED) :        -3.407ns  (required time - arrival time)
  Source:                 bd_0_i/hls_inst/inst/mac_muladd_9s_9s_18s_19_4_1_U71/match_template_mac_muladd_9s_9s_18s_19_4_1_DSP48_0_U/p_reg_reg[-1111111107]__0/C
                            (rising edge-triggered cell FDRE clocked by ap_clk  {rise@0.000ns fall@1.650ns period=3.300ns})
  Destination:            bd_0_i/hls_inst/inst/mac_muladd_9s_9s_18s_19_4_1_U71/match_template_mac_muladd_9s_9s_18s_19_4_1_DSP48_0_U/m_reg_reg[16]/D
                            (rising edge-triggered cell FDRE clocked by ap_clk  {rise@0.000ns fall@1.650ns period=3.300ns})
  Path Group:             ap_clk
  Path Type:              Setup (Max at Slow Process Corner)
  Requirement:            3.300ns  (ap_clk rise@3.300ns - ap_clk rise@0.000ns)
  Data Path Delay:        6.685ns  (logic 3.575ns (53.476%)  route 3.110ns (46.524%))
  Logic Levels:           10  (CARRY4=6 LUT2=1 LUT3=2 LUT6=1)
  Clock Path Skew:        -0.049ns (DCD - SCD + CPR)
    Destination Clock Delay (DCD):    0.924ns = ( 4.224 - 3.300 ) 
    Source Clock Delay      (SCD):    0.973ns
    Clock Pessimism Removal (CPR):    0.000ns
  Clock Uncertainty:      0.035ns  ((TSJ^2 + TIJ^2)^1/2 + DJ) / 2 + PE
    Total System Jitter     (TSJ):    0.071ns
    Total Input Jitter      (TIJ):    0.000ns
    Discrete Jitter          (DJ):    0.000ns
    Phase Error              (PE):    0.000ns

    Location             Delay type                Incr(ns)  Path(ns)    Netlist Resource(s)
  -------------------------------------------------------------------    -------------------
                         (clock ap_clk rise edge)     0.000     0.000 r  
                                                      0.000     0.000 r  ap_clk (IN)
                         net (fo=3510, unset)         0.973     0.973    bd_0_i/hls_inst/inst/mac_muladd_9s_9s_18s_19_4_1_U71/match_template_mac_muladd_9s_9s_18s_19_4_1_DSP48_0_U/ap_clk
    SLICE_X17Y61         FDRE                                         r  bd_0_i/hls_inst/inst/mac_muladd_9s_9s_18s_19_4_1_U71/match_template_mac_muladd_9s_9s_18s_19_4_1_DSP48_0_U/p_reg_reg[-1111111107]__0/C
  -------------------------------------------------------------------    -------------------
    SLICE_X17Y61         FDRE (Prop_fdre_C_Q)         0.456     1.429 f  bd_0_i/hls_inst/inst/mac_muladd_9s_9s_18s_19_4_1_U71/match_template_mac_muladd_9s_9s_18s_19_4_1_DSP48_0_U/p_reg_reg[-1111111107]__0/Q
                         net (fo=32, routed)          0.745     2.174    bd_0_i/hls_inst/inst/mac_muladd_9s_9s_18s_19_4_1_U71/match_template_mac_muladd_9s_9s_18s_19_4_1_DSP48_0_U/p_reg_reg[4]
    SLICE_X17Y60         LUT2 (Prop_lut2_I0_O)        0.153     2.327 r  bd_0_i/hls_inst/inst/mac_muladd_9s_9s_18s_19_4_1_U71/match_template_mac_muladd_9s_9s_18s_19_4_1_DSP48_0_U/m_reg[11]_i_34/O
                         net (fo=1, routed)           0.587     2.914    bd_0_i/hls_inst/inst/mac_muladd_9s_9s_18s_19_4_1_U71/match_template_mac_muladd_9s_9s_18s_19_4_1_DSP48_0_U/m_reg[11]_i_34_n_0
    SLICE_X16Y60         LUT6 (Prop_lut6_I3_O)        0.327     3.241 r  bd_0_i/hls_inst/inst/mac_muladd_9s_9s_18s_19_4_1_U71/match_template_mac_muladd_9s_9s_18s_19_4_1_DSP48_0_U/m_reg[11]_i_30__10/O
                         net (fo=1, routed)           0.000     3.241    bd_0_i/hls_inst/inst/mac_muladd_9s_9s_18s_19_4_1_U71/match_template_mac_muladd_9s_9s_18s_19_4_1_DSP48_0_U/m_reg[11]_i_30__10_n_0
    SLICE_X16Y60         CARRY4 (Prop_carry4_S[2]_CO[3])
                                                      0.398     3.639 r  bd_0_i/hls_inst/inst/mac_muladd_9s_9s_18s_19_4_1_U71/match_template_mac_muladd_9s_9s_18s_19_4_1_DSP48_0_U/m_reg_reg[11]_i_13/CO[3]
                         net (fo=1, routed)           0.000     3.639    bd_0_i/hls_inst/inst/mac_muladd_9s_9s_18s_19_4_1_U71/match_template_mac_muladd_9s_9s_18s_19_4_1_DSP48_0_U/m_reg_reg[11]_i_13_n_0
    SLICE_X16Y61         CARRY4 (Prop_carry4_CI_O[1])
                                                      0.334     3.973 r  bd_0_i/hls_inst/inst/mac_muladd_9s_9s_18s_19_4_1_U71/match_template_mac_muladd_9s_9s_18s_19_4_1_DSP48_0_U/m_reg_reg[15]_i_13/O[1]
                         net (fo=2, routed)           0.674     4.647    bd_0_i/hls_inst/inst/mac_muladd_9s_9s_18s_19_4_1_U71/match_template_mac_muladd_9s_9s_18s_19_4_1_DSP48_0_U/m_reg_reg[15]_i_13_n_6
    SLICE_X16Y56         LUT3 (Prop_lut3_I2_O)        0.303     4.950 r  bd_0_i/hls_inst/inst/mac_muladd_9s_9s_18s_19_4_1_U71/match_template_mac_muladd_9s_9s_18s_19_4_1_DSP48_0_U/m_reg[15]_i_17/O
                         net (fo=1, routed)           0.000     4.950    bd_0_i/hls_inst/inst/mac_muladd_9s_9s_18s_19_4_1_U71/match_template_mac_muladd_9s_9s_18s_19_4_1_DSP48_0_U/m_reg[15]_i_17_n_0
    SLICE_X16Y56         CARRY4 (Prop_carry4_S[1]_O[2])
                                                      0.580     5.530 r  bd_0_i/hls_inst/inst/mac_muladd_9s_9s_18s_19_4_1_U71/match_template_mac_muladd_9s_9s_18s_19_4_1_DSP48_0_U/m_reg_reg[15]_i_10/O[2]
                         net (fo=3, routed)           0.620     6.150    bd_0_i/hls_inst/inst/mac_muladd_9s_9s_18s_19_4_1_U71/match_template_mac_muladd_9s_9s_18s_19_4_1_DSP48_0_U/m_reg_reg[15]_i_10_n_5
    SLICE_X14Y56         LUT3 (Prop_lut3_I0_O)        0.302     6.452 r  bd_0_i/hls_inst/inst/mac_muladd_9s_9s_18s_19_4_1_U71/match_template_mac_muladd_9s_9s_18s_19_4_1_DSP48_0_U/m_reg[11]_i_2/O
                         net (fo=1, routed)           0.484     6.936    bd_0_i/hls_inst/inst/mac_muladd_9s_9s_18s_19_4_1_U71/match_template_mac_muladd_9s_9s_18s_19_4_1_DSP48_0_U/m_reg[11]_i_2_n_0
    SLICE_X17Y56         CARRY4 (Prop_carry4_DI[3]_CO[3])
                                                      0.385     7.321 r  bd_0_i/hls_inst/inst/mac_muladd_9s_9s_18s_19_4_1_U71/match_template_mac_muladd_9s_9s_18s_19_4_1_DSP48_0_U/m_reg_reg[11]_i_1/CO[3]
                         net (fo=1, routed)           0.000     7.321    bd_0_i/hls_inst/inst/mac_muladd_9s_9s_18s_19_4_1_U71/match_template_mac_muladd_9s_9s_18s_19_4_1_DSP48_0_U/m_reg_reg[11]_i_1_n_0
    SLICE_X17Y57         CARRY4 (Prop_carry4_CI_CO[3])
                                                      0.114     7.435 r  bd_0_i/hls_inst/inst/mac_muladd_9s_9s_18s_19_4_1_U71/match_template_mac_muladd_9s_9s_18s_19_4_1_DSP48_0_U/m_reg_reg[15]_i_1/CO[3]
                         net (fo=1, routed)           0.000     7.435    bd_0_i/hls_inst/inst/mac_muladd_9s_9s_18s_19_4_1_U71/match_template_mac_muladd_9s_9s_18s_19_4_1_DSP48_0_U/m_reg_reg[15]_i_1_n_0
    SLICE_X17Y58         CARRY4 (Prop_carry4_CI_O[0])
                                                      0.223     7.658 r  bd_0_i/hls_inst/inst/mac_muladd_9s_9s_18s_19_4_1_U71/match_template_mac_muladd_9s_9s_18s_19_4_1_DSP48_0_U/m_reg_reg[18]_i_1/O[0]
                         net (fo=1, routed)           0.000     7.658    bd_0_i/hls_inst/inst/mac_muladd_9s_9s_18s_19_4_1_U71/match_template_mac_muladd_9s_9s_18s_19_4_1_DSP48_0_U/m_reg_reg[18]_i_1_n_7
    SLICE_X17Y58         FDRE                                         r  bd_0_i/hls_inst/inst/mac_muladd_9s_9s_18s_19_4_1_U71/match_template_mac_muladd_9s_9s_18s_19_4_1_DSP48_0_U/m_reg_reg[16]/D
  -------------------------------------------------------------------    -------------------

                         (clock ap_clk rise edge)     3.300     3.300 r  
                                                      0.000     3.300 r  ap_clk (IN)
                         net (fo=3510, unset)         0.924     4.224    bd_0_i/hls_inst/inst/mac_muladd_9s_9s_18s_19_4_1_U71/match_template_mac_muladd_9s_9s_18s_19_4_1_DSP48_0_U/ap_clk
    SLICE_X17Y58         FDRE                                         r  bd_0_i/hls_inst/inst/mac_muladd_9s_9s_18s_19_4_1_U71/match_template_mac_muladd_9s_9s_18s_19_4_1_DSP48_0_U/m_reg_reg[16]/C
                         clock pessimism              0.000     4.224    
                         clock uncertainty           -0.035     4.189    
    SLICE_X17Y58         FDRE (Setup_fdre_C_D)        0.062     4.251    bd_0_i/hls_inst/inst/mac_muladd_9s_9s_18s_19_4_1_U71/match_template_mac_muladd_9s_9s_18s_19_4_1_DSP48_0_U/m_reg_reg[16]
  -------------------------------------------------------------------
                         required time                          4.251    
                         arrival time                          -7.658    
  -------------------------------------------------------------------
                         slack                                 -3.407    

Slack (VIOLATED) :        -3.405ns  (required time - arrival time)
  Source:                 bd_0_i/hls_inst/inst/mac_muladd_9s_9s_18s_19_4_1_U75/match_template_mac_muladd_9s_9s_18s_19_4_1_DSP48_0_U/p_reg_reg[-1111111106]__0/C
                            (rising edge-triggered cell FDRE clocked by ap_clk  {rise@0.000ns fall@1.650ns period=3.300ns})
  Destination:            bd_0_i/hls_inst/inst/mac_muladd_9s_9s_18s_19_4_1_U75/match_template_mac_muladd_9s_9s_18s_19_4_1_DSP48_0_U/m_reg_reg[17]/D
                            (rising edge-triggered cell FDRE clocked by ap_clk  {rise@0.000ns fall@1.650ns period=3.300ns})
  Path Group:             ap_clk
  Path Type:              Setup (Max at Slow Process Corner)
  Requirement:            3.300ns  (ap_clk rise@3.300ns - ap_clk rise@0.000ns)
  Data Path Delay:        6.683ns  (logic 3.355ns (50.201%)  route 3.328ns (49.799%))
  Logic Levels:           9  (CARRY4=5 LUT3=1 LUT4=1 LUT6=2)
  Clock Path Skew:        -0.049ns (DCD - SCD + CPR)
    Destination Clock Delay (DCD):    0.924ns = ( 4.224 - 3.300 ) 
    Source Clock Delay      (SCD):    0.973ns
    Clock Pessimism Removal (CPR):    0.000ns
  Clock Uncertainty:      0.035ns  ((TSJ^2 + TIJ^2)^1/2 + DJ) / 2 + PE
    Total System Jitter     (TSJ):    0.071ns
    Total Input Jitter      (TIJ):    0.000ns
    Discrete Jitter          (DJ):    0.000ns
    Phase Error              (PE):    0.000ns

    Location             Delay type                Incr(ns)  Path(ns)    Netlist Resource(s)
  -------------------------------------------------------------------    -------------------
                         (clock ap_clk rise edge)     0.000     0.000 r  
                                                      0.000     0.000 r  ap_clk (IN)
                         net (fo=3510, unset)         0.973     0.973    bd_0_i/hls_inst/inst/mac_muladd_9s_9s_18s_19_4_1_U75/match_template_mac_muladd_9s_9s_18s_19_4_1_DSP48_0_U/ap_clk
    SLICE_X16Y39         FDRE                                         r  bd_0_i/hls_inst/inst/mac_muladd_9s_9s_18s_19_4_1_U75/match_template_mac_muladd_9s_9s_18s_19_4_1_DSP48_0_U/p_reg_reg[-1111111106]__0/C
  -------------------------------------------------------------------    -------------------
    SLICE_X16Y39         FDRE (Prop_fdre_C_Q)         0.456     1.429 r  bd_0_i/hls_inst/inst/mac_muladd_9s_9s_18s_19_4_1_U75/match_template_mac_muladd_9s_9s_18s_19_4_1_DSP48_0_U/p_reg_reg[-1111111106]__0/Q
                         net (fo=29, routed)          1.054     2.483    bd_0_i/hls_inst/inst/mac_muladd_9s_9s_18s_19_4_1_U75/match_template_mac_muladd_9s_9s_18s_19_4_1_DSP48_0_U/p_reg_reg[5]
    SLICE_X22Y39         LUT6 (Prop_lut6_I1_O)        0.124     2.607 r  bd_0_i/hls_inst/inst/mac_muladd_9s_9s_18s_19_4_1_U75/match_template_mac_muladd_9s_9s_18s_19_4_1_DSP48_0_U/m_reg[15]_i_36/O
                         net (fo=2, routed)           0.423     3.030    bd_0_i/hls_inst/inst/mac_muladd_9s_9s_18s_19_4_1_U75/match_template_mac_muladd_9s_9s_18s_19_4_1_DSP48_0_U/m_reg[15]_i_36_n_0
    SLICE_X20Y39         LUT6 (Prop_lut6_I0_O)        0.124     3.154 r  bd_0_i/hls_inst/inst/mac_muladd_9s_9s_18s_19_4_1_U75/match_template_mac_muladd_9s_9s_18s_19_4_1_DSP48_0_U/m_reg[15]_i_40__12/O
                         net (fo=1, routed)           0.000     3.154    bd_0_i/hls_inst/inst/mac_muladd_9s_9s_18s_19_4_1_U75/match_template_mac_muladd_9s_9s_18s_19_4_1_DSP48_0_U/m_reg[15]_i_40__12_n_0
    SLICE_X20Y39         CARRY4 (Prop_carry4_S[0]_CO[3])
                                                      0.532     3.686 r  bd_0_i/hls_inst/inst/mac_muladd_9s_9s_18s_19_4_1_U75/match_template_mac_muladd_9s_9s_18s_19_4_1_DSP48_0_U/m_reg_reg[15]_i_13/CO[3]
                         net (fo=1, routed)           0.000     3.686    bd_0_i/hls_inst/inst/mac_muladd_9s_9s_18s_19_4_1_U75/match_template_mac_muladd_9s_9s_18s_19_4_1_DSP48_0_U/m_reg_reg[15]_i_13_n_0
    SLICE_X20Y40         CARRY4 (Prop_carry4_CI_O[0])
                                                      0.222     3.908 r  bd_0_i/hls_inst/inst/mac_muladd_9s_9s_18s_19_4_1_U75/match_template_mac_muladd_9s_9s_18s_19_4_1_DSP48_0_U/m_reg_reg[18]_i_47/O[0]
                         net (fo=3, routed)           0.752     4.660    bd_0_i/hls_inst/inst/mac_muladd_9s_9s_18s_19_4_1_U75/match_template_mac_muladd_9s_9s_18s_19_4_1_DSP48_0_U/m_reg_reg[18]_i_47_n_7
    SLICE_X18Y38         LUT4 (Prop_lut4_I1_O)        0.299     4.959 r  bd_0_i/hls_inst/inst/mac_muladd_9s_9s_18s_19_4_1_U75/match_template_mac_muladd_9s_9s_18s_19_4_1_DSP48_0_U/m_reg[18]_i_32/O
                         net (fo=1, routed)           0.000     4.959    bd_0_i/hls_inst/inst/mac_muladd_9s_9s_18s_19_4_1_U75/match_template_mac_muladd_9s_9s_18s_19_4_1_DSP48_0_U/m_reg[18]_i_32_n_0
    SLICE_X18Y38         CARRY4 (Prop_carry4_S[1]_O[2])
                                                      0.578     5.537 r  bd_0_i/hls_inst/inst/mac_muladd_9s_9s_18s_19_4_1_U75/match_template_mac_muladd_9s_9s_18s_19_4_1_DSP48_0_U/m_reg_reg[18]_i_12/O[2]
                         net (fo=3, routed)           0.464     6.001    bd_0_i/hls_inst/inst/mac_muladd_9s_9s_18s_19_4_1_U75/match_template_mac_muladd_9s_9s_18s_19_4_1_DSP48_0_U/m_reg_reg[18]_i_12_n_5
    SLICE_X21Y39         LUT3 (Prop_lut3_I0_O)        0.301     6.302 r  bd_0_i/hls_inst/inst/mac_muladd_9s_9s_18s_19_4_1_U75/match_template_mac_muladd_9s_9s_18s_19_4_1_DSP48_0_U/m_reg[15]_i_2/O
                         net (fo=1, routed)           0.635     6.937    bd_0_i/hls_inst/inst/mac_muladd_9s_9s_18s_19_4_1_U75/match_template_mac_muladd_9s_9s_18s_19_4_1_DSP48_0_U/m_reg[15]_i_2_n_0
    SLICE_X17Y40         CARRY4 (Prop_carry4_DI[3]_CO[3])
                                                      0.385     7.322 r  bd_0_i/hls_inst/inst/mac_muladd_9s_9s_18s_19_4_1_U75/match_template_mac_muladd_9s_9s_18s_19_4_1_DSP48_0_U/m_reg_reg[15]_i_1/CO[3]
                         net (fo=1, routed)           0.000     7.322    bd_0_i/hls_inst/inst/mac_muladd_9s_9s_18s_19_4_1_U75/match_template_mac_muladd_9s_9s_18s_19_4_1_DSP48_0_U/m_reg_reg[15]_i_1_n_0
    SLICE_X17Y41         CARRY4 (Prop_carry4_CI_O[1])
                                                      0.334     7.656 r  bd_0_i/hls_inst/inst/mac_muladd_9s_9s_18s_19_4_1_U75/match_template_mac_muladd_9s_9s_18s_19_4_1_DSP48_0_U/m_reg_reg[18]_i_1/O[1]
                         net (fo=1, routed)           0.000     7.656    bd_0_i/hls_inst/inst/mac_muladd_9s_9s_18s_19_4_1_U75/match_template_mac_muladd_9s_9s_18s_19_4_1_DSP48_0_U/m_reg_reg[18]_i_1_n_6
    SLICE_X17Y41         FDRE                                         r  bd_0_i/hls_inst/inst/mac_muladd_9s_9s_18s_19_4_1_U75/match_template_mac_muladd_9s_9s_18s_19_4_1_DSP48_0_U/m_reg_reg[17]/D
  -------------------------------------------------------------------    -------------------

                         (clock ap_clk rise edge)     3.300     3.300 r  
                                                      0.000     3.300 r  ap_clk (IN)
                         net (fo=3510, unset)         0.924     4.224    bd_0_i/hls_inst/inst/mac_muladd_9s_9s_18s_19_4_1_U75/match_template_mac_muladd_9s_9s_18s_19_4_1_DSP48_0_U/ap_clk
    SLICE_X17Y41         FDRE                                         r  bd_0_i/hls_inst/inst/mac_muladd_9s_9s_18s_19_4_1_U75/match_template_mac_muladd_9s_9s_18s_19_4_1_DSP48_0_U/m_reg_reg[17]/C
                         clock pessimism              0.000     4.224    
                         clock uncertainty           -0.035     4.189    
    SLICE_X17Y41         FDRE (Setup_fdre_C_D)        0.062     4.251    bd_0_i/hls_inst/inst/mac_muladd_9s_9s_18s_19_4_1_U75/match_template_mac_muladd_9s_9s_18s_19_4_1_DSP48_0_U/m_reg_reg[17]
  -------------------------------------------------------------------
                         required time                          4.251    
                         arrival time                          -7.656    
  -------------------------------------------------------------------
                         slack                                 -3.405    

Slack (VIOLATED) :        -3.404ns  (required time - arrival time)
  Source:                 bd_0_i/hls_inst/inst/mac_muladd_9s_9s_18s_19_4_1_U71/match_template_mac_muladd_9s_9s_18s_19_4_1_DSP48_0_U/p_reg_reg[-1111111107]__0/C
                            (rising edge-triggered cell FDRE clocked by ap_clk  {rise@0.000ns fall@1.650ns period=3.300ns})
  Destination:            bd_0_i/hls_inst/inst/mac_muladd_9s_9s_18s_19_4_1_U71/match_template_mac_muladd_9s_9s_18s_19_4_1_DSP48_0_U/m_reg_reg[13]/D
                            (rising edge-triggered cell FDRE clocked by ap_clk  {rise@0.000ns fall@1.650ns period=3.300ns})
  Path Group:             ap_clk
  Path Type:              Setup (Max at Slow Process Corner)
  Requirement:            3.300ns  (ap_clk rise@3.300ns - ap_clk rise@0.000ns)
  Data Path Delay:        6.682ns  (logic 3.572ns (53.455%)  route 3.110ns (46.545%))
  Logic Levels:           9  (CARRY4=5 LUT2=1 LUT3=2 LUT6=1)
  Clock Path Skew:        -0.049ns (DCD - SCD + CPR)
    Destination Clock Delay (DCD):    0.924ns = ( 4.224 - 3.300 ) 
    Source Clock Delay      (SCD):    0.973ns
    Clock Pessimism Removal (CPR):    0.000ns
  Clock Uncertainty:      0.035ns  ((TSJ^2 + TIJ^2)^1/2 + DJ) / 2 + PE
    Total System Jitter     (TSJ):    0.071ns
    Total Input Jitter      (TIJ):    0.000ns
    Discrete Jitter          (DJ):    0.000ns
    Phase Error              (PE):    0.000ns

    Location             Delay type                Incr(ns)  Path(ns)    Netlist Resource(s)
  -------------------------------------------------------------------    -------------------
                         (clock ap_clk rise edge)     0.000     0.000 r  
                                                      0.000     0.000 r  ap_clk (IN)
                         net (fo=3510, unset)         0.973     0.973    bd_0_i/hls_inst/inst/mac_muladd_9s_9s_18s_19_4_1_U71/match_template_mac_muladd_9s_9s_18s_19_4_1_DSP48_0_U/ap_clk
    SLICE_X17Y61         FDRE                                         r  bd_0_i/hls_inst/inst/mac_muladd_9s_9s_18s_19_4_1_U71/match_template_mac_muladd_9s_9s_18s_19_4_1_DSP48_0_U/p_reg_reg[-1111111107]__0/C
  -------------------------------------------------------------------    -------------------
    SLICE_X17Y61         FDRE (Prop_fdre_C_Q)         0.456     1.429 f  bd_0_i/hls_inst/inst/mac_muladd_9s_9s_18s_19_4_1_U71/match_template_mac_muladd_9s_9s_18s_19_4_1_DSP48_0_U/p_reg_reg[-1111111107]__0/Q
                         net (fo=32, routed)          0.745     2.174    bd_0_i/hls_inst/inst/mac_muladd_9s_9s_18s_19_4_1_U71/match_template_mac_muladd_9s_9s_18s_19_4_1_DSP48_0_U/p_reg_reg[4]
    SLICE_X17Y60         LUT2 (Prop_lut2_I0_O)        0.153     2.327 r  bd_0_i/hls_inst/inst/mac_muladd_9s_9s_18s_19_4_1_U71/match_template_mac_muladd_9s_9s_18s_19_4_1_DSP48_0_U/m_reg[11]_i_34/O
                         net (fo=1, routed)           0.587     2.914    bd_0_i/hls_inst/inst/mac_muladd_9s_9s_18s_19_4_1_U71/match_template_mac_muladd_9s_9s_18s_19_4_1_DSP48_0_U/m_reg[11]_i_34_n_0
    SLICE_X16Y60         LUT6 (Prop_lut6_I3_O)        0.327     3.241 r  bd_0_i/hls_inst/inst/mac_muladd_9s_9s_18s_19_4_1_U71/match_template_mac_muladd_9s_9s_18s_19_4_1_DSP48_0_U/m_reg[11]_i_30__10/O
                         net (fo=1, routed)           0.000     3.241    bd_0_i/hls_inst/inst/mac_muladd_9s_9s_18s_19_4_1_U71/match_template_mac_muladd_9s_9s_18s_19_4_1_DSP48_0_U/m_reg[11]_i_30__10_n_0
    SLICE_X16Y60         CARRY4 (Prop_carry4_S[2]_CO[3])
                                                      0.398     3.639 r  bd_0_i/hls_inst/inst/mac_muladd_9s_9s_18s_19_4_1_U71/match_template_mac_muladd_9s_9s_18s_19_4_1_DSP48_0_U/m_reg_reg[11]_i_13/CO[3]
                         net (fo=1, routed)           0.000     3.639    bd_0_i/hls_inst/inst/mac_muladd_9s_9s_18s_19_4_1_U71/match_template_mac_muladd_9s_9s_18s_19_4_1_DSP48_0_U/m_reg_reg[11]_i_13_n_0
    SLICE_X16Y61         CARRY4 (Prop_carry4_CI_O[1])
                                                      0.334     3.973 r  bd_0_i/hls_inst/inst/mac_muladd_9s_9s_18s_19_4_1_U71/match_template_mac_muladd_9s_9s_18s_19_4_1_DSP48_0_U/m_reg_reg[15]_i_13/O[1]
                         net (fo=2, routed)           0.674     4.647    bd_0_i/hls_inst/inst/mac_muladd_9s_9s_18s_19_4_1_U71/match_template_mac_muladd_9s_9s_18s_19_4_1_DSP48_0_U/m_reg_reg[15]_i_13_n_6
    SLICE_X16Y56         LUT3 (Prop_lut3_I2_O)        0.303     4.950 r  bd_0_i/hls_inst/inst/mac_muladd_9s_9s_18s_19_4_1_U71/match_template_mac_muladd_9s_9s_18s_19_4_1_DSP48_0_U/m_reg[15]_i_17/O
                         net (fo=1, routed)           0.000     4.950    bd_0_i/hls_inst/inst/mac_muladd_9s_9s_18s_19_4_1_U71/match_template_mac_muladd_9s_9s_18s_19_4_1_DSP48_0_U/m_reg[15]_i_17_n_0
    SLICE_X16Y56         CARRY4 (Prop_carry4_S[1]_O[2])
                                                      0.580     5.530 r  bd_0_i/hls_inst/inst/mac_muladd_9s_9s_18s_19_4_1_U71/match_template_mac_muladd_9s_9s_18s_19_4_1_DSP48_0_U/m_reg_reg[15]_i_10/O[2]
                         net (fo=3, routed)           0.620     6.150    bd_0_i/hls_inst/inst/mac_muladd_9s_9s_18s_19_4_1_U71/match_template_mac_muladd_9s_9s_18s_19_4_1_DSP48_0_U/m_reg_reg[15]_i_10_n_5
    SLICE_X14Y56         LUT3 (Prop_lut3_I0_O)        0.302     6.452 r  bd_0_i/hls_inst/inst/mac_muladd_9s_9s_18s_19_4_1_U71/match_template_mac_muladd_9s_9s_18s_19_4_1_DSP48_0_U/m_reg[11]_i_2/O
                         net (fo=1, routed)           0.484     6.936    bd_0_i/hls_inst/inst/mac_muladd_9s_9s_18s_19_4_1_U71/match_template_mac_muladd_9s_9s_18s_19_4_1_DSP48_0_U/m_reg[11]_i_2_n_0
    SLICE_X17Y56         CARRY4 (Prop_carry4_DI[3]_CO[3])
                                                      0.385     7.321 r  bd_0_i/hls_inst/inst/mac_muladd_9s_9s_18s_19_4_1_U71/match_template_mac_muladd_9s_9s_18s_19_4_1_DSP48_0_U/m_reg_reg[11]_i_1/CO[3]
                         net (fo=1, routed)           0.000     7.321    bd_0_i/hls_inst/inst/mac_muladd_9s_9s_18s_19_4_1_U71/match_template_mac_muladd_9s_9s_18s_19_4_1_DSP48_0_U/m_reg_reg[11]_i_1_n_0
    SLICE_X17Y57         CARRY4 (Prop_carry4_CI_O[1])
                                                      0.334     7.655 r  bd_0_i/hls_inst/inst/mac_muladd_9s_9s_18s_19_4_1_U71/match_template_mac_muladd_9s_9s_18s_19_4_1_DSP48_0_U/m_reg_reg[15]_i_1/O[1]
                         net (fo=1, routed)           0.000     7.655    bd_0_i/hls_inst/inst/mac_muladd_9s_9s_18s_19_4_1_U71/match_template_mac_muladd_9s_9s_18s_19_4_1_DSP48_0_U/m_reg_reg[15]_i_1_n_6
    SLICE_X17Y57         FDRE                                         r  bd_0_i/hls_inst/inst/mac_muladd_9s_9s_18s_19_4_1_U71/match_template_mac_muladd_9s_9s_18s_19_4_1_DSP48_0_U/m_reg_reg[13]/D
  -------------------------------------------------------------------    -------------------

                         (clock ap_clk rise edge)     3.300     3.300 r  
                                                      0.000     3.300 r  ap_clk (IN)
                         net (fo=3510, unset)         0.924     4.224    bd_0_i/hls_inst/inst/mac_muladd_9s_9s_18s_19_4_1_U71/match_template_mac_muladd_9s_9s_18s_19_4_1_DSP48_0_U/ap_clk
    SLICE_X17Y57         FDRE                                         r  bd_0_i/hls_inst/inst/mac_muladd_9s_9s_18s_19_4_1_U71/match_template_mac_muladd_9s_9s_18s_19_4_1_DSP48_0_U/m_reg_reg[13]/C
                         clock pessimism              0.000     4.224    
                         clock uncertainty           -0.035     4.189    
    SLICE_X17Y57         FDRE (Setup_fdre_C_D)        0.062     4.251    bd_0_i/hls_inst/inst/mac_muladd_9s_9s_18s_19_4_1_U71/match_template_mac_muladd_9s_9s_18s_19_4_1_DSP48_0_U/m_reg_reg[13]
  -------------------------------------------------------------------
                         required time                          4.251    
                         arrival time                          -7.655    
  -------------------------------------------------------------------
                         slack                                 -3.404    

Slack (VIOLATED) :        -3.404ns  (required time - arrival time)
  Source:                 bd_0_i/hls_inst/inst/mac_muladd_9s_9s_18s_19_4_1_U45/match_template_mac_muladd_9s_9s_18s_19_4_1_DSP48_0_U/p_reg_reg[-1111111108]__0/C
                            (rising edge-triggered cell FDRE clocked by ap_clk  {rise@0.000ns fall@1.650ns period=3.300ns})
  Destination:            bd_0_i/hls_inst/inst/mac_muladd_9s_9s_18s_19_4_1_U45/match_template_mac_muladd_9s_9s_18s_19_4_1_DSP48_0_U/m_reg_reg[17]/D
                            (rising edge-triggered cell FDRE clocked by ap_clk  {rise@0.000ns fall@1.650ns period=3.300ns})
  Path Group:             ap_clk
  Path Type:              Setup (Max at Slow Process Corner)
  Requirement:            3.300ns  (ap_clk rise@3.300ns - ap_clk rise@0.000ns)
  Data Path Delay:        6.729ns  (logic 3.793ns (56.367%)  route 2.936ns (43.633%))
  Logic Levels:           10  (CARRY4=7 LUT3=2 LUT4=1)
  Clock Path Skew:        -0.049ns (DCD - SCD + CPR)
    Destination Clock Delay (DCD):    0.924ns = ( 4.224 - 3.300 ) 
    Source Clock Delay      (SCD):    0.973ns
    Clock Pessimism Removal (CPR):    0.000ns
  Clock Uncertainty:      0.035ns  ((TSJ^2 + TIJ^2)^1/2 + DJ) / 2 + PE
    Total System Jitter     (TSJ):    0.071ns
    Total Input Jitter      (TIJ):    0.000ns
    Discrete Jitter          (DJ):    0.000ns
    Phase Error              (PE):    0.000ns

    Location             Delay type                Incr(ns)  Path(ns)    Netlist Resource(s)
  -------------------------------------------------------------------    -------------------
                         (clock ap_clk rise edge)     0.000     0.000 r  
                                                      0.000     0.000 r  ap_clk (IN)
                         net (fo=3510, unset)         0.973     0.973    bd_0_i/hls_inst/inst/mac_muladd_9s_9s_18s_19_4_1_U45/match_template_mac_muladd_9s_9s_18s_19_4_1_DSP48_0_U/ap_clk
    SLICE_X24Y72         FDRE                                         r  bd_0_i/hls_inst/inst/mac_muladd_9s_9s_18s_19_4_1_U45/match_template_mac_muladd_9s_9s_18s_19_4_1_DSP48_0_U/p_reg_reg[-1111111108]__0/C
  -------------------------------------------------------------------    -------------------
    SLICE_X24Y72         FDRE (Prop_fdre_C_Q)         0.456     1.429 r  bd_0_i/hls_inst/inst/mac_muladd_9s_9s_18s_19_4_1_U45/match_template_mac_muladd_9s_9s_18s_19_4_1_DSP48_0_U/p_reg_reg[-1111111108]__0/Q
                         net (fo=33, routed)          0.901     2.330    bd_0_i/hls_inst/inst/mac_muladd_9s_9s_18s_19_4_1_U45/match_template_mac_muladd_9s_9s_18s_19_4_1_DSP48_0_U/p_reg_reg[3]
    SLICE_X25Y72         LUT3 (Prop_lut3_I0_O)        0.124     2.454 r  bd_0_i/hls_inst/inst/mac_muladd_9s_9s_18s_19_4_1_U45/match_template_mac_muladd_9s_9s_18s_19_4_1_DSP48_0_U/m_reg[7]_i_16/O
                         net (fo=1, routed)           0.000     2.454    bd_0_i/hls_inst/inst/mac_muladd_9s_9s_18s_19_4_1_U45/match_template_mac_muladd_9s_9s_18s_19_4_1_DSP48_0_U/m_reg[7]_i_16_n_0
    SLICE_X25Y72         CARRY4 (Prop_carry4_S[3]_CO[3])
                                                      0.401     2.855 r  bd_0_i/hls_inst/inst/mac_muladd_9s_9s_18s_19_4_1_U45/match_template_mac_muladd_9s_9s_18s_19_4_1_DSP48_0_U/m_reg_reg[7]_i_13/CO[3]
                         net (fo=1, routed)           0.000     2.855    bd_0_i/hls_inst/inst/mac_muladd_9s_9s_18s_19_4_1_U45/match_template_mac_muladd_9s_9s_18s_19_4_1_DSP48_0_U/m_reg_reg[7]_i_13_n_0
    SLICE_X25Y73         CARRY4 (Prop_carry4_CI_O[1])
                                                      0.334     3.189 r  bd_0_i/hls_inst/inst/mac_muladd_9s_9s_18s_19_4_1_U45/match_template_mac_muladd_9s_9s_18s_19_4_1_DSP48_0_U/m_reg_reg[11]_i_13/O[1]
                         net (fo=1, routed)           0.561     3.749    bd_0_i/hls_inst/inst/mac_muladd_9s_9s_18s_19_4_1_U45/match_template_mac_muladd_9s_9s_18s_19_4_1_DSP48_0_U/m_reg_reg[11]_i_13_n_6
    SLICE_X27Y73         CARRY4 (Prop_carry4_S[1]_O[2])
                                                      0.883     4.632 r  bd_0_i/hls_inst/inst/mac_muladd_9s_9s_18s_19_4_1_U45/match_template_mac_muladd_9s_9s_18s_19_4_1_DSP48_0_U/m_reg_reg[11]_i_10/O[2]
                         net (fo=2, routed)           0.786     5.419    bd_0_i/hls_inst/inst/mac_muladd_9s_9s_18s_19_4_1_U45/match_template_mac_muladd_9s_9s_18s_19_4_1_DSP48_0_U/m_reg_reg[11]_i_10_n_5
    SLICE_X28Y73         LUT3 (Prop_lut3_I0_O)        0.331     5.750 r  bd_0_i/hls_inst/inst/mac_muladd_9s_9s_18s_19_4_1_U45/match_template_mac_muladd_9s_9s_18s_19_4_1_DSP48_0_U/m_reg[7]_i_2/O
                         net (fo=2, routed)           0.679     6.429    bd_0_i/hls_inst/inst/mac_muladd_9s_9s_18s_19_4_1_U45/match_template_mac_muladd_9s_9s_18s_19_4_1_DSP48_0_U/m_reg[7]_i_2_n_0
    SLICE_X28Y73         LUT4 (Prop_lut4_I3_O)        0.331     6.760 r  bd_0_i/hls_inst/inst/mac_muladd_9s_9s_18s_19_4_1_U45/match_template_mac_muladd_9s_9s_18s_19_4_1_DSP48_0_U/m_reg[7]_i_6/O
                         net (fo=1, routed)           0.000     6.760    bd_0_i/hls_inst/inst/mac_muladd_9s_9s_18s_19_4_1_U45/match_template_mac_muladd_9s_9s_18s_19_4_1_DSP48_0_U/m_reg[7]_i_6_n_0
    SLICE_X28Y73         CARRY4 (Prop_carry4_S[3]_CO[3])
                                                      0.376     7.136 r  bd_0_i/hls_inst/inst/mac_muladd_9s_9s_18s_19_4_1_U45/match_template_mac_muladd_9s_9s_18s_19_4_1_DSP48_0_U/m_reg_reg[7]_i_1/CO[3]
                         net (fo=1, routed)           0.000     7.136    bd_0_i/hls_inst/inst/mac_muladd_9s_9s_18s_19_4_1_U45/match_template_mac_muladd_9s_9s_18s_19_4_1_DSP48_0_U/m_reg_reg[7]_i_1_n_0
    SLICE_X28Y74         CARRY4 (Prop_carry4_CI_CO[3])
                                                      0.117     7.253 r  bd_0_i/hls_inst/inst/mac_muladd_9s_9s_18s_19_4_1_U45/match_template_mac_muladd_9s_9s_18s_19_4_1_DSP48_0_U/m_reg_reg[11]_i_1/CO[3]
                         net (fo=1, routed)           0.009     7.262    bd_0_i/hls_inst/inst/mac_muladd_9s_9s_18s_19_4_1_U45/match_template_mac_muladd_9s_9s_18s_19_4_1_DSP48_0_U/m_reg_reg[11]_i_1_n_0
    SLICE_X28Y75         CARRY4 (Prop_carry4_CI_CO[3])
                                                      0.117     7.379 r  bd_0_i/hls_inst/inst/mac_muladd_9s_9s_18s_19_4_1_U45/match_template_mac_muladd_9s_9s_18s_19_4_1_DSP48_0_U/m_reg_reg[15]_i_1/CO[3]
                         net (fo=1, routed)           0.000     7.379    bd_0_i/hls_inst/inst/mac_muladd_9s_9s_18s_19_4_1_U45/match_template_mac_muladd_9s_9s_18s_19_4_1_DSP48_0_U/m_reg_reg[15]_i_1_n_0
    SLICE_X28Y76         CARRY4 (Prop_carry4_CI_O[1])
                                                      0.323     7.702 r  bd_0_i/hls_inst/inst/mac_muladd_9s_9s_18s_19_4_1_U45/match_template_mac_muladd_9s_9s_18s_19_4_1_DSP48_0_U/m_reg_reg[18]_i_1/O[1]
                         net (fo=1, routed)           0.000     7.702    bd_0_i/hls_inst/inst/mac_muladd_9s_9s_18s_19_4_1_U45/match_template_mac_muladd_9s_9s_18s_19_4_1_DSP48_0_U/m_reg_reg[18]_i_1_n_6
    SLICE_X28Y76         FDRE                                         r  bd_0_i/hls_inst/inst/mac_muladd_9s_9s_18s_19_4_1_U45/match_template_mac_muladd_9s_9s_18s_19_4_1_DSP48_0_U/m_reg_reg[17]/D
  -------------------------------------------------------------------    -------------------

                         (clock ap_clk rise edge)     3.300     3.300 r  
                                                      0.000     3.300 r  ap_clk (IN)
                         net (fo=3510, unset)         0.924     4.224    bd_0_i/hls_inst/inst/mac_muladd_9s_9s_18s_19_4_1_U45/match_template_mac_muladd_9s_9s_18s_19_4_1_DSP48_0_U/ap_clk
    SLICE_X28Y76         FDRE                                         r  bd_0_i/hls_inst/inst/mac_muladd_9s_9s_18s_19_4_1_U45/match_template_mac_muladd_9s_9s_18s_19_4_1_DSP48_0_U/m_reg_reg[17]/C
                         clock pessimism              0.000     4.224    
                         clock uncertainty           -0.035     4.189    
    SLICE_X28Y76         FDRE (Setup_fdre_C_D)        0.109     4.298    bd_0_i/hls_inst/inst/mac_muladd_9s_9s_18s_19_4_1_U45/match_template_mac_muladd_9s_9s_18s_19_4_1_DSP48_0_U/m_reg_reg[17]
  -------------------------------------------------------------------
                         required time                          4.298    
                         arrival time                          -7.702    
  -------------------------------------------------------------------
                         slack                                 -3.404    




